#-----------------------------------------------------------
# Vivado v2022.1 (64-bit)
# SW Build 3526262 on Mon Apr 18 15:47:01 MDT 2022
# IP Build 3524634 on Mon Apr 18 20:55:01 MDT 2022
# Start of session at: Wed Dec 14 11:26:41 2022
# Process ID: 640749
# Current directory: /home/builder/6205_Project
# Command line: vivado -mode batch -source build.tcl
# Log file: /home/builder/6205_Project/vivado.log
# Journal file: /home/builder/6205_Project/vivado.jou
# Running On: EECS-DIGITAL-28, OS: Linux, CPU Frequency: 3700.044 MHz, CPU Physical cores: 4, Host memory: 8225 MB
#-----------------------------------------------------------
source build.tcl
# set partNum xc7a100tcsg324-1
# set outputDir output_files
# set verbose 0
# if { $argc > 0 } {
# 	if { $argc == 1 && [string compare [ lindex $argv 0 ] "-d"] == 0 } {
# 		set verbose 1
# 	} else {
# 		puts "usage: $argv0 \[-d\]"
# 		exit 1
# 	}
# }
# file mkdir $outputDir
# set files [glob -nocomplain "$outputDir/*"]
# if {[llength $files] != 0} {
#     file delete -force {*}[glob -directory $outputDir *];
# }
# read_verilog -sv [ glob ./src/*.{sv,v,svh,vh} ]
# read_xdc ./xdc/top_level.xdc
# set_part $partNum
INFO: [Coretcl 2-1500] The part has been set to 'xc7a100tcsg324-1' for the current project only. Run set_part -help for more details. To evaluate different speed grades in the current design, use the set_speed_grade command, or use the open_checkpoint -part command to change the part used by an existing checkpoint design.
# synth_design -top top_level -part $partNum -verbose
Command: synth_design -top top_level -part xc7a100tcsg324-1 -verbose
Starting synth_design
Attempting to get a license for feature 'Synthesis' and/or device 'xc7a100t'
INFO: [Common 17-349] Got license for feature 'Synthesis' and/or device 'xc7a100t'
INFO: [Device 21-403] Loading part xc7a100tcsg324-1
INFO: [Synth 8-7079] Multithreading enabled for synth_design using a maximum of 4 processes.
INFO: [Synth 8-7078] Launching helper process for spawning children vivado processes
INFO: [Synth 8-7075] Helper process launched with PID 640769
---------------------------------------------------------------------------------
Starting RTL Elaboration : Time (s): cpu = 00:00:03 ; elapsed = 00:00:04 . Memory (MB): peak = 2606.023 ; gain = 0.000 ; free physical = 798 ; free virtual = 5769
---------------------------------------------------------------------------------
INFO: [Synth 8-6157] synthesizing module 'top_level' [/home/builder/6205_Project/src/top_level.sv:4]
INFO: [Synth 8-6157] synthesizing module 'clk_wiz_0_clk_wiz' [/home/builder/6205_Project/src/clk_wiz_0.v:69]
INFO: [Synth 8-6157] synthesizing module 'IBUF' [/opt/Xilinx/Vivado/2022.1/scripts/rt/data/unisim_comp.v:55203]
INFO: [Synth 8-6155] done synthesizing module 'IBUF' (0#1) [/opt/Xilinx/Vivado/2022.1/scripts/rt/data/unisim_comp.v:55203]
INFO: [Synth 8-6157] synthesizing module 'MMCME2_ADV' [/opt/Xilinx/Vivado/2022.1/scripts/rt/data/unisim_comp.v:63509]
	Parameter BANDWIDTH bound to: OPTIMIZED - type: string 
	Parameter CLKFBOUT_MULT_F bound to: 10.000000 - type: double 
	Parameter CLKFBOUT_PHASE bound to: 0.000000 - type: double 
	Parameter CLKFBOUT_USE_FINE_PS bound to: FALSE - type: string 
	Parameter CLKIN1_PERIOD bound to: 10.000000 - type: double 
	Parameter CLKOUT0_DIVIDE_F bound to: 20.000000 - type: double 
	Parameter CLKOUT0_DUTY_CYCLE bound to: 0.500000 - type: double 
	Parameter CLKOUT0_PHASE bound to: 0.000000 - type: double 
	Parameter CLKOUT0_USE_FINE_PS bound to: FALSE - type: string 
	Parameter CLKOUT1_DIVIDE bound to: 10 - type: integer 
	Parameter CLKOUT1_DUTY_CYCLE bound to: 0.500000 - type: double 
	Parameter CLKOUT1_PHASE bound to: 0.000000 - type: double 
	Parameter CLKOUT1_USE_FINE_PS bound to: FALSE - type: string 
	Parameter CLKOUT4_CASCADE bound to: FALSE - type: string 
	Parameter COMPENSATION bound to: ZHOLD - type: string 
	Parameter DIVCLK_DIVIDE bound to: 1 - type: integer 
	Parameter STARTUP_WAIT bound to: FALSE - type: string 
INFO: [Synth 8-6155] done synthesizing module 'MMCME2_ADV' (0#1) [/opt/Xilinx/Vivado/2022.1/scripts/rt/data/unisim_comp.v:63509]
INFO: [Synth 8-6157] synthesizing module 'BUFG' [/opt/Xilinx/Vivado/2022.1/scripts/rt/data/unisim_comp.v:1082]
INFO: [Synth 8-6155] done synthesizing module 'BUFG' (0#1) [/opt/Xilinx/Vivado/2022.1/scripts/rt/data/unisim_comp.v:1082]
INFO: [Synth 8-6155] done synthesizing module 'clk_wiz_0_clk_wiz' (0#1) [/home/builder/6205_Project/src/clk_wiz_0.v:69]
INFO: [Synth 8-6157] synthesizing module 'ether' [/home/builder/6205_Project/src/ether.sv:4]
INFO: [Synth 8-6155] done synthesizing module 'ether' (0#1) [/home/builder/6205_Project/src/ether.sv:4]
INFO: [Synth 8-6157] synthesizing module 'bitorder' [/home/builder/6205_Project/src/bitorder.sv:5]
INFO: [Synth 8-6155] done synthesizing module 'bitorder' (0#1) [/home/builder/6205_Project/src/bitorder.sv:5]
INFO: [Synth 8-6157] synthesizing module 'firewall' [/home/builder/6205_Project/src/firewall.sv:5]
INFO: [Synth 8-155] case statement is not full and has no default [/home/builder/6205_Project/src/firewall.sv:66]
INFO: [Synth 8-6155] done synthesizing module 'firewall' (0#1) [/home/builder/6205_Project/src/firewall.sv:5]
INFO: [Synth 8-6157] synthesizing module 'cksum' [/home/builder/6205_Project/src/fcs.sv:5]
INFO: [Synth 8-6157] synthesizing module 'crc32' [/home/builder/6205_Project/src/crc32.sv:22]
INFO: [Synth 8-6155] done synthesizing module 'crc32' (0#1) [/home/builder/6205_Project/src/crc32.sv:22]
INFO: [Synth 8-6155] done synthesizing module 'cksum' (0#1) [/home/builder/6205_Project/src/fcs.sv:5]
INFO: [Synth 8-6157] synthesizing module 'matrix_loader' [/home/builder/6205_Project/src/matrix_loader.sv:7]
	Parameter MAX_ELEMENT_SIZE bound to: 8 - type: integer 
	Parameter MAX_SIZE_A bound to: 32 - type: integer 
	Parameter MAX_SIZE_B bound to: 32 - type: integer 
INFO: [Synth 8-6157] synthesizing module 'xilinx_simple_dual_port_2_clock_ram' [/home/builder/6205_Project/src/xilinx_simple_dual_port_2_clock_ram.v:7]
	Parameter RAM_WIDTH bound to: 256 - type: integer 
	Parameter RAM_DEPTH bound to: 32 - type: integer 
	Parameter RAM_PERFORMANCE bound to: HIGH_PERFORMANCE - type: string 
	Parameter INIT_FILE bound to: (null) - type: string 
INFO: [Synth 8-6155] done synthesizing module 'xilinx_simple_dual_port_2_clock_ram' (0#1) [/home/builder/6205_Project/src/xilinx_simple_dual_port_2_clock_ram.v:7]
INFO: [Synth 8-6155] done synthesizing module 'matrix_loader' (0#1) [/home/builder/6205_Project/src/matrix_loader.sv:7]
INFO: [Synth 8-6157] synthesizing module 'dummy_alg' [/home/builder/6205_Project/src/dummy_alg.sv:4]
INFO: [Synth 8-6155] done synthesizing module 'dummy_alg' (0#1) [/home/builder/6205_Project/src/dummy_alg.sv:4]
INFO: [Synth 8-6157] synthesizing module 'matrix_compiler' [/home/builder/6205_Project/src/matrix_compiler.sv:4]
	Parameter MAX_ELEMENT_SIZE bound to: 8 - type: integer 
	Parameter MAX_SIZE_A bound to: 32 - type: integer 
	Parameter MAX_SIZE_B bound to: 32 - type: integer 
INFO: [Synth 8-6157] synthesizing module 'xilinx_simple_dual_port_2_clock_ram__parameterized0' [/home/builder/6205_Project/src/xilinx_simple_dual_port_2_clock_ram.v:7]
	Parameter RAM_WIDTH bound to: 8 - type: integer 
	Parameter RAM_DEPTH bound to: 1024 - type: integer 
	Parameter RAM_PERFORMANCE bound to: HIGH_PERFORMANCE - type: string 
	Parameter INIT_FILE bound to: (null) - type: string 
INFO: [Synth 8-6155] done synthesizing module 'xilinx_simple_dual_port_2_clock_ram__parameterized0' (0#1) [/home/builder/6205_Project/src/xilinx_simple_dual_port_2_clock_ram.v:7]
INFO: [Synth 8-6155] done synthesizing module 'matrix_compiler' (0#1) [/home/builder/6205_Project/src/matrix_compiler.sv:4]
INFO: [Synth 8-6157] synthesizing module 'bitorder_out' [/home/builder/6205_Project/src/bitorder_out.sv:5]
INFO: [Synth 8-6155] done synthesizing module 'bitorder_out' (0#1) [/home/builder/6205_Project/src/bitorder_out.sv:5]
INFO: [Synth 8-6157] synthesizing module 'ether_out' [/home/builder/6205_Project/src/ether_out.sv:4]
INFO: [Synth 8-6155] done synthesizing module 'ether_out' (0#1) [/home/builder/6205_Project/src/ether_out.sv:4]
INFO: [Synth 8-6155] done synthesizing module 'top_level' (0#1) [/home/builder/6205_Project/src/top_level.sv:4]
WARNING: [Synth 8-6014] Unused sequential element transmit_counter_reg was removed.  [/home/builder/6205_Project/src/ether.sv:26]
WARNING: [Synth 8-87] always_comb on 'axiod_reg' did not result in combinational logic [/home/builder/6205_Project/src/firewall.sv:38]
WARNING: [Synth 8-6014] Unused sequential element waiting_reg was removed.  [/home/builder/6205_Project/src/fcs.sv:39]
WARNING: [Synth 8-6014] Unused sequential element A_regceb_reg was removed.  [/home/builder/6205_Project/src/matrix_loader.sv:169]
WARNING: [Synth 8-6014] Unused sequential element B_enb_reg was removed.  [/home/builder/6205_Project/src/matrix_loader.sv:172]
WARNING: [Synth 8-6014] Unused sequential element B_regceb_reg was removed.  [/home/builder/6205_Project/src/matrix_loader.sv:173]
WARNING: [Synth 8-6014] Unused sequential element element_counter_reg was removed.  [/home/builder/6205_Project/src/matrix_compiler.sv:104]
WARNING: [Synth 8-6014] Unused sequential element val_in_reg was removed.  [/home/builder/6205_Project/src/top_level.sv:134]
WARNING: [Synth 8-3848] Net ca in module/entity top_level does not have driver. [/home/builder/6205_Project/src/top_level.sv:15]
WARNING: [Synth 8-3848] Net cb in module/entity top_level does not have driver. [/home/builder/6205_Project/src/top_level.sv:15]
WARNING: [Synth 8-3848] Net cc in module/entity top_level does not have driver. [/home/builder/6205_Project/src/top_level.sv:15]
WARNING: [Synth 8-3848] Net cd in module/entity top_level does not have driver. [/home/builder/6205_Project/src/top_level.sv:15]
WARNING: [Synth 8-3848] Net ce in module/entity top_level does not have driver. [/home/builder/6205_Project/src/top_level.sv:15]
WARNING: [Synth 8-3848] Net cf in module/entity top_level does not have driver. [/home/builder/6205_Project/src/top_level.sv:15]
WARNING: [Synth 8-3848] Net cg in module/entity top_level does not have driver. [/home/builder/6205_Project/src/top_level.sv:15]
WARNING: [Synth 8-3848] Net an in module/entity top_level does not have driver. [/home/builder/6205_Project/src/top_level.sv:16]
WARNING: [Synth 8-7129] Port matB_col[31][7] in module dummy_alg is either unconnected or has no load
WARNING: [Synth 8-7129] Port matB_col[31][6] in module dummy_alg is either unconnected or has no load
WARNING: [Synth 8-7129] Port matB_col[31][5] in module dummy_alg is either unconnected or has no load
WARNING: [Synth 8-7129] Port matB_col[31][4] in module dummy_alg is either unconnected or has no load
WARNING: [Synth 8-7129] Port matB_col[31][3] in module dummy_alg is either unconnected or has no load
WARNING: [Synth 8-7129] Port matB_col[31][2] in module dummy_alg is either unconnected or has no load
WARNING: [Synth 8-7129] Port matB_col[31][1] in module dummy_alg is either unconnected or has no load
WARNING: [Synth 8-7129] Port matB_col[31][0] in module dummy_alg is either unconnected or has no load
WARNING: [Synth 8-7129] Port matB_col[30][7] in module dummy_alg is either unconnected or has no load
WARNING: [Synth 8-7129] Port matB_col[30][6] in module dummy_alg is either unconnected or has no load
WARNING: [Synth 8-7129] Port matB_col[30][5] in module dummy_alg is either unconnected or has no load
WARNING: [Synth 8-7129] Port matB_col[30][4] in module dummy_alg is either unconnected or has no load
WARNING: [Synth 8-7129] Port matB_col[30][3] in module dummy_alg is either unconnected or has no load
WARNING: [Synth 8-7129] Port matB_col[30][2] in module dummy_alg is either unconnected or has no load
WARNING: [Synth 8-7129] Port matB_col[30][1] in module dummy_alg is either unconnected or has no load
WARNING: [Synth 8-7129] Port matB_col[30][0] in module dummy_alg is either unconnected or has no load
WARNING: [Synth 8-7129] Port matB_col[29][7] in module dummy_alg is either unconnected or has no load
WARNING: [Synth 8-7129] Port matB_col[29][6] in module dummy_alg is either unconnected or has no load
WARNING: [Synth 8-7129] Port matB_col[29][5] in module dummy_alg is either unconnected or has no load
WARNING: [Synth 8-7129] Port matB_col[29][4] in module dummy_alg is either unconnected or has no load
WARNING: [Synth 8-7129] Port matB_col[29][3] in module dummy_alg is either unconnected or has no load
WARNING: [Synth 8-7129] Port matB_col[29][2] in module dummy_alg is either unconnected or has no load
WARNING: [Synth 8-7129] Port matB_col[29][1] in module dummy_alg is either unconnected or has no load
WARNING: [Synth 8-7129] Port matB_col[29][0] in module dummy_alg is either unconnected or has no load
WARNING: [Synth 8-7129] Port matB_col[28][7] in module dummy_alg is either unconnected or has no load
WARNING: [Synth 8-7129] Port matB_col[28][6] in module dummy_alg is either unconnected or has no load
WARNING: [Synth 8-7129] Port matB_col[28][5] in module dummy_alg is either unconnected or has no load
WARNING: [Synth 8-7129] Port matB_col[28][4] in module dummy_alg is either unconnected or has no load
WARNING: [Synth 8-7129] Port matB_col[28][3] in module dummy_alg is either unconnected or has no load
WARNING: [Synth 8-7129] Port matB_col[28][2] in module dummy_alg is either unconnected or has no load
WARNING: [Synth 8-7129] Port matB_col[28][1] in module dummy_alg is either unconnected or has no load
WARNING: [Synth 8-7129] Port matB_col[28][0] in module dummy_alg is either unconnected or has no load
WARNING: [Synth 8-7129] Port matB_col[27][7] in module dummy_alg is either unconnected or has no load
WARNING: [Synth 8-7129] Port matB_col[27][6] in module dummy_alg is either unconnected or has no load
WARNING: [Synth 8-7129] Port matB_col[27][5] in module dummy_alg is either unconnected or has no load
WARNING: [Synth 8-7129] Port matB_col[27][4] in module dummy_alg is either unconnected or has no load
WARNING: [Synth 8-7129] Port matB_col[27][3] in module dummy_alg is either unconnected or has no load
WARNING: [Synth 8-7129] Port matB_col[27][2] in module dummy_alg is either unconnected or has no load
WARNING: [Synth 8-7129] Port matB_col[27][1] in module dummy_alg is either unconnected or has no load
WARNING: [Synth 8-7129] Port matB_col[27][0] in module dummy_alg is either unconnected or has no load
WARNING: [Synth 8-7129] Port matB_col[26][7] in module dummy_alg is either unconnected or has no load
WARNING: [Synth 8-7129] Port matB_col[26][6] in module dummy_alg is either unconnected or has no load
WARNING: [Synth 8-7129] Port matB_col[26][5] in module dummy_alg is either unconnected or has no load
WARNING: [Synth 8-7129] Port matB_col[26][4] in module dummy_alg is either unconnected or has no load
WARNING: [Synth 8-7129] Port matB_col[26][3] in module dummy_alg is either unconnected or has no load
WARNING: [Synth 8-7129] Port matB_col[26][2] in module dummy_alg is either unconnected or has no load
WARNING: [Synth 8-7129] Port matB_col[26][1] in module dummy_alg is either unconnected or has no load
WARNING: [Synth 8-7129] Port matB_col[26][0] in module dummy_alg is either unconnected or has no load
WARNING: [Synth 8-7129] Port matB_col[25][7] in module dummy_alg is either unconnected or has no load
WARNING: [Synth 8-7129] Port matB_col[25][6] in module dummy_alg is either unconnected or has no load
WARNING: [Synth 8-7129] Port matB_col[25][5] in module dummy_alg is either unconnected or has no load
WARNING: [Synth 8-7129] Port matB_col[25][4] in module dummy_alg is either unconnected or has no load
WARNING: [Synth 8-7129] Port matB_col[25][3] in module dummy_alg is either unconnected or has no load
WARNING: [Synth 8-7129] Port matB_col[25][2] in module dummy_alg is either unconnected or has no load
WARNING: [Synth 8-7129] Port matB_col[25][1] in module dummy_alg is either unconnected or has no load
WARNING: [Synth 8-7129] Port matB_col[25][0] in module dummy_alg is either unconnected or has no load
WARNING: [Synth 8-7129] Port matB_col[24][7] in module dummy_alg is either unconnected or has no load
WARNING: [Synth 8-7129] Port matB_col[24][6] in module dummy_alg is either unconnected or has no load
WARNING: [Synth 8-7129] Port matB_col[24][5] in module dummy_alg is either unconnected or has no load
WARNING: [Synth 8-7129] Port matB_col[24][4] in module dummy_alg is either unconnected or has no load
WARNING: [Synth 8-7129] Port matB_col[24][3] in module dummy_alg is either unconnected or has no load
WARNING: [Synth 8-7129] Port matB_col[24][2] in module dummy_alg is either unconnected or has no load
WARNING: [Synth 8-7129] Port matB_col[24][1] in module dummy_alg is either unconnected or has no load
WARNING: [Synth 8-7129] Port matB_col[24][0] in module dummy_alg is either unconnected or has no load
WARNING: [Synth 8-7129] Port matB_col[23][7] in module dummy_alg is either unconnected or has no load
WARNING: [Synth 8-7129] Port matB_col[23][6] in module dummy_alg is either unconnected or has no load
WARNING: [Synth 8-7129] Port matB_col[23][5] in module dummy_alg is either unconnected or has no load
WARNING: [Synth 8-7129] Port matB_col[23][4] in module dummy_alg is either unconnected or has no load
WARNING: [Synth 8-7129] Port matB_col[23][3] in module dummy_alg is either unconnected or has no load
WARNING: [Synth 8-7129] Port matB_col[23][2] in module dummy_alg is either unconnected or has no load
WARNING: [Synth 8-7129] Port matB_col[23][1] in module dummy_alg is either unconnected or has no load
WARNING: [Synth 8-7129] Port matB_col[23][0] in module dummy_alg is either unconnected or has no load
WARNING: [Synth 8-7129] Port matB_col[22][7] in module dummy_alg is either unconnected or has no load
WARNING: [Synth 8-7129] Port matB_col[22][6] in module dummy_alg is either unconnected or has no load
WARNING: [Synth 8-7129] Port matB_col[22][5] in module dummy_alg is either unconnected or has no load
WARNING: [Synth 8-7129] Port matB_col[22][4] in module dummy_alg is either unconnected or has no load
WARNING: [Synth 8-7129] Port matB_col[22][3] in module dummy_alg is either unconnected or has no load
WARNING: [Synth 8-7129] Port matB_col[22][2] in module dummy_alg is either unconnected or has no load
WARNING: [Synth 8-7129] Port matB_col[22][1] in module dummy_alg is either unconnected or has no load
WARNING: [Synth 8-7129] Port matB_col[22][0] in module dummy_alg is either unconnected or has no load
WARNING: [Synth 8-7129] Port matB_col[21][7] in module dummy_alg is either unconnected or has no load
WARNING: [Synth 8-7129] Port matB_col[21][6] in module dummy_alg is either unconnected or has no load
WARNING: [Synth 8-7129] Port matB_col[21][5] in module dummy_alg is either unconnected or has no load
WARNING: [Synth 8-7129] Port matB_col[21][4] in module dummy_alg is either unconnected or has no load
WARNING: [Synth 8-7129] Port matB_col[21][3] in module dummy_alg is either unconnected or has no load
WARNING: [Synth 8-7129] Port matB_col[21][2] in module dummy_alg is either unconnected or has no load
WARNING: [Synth 8-7129] Port matB_col[21][1] in module dummy_alg is either unconnected or has no load
WARNING: [Synth 8-7129] Port matB_col[21][0] in module dummy_alg is either unconnected or has no load
WARNING: [Synth 8-7129] Port matB_col[20][7] in module dummy_alg is either unconnected or has no load
WARNING: [Synth 8-7129] Port matB_col[20][6] in module dummy_alg is either unconnected or has no load
WARNING: [Synth 8-7129] Port matB_col[20][5] in module dummy_alg is either unconnected or has no load
WARNING: [Synth 8-7129] Port matB_col[20][4] in module dummy_alg is either unconnected or has no load
WARNING: [Synth 8-7129] Port matB_col[20][3] in module dummy_alg is either unconnected or has no load
WARNING: [Synth 8-7129] Port matB_col[20][2] in module dummy_alg is either unconnected or has no load
WARNING: [Synth 8-7129] Port matB_col[20][1] in module dummy_alg is either unconnected or has no load
WARNING: [Synth 8-7129] Port matB_col[20][0] in module dummy_alg is either unconnected or has no load
WARNING: [Synth 8-7129] Port matB_col[19][7] in module dummy_alg is either unconnected or has no load
WARNING: [Synth 8-7129] Port matB_col[19][6] in module dummy_alg is either unconnected or has no load
WARNING: [Synth 8-7129] Port matB_col[19][5] in module dummy_alg is either unconnected or has no load
WARNING: [Synth 8-7129] Port matB_col[19][4] in module dummy_alg is either unconnected or has no load
WARNING: [Synth 8-7129] Port matB_col[19][3] in module dummy_alg is either unconnected or has no load
WARNING: [Synth 8-7129] Port matB_col[19][2] in module dummy_alg is either unconnected or has no load
WARNING: [Synth 8-7129] Port matB_col[19][1] in module dummy_alg is either unconnected or has no load
WARNING: [Synth 8-7129] Port matB_col[19][0] in module dummy_alg is either unconnected or has no load
WARNING: [Synth 8-7129] Port matB_col[18][7] in module dummy_alg is either unconnected or has no load
WARNING: [Synth 8-7129] Port matB_col[18][6] in module dummy_alg is either unconnected or has no load
WARNING: [Synth 8-7129] Port matB_col[18][5] in module dummy_alg is either unconnected or has no load
WARNING: [Synth 8-7129] Port matB_col[18][4] in module dummy_alg is either unconnected or has no load
WARNING: [Synth 8-7129] Port matB_col[18][3] in module dummy_alg is either unconnected or has no load
WARNING: [Synth 8-7129] Port matB_col[18][2] in module dummy_alg is either unconnected or has no load
WARNING: [Synth 8-7129] Port matB_col[18][1] in module dummy_alg is either unconnected or has no load
WARNING: [Synth 8-7129] Port matB_col[18][0] in module dummy_alg is either unconnected or has no load
WARNING: [Synth 8-7129] Port matB_col[17][7] in module dummy_alg is either unconnected or has no load
WARNING: [Synth 8-7129] Port matB_col[17][6] in module dummy_alg is either unconnected or has no load
WARNING: [Synth 8-7129] Port matB_col[17][5] in module dummy_alg is either unconnected or has no load
WARNING: [Synth 8-7129] Port matB_col[17][4] in module dummy_alg is either unconnected or has no load
WARNING: [Synth 8-7129] Port matB_col[17][3] in module dummy_alg is either unconnected or has no load
WARNING: [Synth 8-7129] Port matB_col[17][2] in module dummy_alg is either unconnected or has no load
WARNING: [Synth 8-7129] Port matB_col[17][1] in module dummy_alg is either unconnected or has no load
WARNING: [Synth 8-7129] Port matB_col[17][0] in module dummy_alg is either unconnected or has no load
WARNING: [Synth 8-7129] Port matB_col[16][7] in module dummy_alg is either unconnected or has no load
WARNING: [Synth 8-7129] Port matB_col[16][6] in module dummy_alg is either unconnected or has no load
WARNING: [Synth 8-7129] Port matB_col[16][5] in module dummy_alg is either unconnected or has no load
WARNING: [Synth 8-7129] Port matB_col[16][4] in module dummy_alg is either unconnected or has no load
WARNING: [Synth 8-7129] Port matB_col[16][3] in module dummy_alg is either unconnected or has no load
WARNING: [Synth 8-7129] Port matB_col[16][2] in module dummy_alg is either unconnected or has no load
WARNING: [Synth 8-7129] Port matB_col[16][1] in module dummy_alg is either unconnected or has no load
WARNING: [Synth 8-7129] Port matB_col[16][0] in module dummy_alg is either unconnected or has no load
WARNING: [Synth 8-7129] Port matB_col[15][7] in module dummy_alg is either unconnected or has no load
WARNING: [Synth 8-7129] Port matB_col[15][6] in module dummy_alg is either unconnected or has no load
WARNING: [Synth 8-7129] Port matB_col[15][5] in module dummy_alg is either unconnected or has no load
WARNING: [Synth 8-7129] Port matB_col[15][4] in module dummy_alg is either unconnected or has no load
WARNING: [Synth 8-7129] Port matB_col[15][3] in module dummy_alg is either unconnected or has no load
WARNING: [Synth 8-7129] Port matB_col[15][2] in module dummy_alg is either unconnected or has no load
WARNING: [Synth 8-7129] Port matB_col[15][1] in module dummy_alg is either unconnected or has no load
WARNING: [Synth 8-7129] Port matB_col[15][0] in module dummy_alg is either unconnected or has no load
WARNING: [Synth 8-7129] Port matB_col[14][7] in module dummy_alg is either unconnected or has no load
WARNING: [Synth 8-7129] Port matB_col[14][6] in module dummy_alg is either unconnected or has no load
WARNING: [Synth 8-7129] Port matB_col[14][5] in module dummy_alg is either unconnected or has no load
WARNING: [Synth 8-7129] Port matB_col[14][4] in module dummy_alg is either unconnected or has no load
WARNING: [Synth 8-7129] Port matB_col[14][3] in module dummy_alg is either unconnected or has no load
WARNING: [Synth 8-7129] Port matB_col[14][2] in module dummy_alg is either unconnected or has no load
WARNING: [Synth 8-7129] Port matB_col[14][1] in module dummy_alg is either unconnected or has no load
WARNING: [Synth 8-7129] Port matB_col[14][0] in module dummy_alg is either unconnected or has no load
WARNING: [Synth 8-7129] Port matB_col[13][7] in module dummy_alg is either unconnected or has no load
WARNING: [Synth 8-7129] Port matB_col[13][6] in module dummy_alg is either unconnected or has no load
WARNING: [Synth 8-7129] Port matB_col[13][5] in module dummy_alg is either unconnected or has no load
WARNING: [Synth 8-7129] Port matB_col[13][4] in module dummy_alg is either unconnected or has no load
WARNING: [Synth 8-7129] Port matB_col[13][3] in module dummy_alg is either unconnected or has no load
WARNING: [Synth 8-7129] Port matB_col[13][2] in module dummy_alg is either unconnected or has no load
WARNING: [Synth 8-7129] Port matB_col[13][1] in module dummy_alg is either unconnected or has no load
WARNING: [Synth 8-7129] Port matB_col[13][0] in module dummy_alg is either unconnected or has no load
WARNING: [Synth 8-7129] Port matB_col[12][7] in module dummy_alg is either unconnected or has no load
WARNING: [Synth 8-7129] Port matB_col[12][6] in module dummy_alg is either unconnected or has no load
WARNING: [Synth 8-7129] Port matB_col[12][5] in module dummy_alg is either unconnected or has no load
WARNING: [Synth 8-7129] Port matB_col[12][4] in module dummy_alg is either unconnected or has no load
WARNING: [Synth 8-7129] Port matB_col[12][3] in module dummy_alg is either unconnected or has no load
WARNING: [Synth 8-7129] Port matB_col[12][2] in module dummy_alg is either unconnected or has no load
WARNING: [Synth 8-7129] Port matB_col[12][1] in module dummy_alg is either unconnected or has no load
WARNING: [Synth 8-7129] Port matB_col[12][0] in module dummy_alg is either unconnected or has no load
WARNING: [Synth 8-7129] Port matB_col[11][7] in module dummy_alg is either unconnected or has no load
WARNING: [Synth 8-7129] Port matB_col[11][6] in module dummy_alg is either unconnected or has no load
WARNING: [Synth 8-7129] Port matB_col[11][5] in module dummy_alg is either unconnected or has no load
WARNING: [Synth 8-7129] Port matB_col[11][4] in module dummy_alg is either unconnected or has no load
WARNING: [Synth 8-7129] Port matB_col[11][3] in module dummy_alg is either unconnected or has no load
WARNING: [Synth 8-7129] Port matB_col[11][2] in module dummy_alg is either unconnected or has no load
WARNING: [Synth 8-7129] Port matB_col[11][1] in module dummy_alg is either unconnected or has no load
WARNING: [Synth 8-7129] Port matB_col[11][0] in module dummy_alg is either unconnected or has no load
WARNING: [Synth 8-7129] Port matB_col[10][7] in module dummy_alg is either unconnected or has no load
WARNING: [Synth 8-7129] Port matB_col[10][6] in module dummy_alg is either unconnected or has no load
WARNING: [Synth 8-7129] Port matB_col[10][5] in module dummy_alg is either unconnected or has no load
WARNING: [Synth 8-7129] Port matB_col[10][4] in module dummy_alg is either unconnected or has no load
WARNING: [Synth 8-7129] Port matB_col[10][3] in module dummy_alg is either unconnected or has no load
WARNING: [Synth 8-7129] Port matB_col[10][2] in module dummy_alg is either unconnected or has no load
WARNING: [Synth 8-7129] Port matB_col[10][1] in module dummy_alg is either unconnected or has no load
WARNING: [Synth 8-7129] Port matB_col[10][0] in module dummy_alg is either unconnected or has no load
WARNING: [Synth 8-7129] Port matB_col[9][7] in module dummy_alg is either unconnected or has no load
WARNING: [Synth 8-7129] Port matB_col[9][6] in module dummy_alg is either unconnected or has no load
WARNING: [Synth 8-7129] Port matB_col[9][5] in module dummy_alg is either unconnected or has no load
WARNING: [Synth 8-7129] Port matB_col[9][4] in module dummy_alg is either unconnected or has no load
WARNING: [Synth 8-7129] Port matB_col[9][3] in module dummy_alg is either unconnected or has no load
WARNING: [Synth 8-7129] Port matB_col[9][2] in module dummy_alg is either unconnected or has no load
WARNING: [Synth 8-7129] Port matB_col[9][1] in module dummy_alg is either unconnected or has no load
WARNING: [Synth 8-7129] Port matB_col[9][0] in module dummy_alg is either unconnected or has no load
WARNING: [Synth 8-7129] Port matB_col[8][7] in module dummy_alg is either unconnected or has no load
WARNING: [Synth 8-7129] Port matB_col[8][6] in module dummy_alg is either unconnected or has no load
WARNING: [Synth 8-7129] Port matB_col[8][5] in module dummy_alg is either unconnected or has no load
WARNING: [Synth 8-7129] Port matB_col[8][4] in module dummy_alg is either unconnected or has no load
WARNING: [Synth 8-7129] Port matB_col[8][3] in module dummy_alg is either unconnected or has no load
WARNING: [Synth 8-7129] Port matB_col[8][2] in module dummy_alg is either unconnected or has no load
WARNING: [Synth 8-7129] Port matB_col[8][1] in module dummy_alg is either unconnected or has no load
WARNING: [Synth 8-7129] Port matB_col[8][0] in module dummy_alg is either unconnected or has no load
WARNING: [Synth 8-7129] Port matB_col[7][7] in module dummy_alg is either unconnected or has no load
WARNING: [Synth 8-7129] Port matB_col[7][6] in module dummy_alg is either unconnected or has no load
WARNING: [Synth 8-7129] Port matB_col[7][5] in module dummy_alg is either unconnected or has no load
WARNING: [Synth 8-7129] Port matB_col[7][4] in module dummy_alg is either unconnected or has no load
WARNING: [Synth 8-7129] Port matB_col[7][3] in module dummy_alg is either unconnected or has no load
WARNING: [Synth 8-7129] Port matB_col[7][2] in module dummy_alg is either unconnected or has no load
WARNING: [Synth 8-7129] Port matB_col[7][1] in module dummy_alg is either unconnected or has no load
WARNING: [Synth 8-7129] Port matB_col[7][0] in module dummy_alg is either unconnected or has no load
WARNING: [Synth 8-7129] Port matB_col[6][7] in module dummy_alg is either unconnected or has no load
WARNING: [Synth 8-7129] Port matB_col[6][6] in module dummy_alg is either unconnected or has no load
WARNING: [Synth 8-7129] Port matB_col[6][5] in module dummy_alg is either unconnected or has no load
WARNING: [Synth 8-7129] Port matB_col[6][4] in module dummy_alg is either unconnected or has no load
WARNING: [Synth 8-7129] Port matB_col[6][3] in module dummy_alg is either unconnected or has no load
WARNING: [Synth 8-7129] Port matB_col[6][2] in module dummy_alg is either unconnected or has no load
WARNING: [Synth 8-7129] Port matB_col[6][1] in module dummy_alg is either unconnected or has no load
WARNING: [Synth 8-7129] Port matB_col[6][0] in module dummy_alg is either unconnected or has no load
WARNING: [Synth 8-7129] Port matB_col[5][7] in module dummy_alg is either unconnected or has no load
WARNING: [Synth 8-7129] Port matB_col[5][6] in module dummy_alg is either unconnected or has no load
WARNING: [Synth 8-7129] Port matB_col[5][5] in module dummy_alg is either unconnected or has no load
WARNING: [Synth 8-7129] Port matB_col[5][4] in module dummy_alg is either unconnected or has no load
WARNING: [Synth 8-7129] Port matB_col[5][3] in module dummy_alg is either unconnected or has no load
WARNING: [Synth 8-7129] Port matB_col[5][2] in module dummy_alg is either unconnected or has no load
WARNING: [Synth 8-7129] Port matB_col[5][1] in module dummy_alg is either unconnected or has no load
WARNING: [Synth 8-7129] Port matB_col[5][0] in module dummy_alg is either unconnected or has no load
WARNING: [Synth 8-7129] Port matB_col[4][7] in module dummy_alg is either unconnected or has no load
WARNING: [Synth 8-7129] Port matB_col[4][6] in module dummy_alg is either unconnected or has no load
WARNING: [Synth 8-7129] Port matB_col[4][5] in module dummy_alg is either unconnected or has no load
WARNING: [Synth 8-7129] Port matB_col[4][4] in module dummy_alg is either unconnected or has no load
WARNING: [Synth 8-7129] Port matB_col[4][3] in module dummy_alg is either unconnected or has no load
WARNING: [Synth 8-7129] Port matB_col[4][2] in module dummy_alg is either unconnected or has no load
WARNING: [Synth 8-7129] Port matB_col[4][1] in module dummy_alg is either unconnected or has no load
WARNING: [Synth 8-7129] Port matB_col[4][0] in module dummy_alg is either unconnected or has no load
WARNING: [Synth 8-7129] Port matB_col[3][7] in module dummy_alg is either unconnected or has no load
WARNING: [Synth 8-7129] Port matB_col[3][6] in module dummy_alg is either unconnected or has no load
WARNING: [Synth 8-7129] Port matB_col[3][5] in module dummy_alg is either unconnected or has no load
WARNING: [Synth 8-7129] Port matB_col[3][4] in module dummy_alg is either unconnected or has no load
WARNING: [Synth 8-7129] Port matB_col[3][3] in module dummy_alg is either unconnected or has no load
WARNING: [Synth 8-7129] Port matB_col[3][2] in module dummy_alg is either unconnected or has no load
WARNING: [Synth 8-7129] Port matB_col[3][1] in module dummy_alg is either unconnected or has no load
WARNING: [Synth 8-7129] Port matB_col[3][0] in module dummy_alg is either unconnected or has no load
WARNING: [Synth 8-7129] Port matB_col[2][7] in module dummy_alg is either unconnected or has no load
WARNING: [Synth 8-7129] Port matB_col[2][6] in module dummy_alg is either unconnected or has no load
WARNING: [Synth 8-7129] Port matB_col[2][5] in module dummy_alg is either unconnected or has no load
WARNING: [Synth 8-7129] Port matB_col[2][4] in module dummy_alg is either unconnected or has no load
WARNING: [Synth 8-7129] Port matB_col[2][3] in module dummy_alg is either unconnected or has no load
WARNING: [Synth 8-7129] Port matB_col[2][2] in module dummy_alg is either unconnected or has no load
WARNING: [Synth 8-7129] Port matB_col[2][1] in module dummy_alg is either unconnected or has no load
WARNING: [Synth 8-7129] Port matB_col[2][0] in module dummy_alg is either unconnected or has no load
WARNING: [Synth 8-7129] Port matB_col[1][7] in module dummy_alg is either unconnected or has no load
WARNING: [Synth 8-7129] Port matB_col[1][6] in module dummy_alg is either unconnected or has no load
WARNING: [Synth 8-7129] Port matB_col[1][5] in module dummy_alg is either unconnected or has no load
WARNING: [Synth 8-7129] Port matB_col[1][4] in module dummy_alg is either unconnected or has no load
WARNING: [Synth 8-7129] Port matB_col[1][3] in module dummy_alg is either unconnected or has no load
WARNING: [Synth 8-7129] Port matB_col[1][2] in module dummy_alg is either unconnected or has no load
WARNING: [Synth 8-7129] Port matB_col[1][1] in module dummy_alg is either unconnected or has no load
WARNING: [Synth 8-7129] Port matB_col[1][0] in module dummy_alg is either unconnected or has no load
WARNING: [Synth 8-7129] Port matB_col[0][7] in module dummy_alg is either unconnected or has no load
WARNING: [Synth 8-7129] Port matB_col[0][6] in module dummy_alg is either unconnected or has no load
WARNING: [Synth 8-7129] Port matB_col[0][5] in module dummy_alg is either unconnected or has no load
WARNING: [Synth 8-7129] Port matB_col[0][4] in module dummy_alg is either unconnected or has no load
WARNING: [Synth 8-7129] Port matB_col[0][3] in module dummy_alg is either unconnected or has no load
WARNING: [Synth 8-7129] Port matB_col[0][2] in module dummy_alg is either unconnected or has no load
WARNING: [Synth 8-7129] Port matB_col[0][1] in module dummy_alg is either unconnected or has no load
WARNING: [Synth 8-7129] Port matB_col[0][0] in module dummy_alg is either unconnected or has no load
WARNING: [Synth 8-7129] Port ca in module top_level is either unconnected or has no load
WARNING: [Synth 8-7129] Port cb in module top_level is either unconnected or has no load
WARNING: [Synth 8-7129] Port cc in module top_level is either unconnected or has no load
WARNING: [Synth 8-7129] Port cd in module top_level is either unconnected or has no load
WARNING: [Synth 8-7129] Port ce in module top_level is either unconnected or has no load
WARNING: [Synth 8-7129] Port cf in module top_level is either unconnected or has no load
WARNING: [Synth 8-7129] Port cg in module top_level is either unconnected or has no load
WARNING: [Synth 8-7129] Port an[7] in module top_level is either unconnected or has no load
WARNING: [Synth 8-7129] Port an[6] in module top_level is either unconnected or has no load
WARNING: [Synth 8-7129] Port an[5] in module top_level is either unconnected or has no load
WARNING: [Synth 8-7129] Port an[4] in module top_level is either unconnected or has no load
WARNING: [Synth 8-7129] Port an[3] in module top_level is either unconnected or has no load
WARNING: [Synth 8-7129] Port an[2] in module top_level is either unconnected or has no load
WARNING: [Synth 8-7129] Port an[1] in module top_level is either unconnected or has no load
WARNING: [Synth 8-7129] Port an[0] in module top_level is either unconnected or has no load
---------------------------------------------------------------------------------
Finished RTL Elaboration : Time (s): cpu = 00:00:05 ; elapsed = 00:00:05 . Memory (MB): peak = 2606.023 ; gain = 0.000 ; free physical = 1859 ; free virtual = 6841
---------------------------------------------------------------------------------
---------------------------------------------------------------------------------
Start Handling Custom Attributes
---------------------------------------------------------------------------------
---------------------------------------------------------------------------------
Finished Handling Custom Attributes : Time (s): cpu = 00:00:05 ; elapsed = 00:00:06 . Memory (MB): peak = 2606.023 ; gain = 0.000 ; free physical = 1860 ; free virtual = 6842
---------------------------------------------------------------------------------
---------------------------------------------------------------------------------
Finished RTL Optimization Phase 1 : Time (s): cpu = 00:00:05 ; elapsed = 00:00:06 . Memory (MB): peak = 2606.023 ; gain = 0.000 ; free physical = 1860 ; free virtual = 6842
---------------------------------------------------------------------------------
Netlist sorting complete. Time (s): cpu = 00:00:00.05 ; elapsed = 00:00:00.06 . Memory (MB): peak = 2606.023 ; gain = 0.000 ; free physical = 1851 ; free virtual = 6833
INFO: [Netlist 29-17] Analyzing 1 Unisim elements for replacement
INFO: [Netlist 29-28] Unisim Transformation completed in 0 CPU seconds
INFO: [Project 1-570] Preparing netlist for logic optimization

Processing XDC Constraints
Initializing timing engine
Parsing XDC File [/home/builder/6205_Project/xdc/top_level.xdc]
Finished Parsing XDC File [/home/builder/6205_Project/xdc/top_level.xdc]
INFO: [Project 1-236] Implementation specific constraints were found while reading constraint file [/home/builder/6205_Project/xdc/top_level.xdc]. These constraints will be ignored for synthesis but will be used in implementation. Impacted constraints are listed in the file [.Xil/top_level_propImpl.xdc].
Resolution: To avoid this warning, move constraints listed in [.Xil/top_level_propImpl.xdc] to another XDC file and exclude this new file from synthesis with the used_in_synthesis property (File Properties dialog in GUI) and re-run elaboration/synthesis.
INFO: [Timing 38-2] Deriving generated clocks
Completed Processing XDC Constraints

Netlist sorting complete. Time (s): cpu = 00:00:00 ; elapsed = 00:00:00 . Memory (MB): peak = 2670.043 ; gain = 0.000 ; free physical = 1742 ; free virtual = 6724
INFO: [Project 1-111] Unisim Transformation Summary:
No Unisim elements were transformed.

Constraint Validation Runtime : Time (s): cpu = 00:00:00.01 ; elapsed = 00:00:00.02 . Memory (MB): peak = 2670.043 ; gain = 0.000 ; free physical = 1742 ; free virtual = 6725
---------------------------------------------------------------------------------
Finished Constraint Validation : Time (s): cpu = 00:00:12 ; elapsed = 00:00:12 . Memory (MB): peak = 2670.043 ; gain = 64.020 ; free physical = 1857 ; free virtual = 6829
---------------------------------------------------------------------------------
---------------------------------------------------------------------------------
Start Loading Part and Timing Information
---------------------------------------------------------------------------------
Loading part: xc7a100tcsg324-1
---------------------------------------------------------------------------------
Finished Loading Part and Timing Information : Time (s): cpu = 00:00:12 ; elapsed = 00:00:12 . Memory (MB): peak = 2670.043 ; gain = 64.020 ; free physical = 1857 ; free virtual = 6829
---------------------------------------------------------------------------------
---------------------------------------------------------------------------------
Start Applying 'set_property' XDC Constraints
---------------------------------------------------------------------------------
---------------------------------------------------------------------------------
Finished applying 'set_property' XDC Constraints : Time (s): cpu = 00:00:12 ; elapsed = 00:00:12 . Memory (MB): peak = 2670.043 ; gain = 64.020 ; free physical = 1853 ; free virtual = 6829
---------------------------------------------------------------------------------
INFO: [Synth 8-802] inferred FSM for state register 'counter_out_reg' in module 'bitorder'
---------------------------------------------------------------------------------------------------
                   State |                     New Encoding |                Previous Encoding 
---------------------------------------------------------------------------------------------------
                 iSTATE3 |                            00001 |                              000
                  iSTATE |                            00010 |                              001
                 iSTATE0 |                            00100 |                              010
                 iSTATE1 |                            01000 |                              011
                 iSTATE2 |                            10000 |                              100
*
---------------------------------------------------------------------------------------------------
INFO: [Synth 8-3354] encoded FSM with state register 'counter_out_reg' using encoding 'one-hot' in module 'bitorder'
WARNING: [Synth 8-327] inferring latch for variable 'axiod_reg' [/home/builder/6205_Project/src/firewall.sv:38]
---------------------------------------------------------------------------------
Finished RTL Optimization Phase 2 : Time (s): cpu = 00:00:13 ; elapsed = 00:00:13 . Memory (MB): peak = 2670.043 ; gain = 64.020 ; free physical = 1838 ; free virtual = 6822
---------------------------------------------------------------------------------
---------------------------------------------------------------------------------
Start RTL Component Statistics 
---------------------------------------------------------------------------------
Detailed RTL Component Info : 
+---Adders : 
	   2 Input   11 Bit       Adders := 1     
	   2 Input   10 Bit       Adders := 2     
	   2 Input    9 Bit       Adders := 1     
	   2 Input    7 Bit       Adders := 1     
	   2 Input    6 Bit       Adders := 1     
	   2 Input    5 Bit       Adders := 4     
	   2 Input    4 Bit       Adders := 1     
	   2 Input    3 Bit       Adders := 1     
	   2 Input    2 Bit       Adders := 4     
+---XORs : 
	   2 Input      1 Bit         XORs := 44    
+---Registers : 
	             1024 Bit    Registers := 1     
	              256 Bit    Registers := 9     
	               32 Bit    Registers := 3     
	               10 Bit    Registers := 3     
	                8 Bit    Registers := 6     
	                7 Bit    Registers := 2     
	                6 Bit    Registers := 2     
	                5 Bit    Registers := 16    
	                4 Bit    Registers := 1     
	                3 Bit    Registers := 1     
	                2 Bit    Registers := 12    
	                1 Bit    Registers := 47    
+---RAMs : 
	               8K Bit	(32 X 256 bit)          RAMs := 2     
	               8K Bit	(1024 X 8 bit)          RAMs := 1     
+---Muxes : 
	   5 Input 1024 Bit        Muxes := 1     
	   2 Input 1024 Bit        Muxes := 3     
	   2 Input  256 Bit        Muxes := 8     
	   4 Input   10 Bit        Muxes := 1     
	   2 Input   10 Bit        Muxes := 1     
	   4 Input    8 Bit        Muxes := 1     
	   2 Input    8 Bit        Muxes := 2     
	   3 Input    6 Bit        Muxes := 1     
	   2 Input    6 Bit        Muxes := 5     
	   5 Input    5 Bit        Muxes := 2     
	   2 Input    5 Bit        Muxes := 6     
	   4 Input    5 Bit        Muxes := 1     
	   6 Input    4 Bit        Muxes := 1     
	   2 Input    2 Bit        Muxes := 14    
	   5 Input    2 Bit        Muxes := 2     
	   3 Input    2 Bit        Muxes := 1     
	   4 Input    2 Bit        Muxes := 2     
	   2 Input    1 Bit        Muxes := 117   
	   3 Input    1 Bit        Muxes := 8     
	   4 Input    1 Bit        Muxes := 2     
	   5 Input    1 Bit        Muxes := 2     
	  24 Input    1 Bit        Muxes := 1     
---------------------------------------------------------------------------------
Finished RTL Component Statistics 
---------------------------------------------------------------------------------
---------------------------------------------------------------------------------
Start Part Resource Summary
---------------------------------------------------------------------------------
Part Resources:
DSPs: 240 (col length:80)
BRAMs: 270 (col length: RAMB18 80 RAMB36 40)
---------------------------------------------------------------------------------
Finished Part Resource Summary
---------------------------------------------------------------------------------
---------------------------------------------------------------------------------
Start Cross Boundary and Area Optimization
---------------------------------------------------------------------------------
WARNING: [Synth 8-7080] Parallel synthesis criteria is not met
WARNING: [Synth 8-7129] Port matB_col[31][7] in module dummy_alg is either unconnected or has no load
WARNING: [Synth 8-7129] Port matB_col[31][6] in module dummy_alg is either unconnected or has no load
WARNING: [Synth 8-7129] Port matB_col[31][5] in module dummy_alg is either unconnected or has no load
WARNING: [Synth 8-7129] Port matB_col[31][4] in module dummy_alg is either unconnected or has no load
WARNING: [Synth 8-7129] Port matB_col[31][3] in module dummy_alg is either unconnected or has no load
WARNING: [Synth 8-7129] Port matB_col[31][2] in module dummy_alg is either unconnected or has no load
WARNING: [Synth 8-7129] Port matB_col[31][1] in module dummy_alg is either unconnected or has no load
WARNING: [Synth 8-7129] Port matB_col[31][0] in module dummy_alg is either unconnected or has no load
WARNING: [Synth 8-7129] Port matB_col[30][7] in module dummy_alg is either unconnected or has no load
WARNING: [Synth 8-7129] Port matB_col[30][6] in module dummy_alg is either unconnected or has no load
WARNING: [Synth 8-7129] Port matB_col[30][5] in module dummy_alg is either unconnected or has no load
WARNING: [Synth 8-7129] Port matB_col[30][4] in module dummy_alg is either unconnected or has no load
WARNING: [Synth 8-7129] Port matB_col[30][3] in module dummy_alg is either unconnected or has no load
WARNING: [Synth 8-7129] Port matB_col[30][2] in module dummy_alg is either unconnected or has no load
WARNING: [Synth 8-7129] Port matB_col[30][1] in module dummy_alg is either unconnected or has no load
WARNING: [Synth 8-7129] Port matB_col[30][0] in module dummy_alg is either unconnected or has no load
WARNING: [Synth 8-7129] Port matB_col[29][7] in module dummy_alg is either unconnected or has no load
WARNING: [Synth 8-7129] Port matB_col[29][6] in module dummy_alg is either unconnected or has no load
WARNING: [Synth 8-7129] Port matB_col[29][5] in module dummy_alg is either unconnected or has no load
WARNING: [Synth 8-7129] Port matB_col[29][4] in module dummy_alg is either unconnected or has no load
WARNING: [Synth 8-7129] Port matB_col[29][3] in module dummy_alg is either unconnected or has no load
WARNING: [Synth 8-7129] Port matB_col[29][2] in module dummy_alg is either unconnected or has no load
WARNING: [Synth 8-7129] Port matB_col[29][1] in module dummy_alg is either unconnected or has no load
WARNING: [Synth 8-7129] Port matB_col[29][0] in module dummy_alg is either unconnected or has no load
WARNING: [Synth 8-7129] Port matB_col[28][7] in module dummy_alg is either unconnected or has no load
WARNING: [Synth 8-7129] Port matB_col[28][6] in module dummy_alg is either unconnected or has no load
WARNING: [Synth 8-7129] Port matB_col[28][5] in module dummy_alg is either unconnected or has no load
WARNING: [Synth 8-7129] Port matB_col[28][4] in module dummy_alg is either unconnected or has no load
WARNING: [Synth 8-7129] Port matB_col[28][3] in module dummy_alg is either unconnected or has no load
WARNING: [Synth 8-7129] Port matB_col[28][2] in module dummy_alg is either unconnected or has no load
WARNING: [Synth 8-7129] Port matB_col[28][1] in module dummy_alg is either unconnected or has no load
WARNING: [Synth 8-7129] Port matB_col[28][0] in module dummy_alg is either unconnected or has no load
WARNING: [Synth 8-7129] Port matB_col[27][7] in module dummy_alg is either unconnected or has no load
WARNING: [Synth 8-7129] Port matB_col[27][6] in module dummy_alg is either unconnected or has no load
WARNING: [Synth 8-7129] Port matB_col[27][5] in module dummy_alg is either unconnected or has no load
WARNING: [Synth 8-7129] Port matB_col[27][4] in module dummy_alg is either unconnected or has no load
WARNING: [Synth 8-7129] Port matB_col[27][3] in module dummy_alg is either unconnected or has no load
WARNING: [Synth 8-7129] Port matB_col[27][2] in module dummy_alg is either unconnected or has no load
WARNING: [Synth 8-7129] Port matB_col[27][1] in module dummy_alg is either unconnected or has no load
WARNING: [Synth 8-7129] Port matB_col[27][0] in module dummy_alg is either unconnected or has no load
WARNING: [Synth 8-7129] Port matB_col[26][7] in module dummy_alg is either unconnected or has no load
WARNING: [Synth 8-7129] Port matB_col[26][6] in module dummy_alg is either unconnected or has no load
WARNING: [Synth 8-7129] Port matB_col[26][5] in module dummy_alg is either unconnected or has no load
WARNING: [Synth 8-7129] Port matB_col[26][4] in module dummy_alg is either unconnected or has no load
WARNING: [Synth 8-7129] Port matB_col[26][3] in module dummy_alg is either unconnected or has no load
WARNING: [Synth 8-7129] Port matB_col[26][2] in module dummy_alg is either unconnected or has no load
WARNING: [Synth 8-7129] Port matB_col[26][1] in module dummy_alg is either unconnected or has no load
WARNING: [Synth 8-7129] Port matB_col[26][0] in module dummy_alg is either unconnected or has no load
WARNING: [Synth 8-7129] Port matB_col[25][7] in module dummy_alg is either unconnected or has no load
WARNING: [Synth 8-7129] Port matB_col[25][6] in module dummy_alg is either unconnected or has no load
WARNING: [Synth 8-7129] Port matB_col[25][5] in module dummy_alg is either unconnected or has no load
WARNING: [Synth 8-7129] Port matB_col[25][4] in module dummy_alg is either unconnected or has no load
WARNING: [Synth 8-7129] Port matB_col[25][3] in module dummy_alg is either unconnected or has no load
WARNING: [Synth 8-7129] Port matB_col[25][2] in module dummy_alg is either unconnected or has no load
WARNING: [Synth 8-7129] Port matB_col[25][1] in module dummy_alg is either unconnected or has no load
WARNING: [Synth 8-7129] Port matB_col[25][0] in module dummy_alg is either unconnected or has no load
WARNING: [Synth 8-7129] Port matB_col[24][7] in module dummy_alg is either unconnected or has no load
WARNING: [Synth 8-7129] Port matB_col[24][6] in module dummy_alg is either unconnected or has no load
WARNING: [Synth 8-7129] Port matB_col[24][5] in module dummy_alg is either unconnected or has no load
WARNING: [Synth 8-7129] Port matB_col[24][4] in module dummy_alg is either unconnected or has no load
WARNING: [Synth 8-7129] Port matB_col[24][3] in module dummy_alg is either unconnected or has no load
WARNING: [Synth 8-7129] Port matB_col[24][2] in module dummy_alg is either unconnected or has no load
WARNING: [Synth 8-7129] Port matB_col[24][1] in module dummy_alg is either unconnected or has no load
WARNING: [Synth 8-7129] Port matB_col[24][0] in module dummy_alg is either unconnected or has no load
WARNING: [Synth 8-7129] Port matB_col[23][7] in module dummy_alg is either unconnected or has no load
WARNING: [Synth 8-7129] Port matB_col[23][6] in module dummy_alg is either unconnected or has no load
WARNING: [Synth 8-7129] Port matB_col[23][5] in module dummy_alg is either unconnected or has no load
WARNING: [Synth 8-7129] Port matB_col[23][4] in module dummy_alg is either unconnected or has no load
WARNING: [Synth 8-7129] Port matB_col[23][3] in module dummy_alg is either unconnected or has no load
WARNING: [Synth 8-7129] Port matB_col[23][2] in module dummy_alg is either unconnected or has no load
WARNING: [Synth 8-7129] Port matB_col[23][1] in module dummy_alg is either unconnected or has no load
WARNING: [Synth 8-7129] Port matB_col[23][0] in module dummy_alg is either unconnected or has no load
WARNING: [Synth 8-7129] Port matB_col[22][7] in module dummy_alg is either unconnected or has no load
WARNING: [Synth 8-7129] Port matB_col[22][6] in module dummy_alg is either unconnected or has no load
WARNING: [Synth 8-7129] Port matB_col[22][5] in module dummy_alg is either unconnected or has no load
WARNING: [Synth 8-7129] Port matB_col[22][4] in module dummy_alg is either unconnected or has no load
WARNING: [Synth 8-7129] Port matB_col[22][3] in module dummy_alg is either unconnected or has no load
WARNING: [Synth 8-7129] Port matB_col[22][2] in module dummy_alg is either unconnected or has no load
WARNING: [Synth 8-7129] Port matB_col[22][1] in module dummy_alg is either unconnected or has no load
WARNING: [Synth 8-7129] Port matB_col[22][0] in module dummy_alg is either unconnected or has no load
WARNING: [Synth 8-7129] Port matB_col[21][7] in module dummy_alg is either unconnected or has no load
WARNING: [Synth 8-7129] Port matB_col[21][6] in module dummy_alg is either unconnected or has no load
WARNING: [Synth 8-7129] Port matB_col[21][5] in module dummy_alg is either unconnected or has no load
WARNING: [Synth 8-7129] Port matB_col[21][4] in module dummy_alg is either unconnected or has no load
WARNING: [Synth 8-7129] Port matB_col[21][3] in module dummy_alg is either unconnected or has no load
WARNING: [Synth 8-7129] Port matB_col[21][2] in module dummy_alg is either unconnected or has no load
WARNING: [Synth 8-7129] Port matB_col[21][1] in module dummy_alg is either unconnected or has no load
WARNING: [Synth 8-7129] Port matB_col[21][0] in module dummy_alg is either unconnected or has no load
WARNING: [Synth 8-7129] Port matB_col[20][7] in module dummy_alg is either unconnected or has no load
WARNING: [Synth 8-7129] Port matB_col[20][6] in module dummy_alg is either unconnected or has no load
WARNING: [Synth 8-7129] Port matB_col[20][5] in module dummy_alg is either unconnected or has no load
WARNING: [Synth 8-7129] Port matB_col[20][4] in module dummy_alg is either unconnected or has no load
WARNING: [Synth 8-7129] Port matB_col[20][3] in module dummy_alg is either unconnected or has no load
WARNING: [Synth 8-7129] Port matB_col[20][2] in module dummy_alg is either unconnected or has no load
WARNING: [Synth 8-7129] Port matB_col[20][1] in module dummy_alg is either unconnected or has no load
WARNING: [Synth 8-7129] Port matB_col[20][0] in module dummy_alg is either unconnected or has no load
WARNING: [Synth 8-7129] Port matB_col[19][7] in module dummy_alg is either unconnected or has no load
WARNING: [Synth 8-7129] Port matB_col[19][6] in module dummy_alg is either unconnected or has no load
WARNING: [Synth 8-7129] Port matB_col[19][5] in module dummy_alg is either unconnected or has no load
WARNING: [Synth 8-7129] Port matB_col[19][4] in module dummy_alg is either unconnected or has no load
WARNING: [Synth 8-7129] Port matB_col[19][3] in module dummy_alg is either unconnected or has no load
WARNING: [Synth 8-7129] Port matB_col[19][2] in module dummy_alg is either unconnected or has no load
WARNING: [Synth 8-7129] Port matB_col[19][1] in module dummy_alg is either unconnected or has no load
WARNING: [Synth 8-7129] Port matB_col[19][0] in module dummy_alg is either unconnected or has no load
WARNING: [Synth 8-7129] Port matB_col[18][7] in module dummy_alg is either unconnected or has no load
WARNING: [Synth 8-7129] Port matB_col[18][6] in module dummy_alg is either unconnected or has no load
WARNING: [Synth 8-7129] Port matB_col[18][5] in module dummy_alg is either unconnected or has no load
WARNING: [Synth 8-7129] Port matB_col[18][4] in module dummy_alg is either unconnected or has no load
WARNING: [Synth 8-7129] Port matB_col[18][3] in module dummy_alg is either unconnected or has no load
WARNING: [Synth 8-7129] Port matB_col[18][2] in module dummy_alg is either unconnected or has no load
WARNING: [Synth 8-7129] Port matB_col[18][1] in module dummy_alg is either unconnected or has no load
WARNING: [Synth 8-7129] Port matB_col[18][0] in module dummy_alg is either unconnected or has no load
WARNING: [Synth 8-7129] Port matB_col[17][7] in module dummy_alg is either unconnected or has no load
WARNING: [Synth 8-7129] Port matB_col[17][6] in module dummy_alg is either unconnected or has no load
WARNING: [Synth 8-7129] Port matB_col[17][5] in module dummy_alg is either unconnected or has no load
WARNING: [Synth 8-7129] Port matB_col[17][4] in module dummy_alg is either unconnected or has no load
WARNING: [Synth 8-7129] Port matB_col[17][3] in module dummy_alg is either unconnected or has no load
WARNING: [Synth 8-7129] Port matB_col[17][2] in module dummy_alg is either unconnected or has no load
WARNING: [Synth 8-7129] Port matB_col[17][1] in module dummy_alg is either unconnected or has no load
WARNING: [Synth 8-7129] Port matB_col[17][0] in module dummy_alg is either unconnected or has no load
WARNING: [Synth 8-7129] Port matB_col[16][7] in module dummy_alg is either unconnected or has no load
WARNING: [Synth 8-7129] Port matB_col[16][6] in module dummy_alg is either unconnected or has no load
WARNING: [Synth 8-7129] Port matB_col[16][5] in module dummy_alg is either unconnected or has no load
WARNING: [Synth 8-7129] Port matB_col[16][4] in module dummy_alg is either unconnected or has no load
WARNING: [Synth 8-7129] Port matB_col[16][3] in module dummy_alg is either unconnected or has no load
WARNING: [Synth 8-7129] Port matB_col[16][2] in module dummy_alg is either unconnected or has no load
WARNING: [Synth 8-7129] Port matB_col[16][1] in module dummy_alg is either unconnected or has no load
WARNING: [Synth 8-7129] Port matB_col[16][0] in module dummy_alg is either unconnected or has no load
WARNING: [Synth 8-7129] Port matB_col[15][7] in module dummy_alg is either unconnected or has no load
WARNING: [Synth 8-7129] Port matB_col[15][6] in module dummy_alg is either unconnected or has no load
WARNING: [Synth 8-7129] Port matB_col[15][5] in module dummy_alg is either unconnected or has no load
WARNING: [Synth 8-7129] Port matB_col[15][4] in module dummy_alg is either unconnected or has no load
WARNING: [Synth 8-7129] Port matB_col[15][3] in module dummy_alg is either unconnected or has no load
WARNING: [Synth 8-7129] Port matB_col[15][2] in module dummy_alg is either unconnected or has no load
WARNING: [Synth 8-7129] Port matB_col[15][1] in module dummy_alg is either unconnected or has no load
WARNING: [Synth 8-7129] Port matB_col[15][0] in module dummy_alg is either unconnected or has no load
WARNING: [Synth 8-7129] Port matB_col[14][7] in module dummy_alg is either unconnected or has no load
WARNING: [Synth 8-7129] Port matB_col[14][6] in module dummy_alg is either unconnected or has no load
WARNING: [Synth 8-7129] Port matB_col[14][5] in module dummy_alg is either unconnected or has no load
WARNING: [Synth 8-7129] Port matB_col[14][4] in module dummy_alg is either unconnected or has no load
WARNING: [Synth 8-7129] Port matB_col[14][3] in module dummy_alg is either unconnected or has no load
WARNING: [Synth 8-7129] Port matB_col[14][2] in module dummy_alg is either unconnected or has no load
WARNING: [Synth 8-7129] Port matB_col[14][1] in module dummy_alg is either unconnected or has no load
WARNING: [Synth 8-7129] Port matB_col[14][0] in module dummy_alg is either unconnected or has no load
WARNING: [Synth 8-7129] Port matB_col[13][7] in module dummy_alg is either unconnected or has no load
WARNING: [Synth 8-7129] Port matB_col[13][6] in module dummy_alg is either unconnected or has no load
WARNING: [Synth 8-7129] Port matB_col[13][5] in module dummy_alg is either unconnected or has no load
WARNING: [Synth 8-7129] Port matB_col[13][4] in module dummy_alg is either unconnected or has no load
WARNING: [Synth 8-7129] Port matB_col[13][3] in module dummy_alg is either unconnected or has no load
WARNING: [Synth 8-7129] Port matB_col[13][2] in module dummy_alg is either unconnected or has no load
WARNING: [Synth 8-7129] Port matB_col[13][1] in module dummy_alg is either unconnected or has no load
WARNING: [Synth 8-7129] Port matB_col[13][0] in module dummy_alg is either unconnected or has no load
WARNING: [Synth 8-7129] Port matB_col[12][7] in module dummy_alg is either unconnected or has no load
WARNING: [Synth 8-7129] Port matB_col[12][6] in module dummy_alg is either unconnected or has no load
WARNING: [Synth 8-7129] Port matB_col[12][5] in module dummy_alg is either unconnected or has no load
WARNING: [Synth 8-7129] Port matB_col[12][4] in module dummy_alg is either unconnected or has no load
WARNING: [Synth 8-7129] Port matB_col[12][3] in module dummy_alg is either unconnected or has no load
WARNING: [Synth 8-7129] Port matB_col[12][2] in module dummy_alg is either unconnected or has no load
WARNING: [Synth 8-7129] Port matB_col[12][1] in module dummy_alg is either unconnected or has no load
WARNING: [Synth 8-7129] Port matB_col[12][0] in module dummy_alg is either unconnected or has no load
WARNING: [Synth 8-7129] Port matB_col[11][7] in module dummy_alg is either unconnected or has no load
WARNING: [Synth 8-7129] Port matB_col[11][6] in module dummy_alg is either unconnected or has no load
WARNING: [Synth 8-7129] Port matB_col[11][5] in module dummy_alg is either unconnected or has no load
WARNING: [Synth 8-7129] Port matB_col[11][4] in module dummy_alg is either unconnected or has no load
WARNING: [Synth 8-7129] Port matB_col[11][3] in module dummy_alg is either unconnected or has no load
WARNING: [Synth 8-7129] Port matB_col[11][2] in module dummy_alg is either unconnected or has no load
WARNING: [Synth 8-7129] Port matB_col[11][1] in module dummy_alg is either unconnected or has no load
WARNING: [Synth 8-7129] Port matB_col[11][0] in module dummy_alg is either unconnected or has no load
WARNING: [Synth 8-7129] Port matB_col[10][7] in module dummy_alg is either unconnected or has no load
WARNING: [Synth 8-7129] Port matB_col[10][6] in module dummy_alg is either unconnected or has no load
WARNING: [Synth 8-7129] Port matB_col[10][5] in module dummy_alg is either unconnected or has no load
WARNING: [Synth 8-7129] Port matB_col[10][4] in module dummy_alg is either unconnected or has no load
WARNING: [Synth 8-7129] Port matB_col[10][3] in module dummy_alg is either unconnected or has no load
WARNING: [Synth 8-7129] Port matB_col[10][2] in module dummy_alg is either unconnected or has no load
WARNING: [Synth 8-7129] Port matB_col[10][1] in module dummy_alg is either unconnected or has no load
WARNING: [Synth 8-7129] Port matB_col[10][0] in module dummy_alg is either unconnected or has no load
WARNING: [Synth 8-7129] Port matB_col[9][7] in module dummy_alg is either unconnected or has no load
WARNING: [Synth 8-7129] Port matB_col[9][6] in module dummy_alg is either unconnected or has no load
WARNING: [Synth 8-7129] Port matB_col[9][5] in module dummy_alg is either unconnected or has no load
WARNING: [Synth 8-7129] Port matB_col[9][4] in module dummy_alg is either unconnected or has no load
WARNING: [Synth 8-7129] Port matB_col[9][3] in module dummy_alg is either unconnected or has no load
WARNING: [Synth 8-7129] Port matB_col[9][2] in module dummy_alg is either unconnected or has no load
WARNING: [Synth 8-7129] Port matB_col[9][1] in module dummy_alg is either unconnected or has no load
WARNING: [Synth 8-7129] Port matB_col[9][0] in module dummy_alg is either unconnected or has no load
WARNING: [Synth 8-7129] Port matB_col[8][7] in module dummy_alg is either unconnected or has no load
WARNING: [Synth 8-7129] Port matB_col[8][6] in module dummy_alg is either unconnected or has no load
WARNING: [Synth 8-7129] Port matB_col[8][5] in module dummy_alg is either unconnected or has no load
WARNING: [Synth 8-7129] Port matB_col[8][4] in module dummy_alg is either unconnected or has no load
WARNING: [Synth 8-7129] Port matB_col[8][3] in module dummy_alg is either unconnected or has no load
WARNING: [Synth 8-7129] Port matB_col[8][2] in module dummy_alg is either unconnected or has no load
WARNING: [Synth 8-7129] Port matB_col[8][1] in module dummy_alg is either unconnected or has no load
WARNING: [Synth 8-7129] Port matB_col[8][0] in module dummy_alg is either unconnected or has no load
WARNING: [Synth 8-7129] Port matB_col[7][7] in module dummy_alg is either unconnected or has no load
WARNING: [Synth 8-7129] Port matB_col[7][6] in module dummy_alg is either unconnected or has no load
WARNING: [Synth 8-7129] Port matB_col[7][5] in module dummy_alg is either unconnected or has no load
WARNING: [Synth 8-7129] Port matB_col[7][4] in module dummy_alg is either unconnected or has no load
WARNING: [Synth 8-7129] Port matB_col[7][3] in module dummy_alg is either unconnected or has no load
WARNING: [Synth 8-7129] Port matB_col[7][2] in module dummy_alg is either unconnected or has no load
WARNING: [Synth 8-7129] Port matB_col[7][1] in module dummy_alg is either unconnected or has no load
WARNING: [Synth 8-7129] Port matB_col[7][0] in module dummy_alg is either unconnected or has no load
WARNING: [Synth 8-7129] Port matB_col[6][7] in module dummy_alg is either unconnected or has no load
WARNING: [Synth 8-7129] Port matB_col[6][6] in module dummy_alg is either unconnected or has no load
WARNING: [Synth 8-7129] Port matB_col[6][5] in module dummy_alg is either unconnected or has no load
WARNING: [Synth 8-7129] Port matB_col[6][4] in module dummy_alg is either unconnected or has no load
WARNING: [Synth 8-7129] Port matB_col[6][3] in module dummy_alg is either unconnected or has no load
WARNING: [Synth 8-7129] Port matB_col[6][2] in module dummy_alg is either unconnected or has no load
WARNING: [Synth 8-7129] Port matB_col[6][1] in module dummy_alg is either unconnected or has no load
WARNING: [Synth 8-7129] Port matB_col[6][0] in module dummy_alg is either unconnected or has no load
WARNING: [Synth 8-7129] Port matB_col[5][7] in module dummy_alg is either unconnected or has no load
WARNING: [Synth 8-7129] Port matB_col[5][6] in module dummy_alg is either unconnected or has no load
WARNING: [Synth 8-7129] Port matB_col[5][5] in module dummy_alg is either unconnected or has no load
WARNING: [Synth 8-7129] Port matB_col[5][4] in module dummy_alg is either unconnected or has no load
WARNING: [Synth 8-7129] Port matB_col[5][3] in module dummy_alg is either unconnected or has no load
WARNING: [Synth 8-7129] Port matB_col[5][2] in module dummy_alg is either unconnected or has no load
WARNING: [Synth 8-7129] Port matB_col[5][1] in module dummy_alg is either unconnected or has no load
WARNING: [Synth 8-7129] Port matB_col[5][0] in module dummy_alg is either unconnected or has no load
WARNING: [Synth 8-7129] Port matB_col[4][7] in module dummy_alg is either unconnected or has no load
WARNING: [Synth 8-7129] Port matB_col[4][6] in module dummy_alg is either unconnected or has no load
WARNING: [Synth 8-7129] Port matB_col[4][5] in module dummy_alg is either unconnected or has no load
WARNING: [Synth 8-7129] Port matB_col[4][4] in module dummy_alg is either unconnected or has no load
WARNING: [Synth 8-7129] Port matB_col[4][3] in module dummy_alg is either unconnected or has no load
WARNING: [Synth 8-7129] Port matB_col[4][2] in module dummy_alg is either unconnected or has no load
WARNING: [Synth 8-7129] Port matB_col[4][1] in module dummy_alg is either unconnected or has no load
WARNING: [Synth 8-7129] Port matB_col[4][0] in module dummy_alg is either unconnected or has no load
WARNING: [Synth 8-7129] Port matB_col[3][7] in module dummy_alg is either unconnected or has no load
WARNING: [Synth 8-7129] Port matB_col[3][6] in module dummy_alg is either unconnected or has no load
WARNING: [Synth 8-7129] Port matB_col[3][5] in module dummy_alg is either unconnected or has no load
WARNING: [Synth 8-7129] Port matB_col[3][4] in module dummy_alg is either unconnected or has no load
WARNING: [Synth 8-7129] Port matB_col[3][3] in module dummy_alg is either unconnected or has no load
WARNING: [Synth 8-7129] Port matB_col[3][2] in module dummy_alg is either unconnected or has no load
WARNING: [Synth 8-7129] Port matB_col[3][1] in module dummy_alg is either unconnected or has no load
WARNING: [Synth 8-7129] Port matB_col[3][0] in module dummy_alg is either unconnected or has no load
WARNING: [Synth 8-7129] Port matB_col[2][7] in module dummy_alg is either unconnected or has no load
WARNING: [Synth 8-7129] Port matB_col[2][6] in module dummy_alg is either unconnected or has no load
WARNING: [Synth 8-7129] Port matB_col[2][5] in module dummy_alg is either unconnected or has no load
WARNING: [Synth 8-7129] Port matB_col[2][4] in module dummy_alg is either unconnected or has no load
WARNING: [Synth 8-7129] Port matB_col[2][3] in module dummy_alg is either unconnected or has no load
WARNING: [Synth 8-7129] Port matB_col[2][2] in module dummy_alg is either unconnected or has no load
WARNING: [Synth 8-7129] Port matB_col[2][1] in module dummy_alg is either unconnected or has no load
WARNING: [Synth 8-7129] Port matB_col[2][0] in module dummy_alg is either unconnected or has no load
WARNING: [Synth 8-7129] Port matB_col[1][7] in module dummy_alg is either unconnected or has no load
WARNING: [Synth 8-7129] Port matB_col[1][6] in module dummy_alg is either unconnected or has no load
WARNING: [Synth 8-7129] Port matB_col[1][5] in module dummy_alg is either unconnected or has no load
WARNING: [Synth 8-7129] Port matB_col[1][4] in module dummy_alg is either unconnected or has no load
WARNING: [Synth 8-7129] Port matB_col[1][3] in module dummy_alg is either unconnected or has no load
WARNING: [Synth 8-7129] Port matB_col[1][2] in module dummy_alg is either unconnected or has no load
WARNING: [Synth 8-7129] Port matB_col[1][1] in module dummy_alg is either unconnected or has no load
WARNING: [Synth 8-7129] Port matB_col[1][0] in module dummy_alg is either unconnected or has no load
WARNING: [Synth 8-7129] Port matB_col[0][7] in module dummy_alg is either unconnected or has no load
WARNING: [Synth 8-7129] Port matB_col[0][6] in module dummy_alg is either unconnected or has no load
WARNING: [Synth 8-7129] Port matB_col[0][5] in module dummy_alg is either unconnected or has no load
WARNING: [Synth 8-7129] Port matB_col[0][4] in module dummy_alg is either unconnected or has no load
WARNING: [Synth 8-7129] Port matB_col[0][3] in module dummy_alg is either unconnected or has no load
WARNING: [Synth 8-7129] Port matB_col[0][2] in module dummy_alg is either unconnected or has no load
WARNING: [Synth 8-7129] Port matB_col[0][1] in module dummy_alg is either unconnected or has no load
WARNING: [Synth 8-7129] Port matB_col[0][0] in module dummy_alg is either unconnected or has no load
WARNING: [Synth 8-7129] Port ca in module top_level is either unconnected or has no load
WARNING: [Synth 8-7129] Port cb in module top_level is either unconnected or has no load
WARNING: [Synth 8-7129] Port cc in module top_level is either unconnected or has no load
WARNING: [Synth 8-7129] Port cd in module top_level is either unconnected or has no load
WARNING: [Synth 8-7129] Port ce in module top_level is either unconnected or has no load
WARNING: [Synth 8-7129] Port cf in module top_level is either unconnected or has no load
WARNING: [Synth 8-7129] Port cg in module top_level is either unconnected or has no load
WARNING: [Synth 8-7129] Port an[7] in module top_level is either unconnected or has no load
WARNING: [Synth 8-7129] Port an[6] in module top_level is either unconnected or has no load
WARNING: [Synth 8-7129] Port an[5] in module top_level is either unconnected or has no load
WARNING: [Synth 8-7129] Port an[4] in module top_level is either unconnected or has no load
WARNING: [Synth 8-7129] Port an[3] in module top_level is either unconnected or has no load
WARNING: [Synth 8-7129] Port an[2] in module top_level is either unconnected or has no load
WARNING: [Synth 8-7129] Port an[1] in module top_level is either unconnected or has no load
WARNING: [Synth 8-7129] Port an[0] in module top_level is either unconnected or has no load
WARNING: [Synth 8-3332] Sequential element (my_bitorder/FSM_onehot_counter_out_reg[4]) is unused and will be removed from module top_level.
WARNING: [Synth 8-3332] Sequential element (my_firewall/axiod_reg[1]) is unused and will be removed from module top_level.
WARNING: [Synth 8-3332] Sequential element (my_firewall/axiod_reg[0]) is unused and will be removed from module top_level.
CRITICAL WARNING: [Synth 8-6859] multi-driven net on pin Q with 1st driver pin 'my_compiler/enb_reg__0/Q' [/home/builder/6205_Project/src/matrix_compiler.sv:47]
CRITICAL WARNING: [Synth 8-6859] multi-driven net on pin Q with 2nd driver pin 'GND' [/home/builder/6205_Project/src/matrix_compiler.sv:47]
CRITICAL WARNING: [Synth 8-6858] multi-driven net Q is connected to at least one constant driver which has been preserved, other driver is ignored [/home/builder/6205_Project/src/matrix_compiler.sv:47]
CRITICAL WARNING: [Synth 8-6859] multi-driven net on pin Q with 1st driver pin 'my_compiler/regceb_reg__0/Q' [/home/builder/6205_Project/src/matrix_compiler.sv:48]
CRITICAL WARNING: [Synth 8-6859] multi-driven net on pin Q with 2nd driver pin 'GND' [/home/builder/6205_Project/src/matrix_compiler.sv:48]
CRITICAL WARNING: [Synth 8-6858] multi-driven net Q is connected to at least one constant driver which has been preserved, other driver is ignored [/home/builder/6205_Project/src/matrix_compiler.sv:48]
---------------------------------------------------------------------------------
Finished Cross Boundary and Area Optimization : Time (s): cpu = 00:00:21 ; elapsed = 00:00:22 . Memory (MB): peak = 2670.043 ; gain = 64.020 ; free physical = 1826 ; free virtual = 6806
---------------------------------------------------------------------------------
---------------------------------------------------------------------------------
Start Applying XDC Timing Constraints
---------------------------------------------------------------------------------
---------------------------------------------------------------------------------
Finished Applying XDC Timing Constraints : Time (s): cpu = 00:00:25 ; elapsed = 00:00:26 . Memory (MB): peak = 2670.043 ; gain = 64.020 ; free physical = 1707 ; free virtual = 6694
---------------------------------------------------------------------------------
---------------------------------------------------------------------------------
Start Timing Optimization
---------------------------------------------------------------------------------
---------------------------------------------------------------------------------
Finished Timing Optimization : Time (s): cpu = 00:00:31 ; elapsed = 00:00:33 . Memory (MB): peak = 2670.043 ; gain = 64.020 ; free physical = 1690 ; free virtual = 6670
---------------------------------------------------------------------------------
---------------------------------------------------------------------------------
Start Technology Mapping
---------------------------------------------------------------------------------
---------------------------------------------------------------------------------
Finished Technology Mapping : Time (s): cpu = 00:00:32 ; elapsed = 00:00:33 . Memory (MB): peak = 2670.043 ; gain = 64.020 ; free physical = 1683 ; free virtual = 6669
---------------------------------------------------------------------------------
---------------------------------------------------------------------------------
Start IO Insertion
---------------------------------------------------------------------------------
---------------------------------------------------------------------------------
Start Flattening Before IO Insertion
---------------------------------------------------------------------------------
---------------------------------------------------------------------------------
Finished Flattening Before IO Insertion
---------------------------------------------------------------------------------
---------------------------------------------------------------------------------
Start Final Netlist Cleanup
---------------------------------------------------------------------------------
---------------------------------------------------------------------------------
Finished Final Netlist Cleanup
---------------------------------------------------------------------------------
---------------------------------------------------------------------------------
Finished IO Insertion : Time (s): cpu = 00:00:36 ; elapsed = 00:00:37 . Memory (MB): peak = 2670.043 ; gain = 64.020 ; free physical = 1689 ; free virtual = 6669
---------------------------------------------------------------------------------
---------------------------------------------------------------------------------
Start Renaming Generated Instances
---------------------------------------------------------------------------------
---------------------------------------------------------------------------------
Finished Renaming Generated Instances : Time (s): cpu = 00:00:36 ; elapsed = 00:00:37 . Memory (MB): peak = 2670.043 ; gain = 64.020 ; free physical = 1689 ; free virtual = 6669
---------------------------------------------------------------------------------
CRITICAL WARNING: [Synth 8-6859] multi-driven net on pin a_request[4] with 1st driver pin 'test_dummy/row_req_reg[4]/Q' [/home/builder/6205_Project/src/dummy_alg.sv:35]
CRITICAL WARNING: [Synth 8-6859] multi-driven net on pin a_request[4] with 2nd driver pin 'my_loader/A_addrb_reg[4]/Q' [/home/builder/6205_Project/src/matrix_loader.sv:167]
CRITICAL WARNING: [Synth 8-6859] multi-driven net on pin a_request[3] with 1st driver pin 'test_dummy/row_req_reg[3]/Q' [/home/builder/6205_Project/src/dummy_alg.sv:35]
CRITICAL WARNING: [Synth 8-6859] multi-driven net on pin a_request[3] with 2nd driver pin 'my_loader/A_addrb_reg[3]/Q' [/home/builder/6205_Project/src/matrix_loader.sv:167]
CRITICAL WARNING: [Synth 8-6859] multi-driven net on pin a_request[2] with 1st driver pin 'test_dummy/row_req_reg[2]/Q' [/home/builder/6205_Project/src/dummy_alg.sv:35]
CRITICAL WARNING: [Synth 8-6859] multi-driven net on pin a_request[2] with 2nd driver pin 'my_loader/A_addrb_reg[2]/Q' [/home/builder/6205_Project/src/matrix_loader.sv:167]
CRITICAL WARNING: [Synth 8-6859] multi-driven net on pin a_request[1] with 1st driver pin 'test_dummy/row_req_reg[1]/Q' [/home/builder/6205_Project/src/dummy_alg.sv:35]
CRITICAL WARNING: [Synth 8-6859] multi-driven net on pin a_request[1] with 2nd driver pin 'my_loader/A_addrb_reg[1]/Q' [/home/builder/6205_Project/src/matrix_loader.sv:167]
CRITICAL WARNING: [Synth 8-6859] multi-driven net on pin a_request[0] with 1st driver pin 'test_dummy/row_req_reg[0]/Q' [/home/builder/6205_Project/src/dummy_alg.sv:35]
CRITICAL WARNING: [Synth 8-6859] multi-driven net on pin a_request[0] with 2nd driver pin 'my_loader/A_addrb_reg[0]/Q' [/home/builder/6205_Project/src/matrix_loader.sv:167]
CRITICAL WARNING: [Synth 8-6859] multi-driven net on pin b_request[4] with 1st driver pin 'test_dummy/col_req_reg[4]/Q' [/home/builder/6205_Project/src/dummy_alg.sv:36]
CRITICAL WARNING: [Synth 8-6859] multi-driven net on pin b_request[4] with 2nd driver pin 'my_loader/B_addrb_reg[4]/Q' [/home/builder/6205_Project/src/matrix_loader.sv:171]
CRITICAL WARNING: [Synth 8-6859] multi-driven net on pin b_request[3] with 1st driver pin 'test_dummy/col_req_reg[3]/Q' [/home/builder/6205_Project/src/dummy_alg.sv:36]
CRITICAL WARNING: [Synth 8-6859] multi-driven net on pin b_request[3] with 2nd driver pin 'my_loader/B_addrb_reg[3]/Q' [/home/builder/6205_Project/src/matrix_loader.sv:171]
CRITICAL WARNING: [Synth 8-6859] multi-driven net on pin b_request[2] with 1st driver pin 'test_dummy/col_req_reg[2]/Q' [/home/builder/6205_Project/src/dummy_alg.sv:36]
CRITICAL WARNING: [Synth 8-6859] multi-driven net on pin b_request[2] with 2nd driver pin 'my_loader/B_addrb_reg[2]/Q' [/home/builder/6205_Project/src/matrix_loader.sv:171]
CRITICAL WARNING: [Synth 8-6859] multi-driven net on pin b_request[1] with 1st driver pin 'test_dummy/col_req_reg[1]/Q' [/home/builder/6205_Project/src/dummy_alg.sv:36]
CRITICAL WARNING: [Synth 8-6859] multi-driven net on pin b_request[1] with 2nd driver pin 'my_loader/B_addrb_reg[1]/Q' [/home/builder/6205_Project/src/matrix_loader.sv:171]
CRITICAL WARNING: [Synth 8-6859] multi-driven net on pin b_request[0] with 1st driver pin 'test_dummy/col_req_reg[0]/Q' [/home/builder/6205_Project/src/dummy_alg.sv:36]
CRITICAL WARNING: [Synth 8-6859] multi-driven net on pin b_request[0] with 2nd driver pin 'my_loader/B_addrb_reg[0]/Q' [/home/builder/6205_Project/src/matrix_loader.sv:171]
CRITICAL WARNING: [Synth 8-6859] multi-driven net on pin my_compiler/waiting with 1st driver pin 'my_compiler/waiting_reg__0/Q' [/home/builder/6205_Project/src/matrix_compiler.sv:82]
CRITICAL WARNING: [Synth 8-6859] multi-driven net on pin my_compiler/waiting with 2nd driver pin 'my_compiler/waiting_reg/Q' [/home/builder/6205_Project/src/matrix_compiler.sv:108]
CRITICAL WARNING: [Synth 8-6859] multi-driven net on pin my_compiler/downtime with 1st driver pin 'my_compiler/downtime_reg__0/Q' [/home/builder/6205_Project/src/matrix_compiler.sv:43]
CRITICAL WARNING: [Synth 8-6859] multi-driven net on pin my_compiler/downtime with 2nd driver pin 'my_compiler/downtime_reg/Q' [/home/builder/6205_Project/src/matrix_compiler.sv:133]

Report Check Netlist: 
+------+------------------+-------+---------+-------+------------------+
|      |Item              |Errors |Warnings |Status |Description       |
+------+------------------+-------+---------+-------+------------------+
|1     |multi_driven_nets |      0|       12|Failed |Multi driven nets |
+------+------------------+-------+---------+-------+------------------+
---------------------------------------------------------------------------------
Start Rebuilding User Hierarchy
---------------------------------------------------------------------------------
---------------------------------------------------------------------------------
Finished Rebuilding User Hierarchy : Time (s): cpu = 00:00:36 ; elapsed = 00:00:37 . Memory (MB): peak = 2670.043 ; gain = 64.020 ; free physical = 1678 ; free virtual = 6669
---------------------------------------------------------------------------------
---------------------------------------------------------------------------------
Start Renaming Generated Ports
---------------------------------------------------------------------------------
---------------------------------------------------------------------------------
Finished Renaming Generated Ports : Time (s): cpu = 00:00:36 ; elapsed = 00:00:37 . Memory (MB): peak = 2670.043 ; gain = 64.020 ; free physical = 1678 ; free virtual = 6669
---------------------------------------------------------------------------------
---------------------------------------------------------------------------------
Start Handling Custom Attributes
---------------------------------------------------------------------------------
---------------------------------------------------------------------------------
Finished Handling Custom Attributes : Time (s): cpu = 00:00:36 ; elapsed = 00:00:38 . Memory (MB): peak = 2670.043 ; gain = 64.020 ; free physical = 1678 ; free virtual = 6669
---------------------------------------------------------------------------------
---------------------------------------------------------------------------------
Start Renaming Generated Nets
---------------------------------------------------------------------------------
---------------------------------------------------------------------------------
Finished Renaming Generated Nets : Time (s): cpu = 00:00:36 ; elapsed = 00:00:38 . Memory (MB): peak = 2670.043 ; gain = 64.020 ; free physical = 1678 ; free virtual = 6669
---------------------------------------------------------------------------------
---------------------------------------------------------------------------------
Start ROM, RAM, DSP, Shift Register and Retiming Reporting
---------------------------------------------------------------------------------

Static Shift Register Report:
+------------+-----------------------------+--------+-------+--------------+--------------------+-------------------+--------+---------+
|Module Name | RTL Name                    | Length | Width | Reset Signal | Pull out first Reg | Pull out last Reg | SRL16E | SRLC32E | 
+------------+-----------------------------+--------+-------+--------------+--------------------+-------------------+--------+---------+
|top_level   | my_loader/a_addr_out_reg[4] | 3      | 5     | NO           | NO                 | YES               | 5      | 0       | 
|top_level   | my_loader/b_addr_out_reg[4] | 3      | 5     | NO           | NO                 | YES               | 5      | 0       | 
+------------+-----------------------------+--------+-------+--------------+--------------------+-------------------+--------+---------+

---------------------------------------------------------------------------------
Finished ROM, RAM, DSP, Shift Register and Retiming Reporting
---------------------------------------------------------------------------------
---------------------------------------------------------------------------------
Start Writing Synthesis Report
---------------------------------------------------------------------------------

Report BlackBoxes: 
+-+--------------+----------+
| |BlackBox name |Instances |
+-+--------------+----------+
+-+--------------+----------+

Report Cell Usage: 
+------+-----------+------+
|      |Cell       |Count |
+------+-----------+------+
|1     |BUFG       |     3|
|2     |CARRY4     |     4|
|3     |LUT1       |    39|
|4     |LUT2       |    28|
|5     |LUT3       |    74|
|6     |LUT4       |   195|
|7     |LUT5       |  1165|
|8     |LUT6       |   198|
|9     |MMCME2_ADV |     1|
|10    |MUXF7      |     4|
|11    |SRL16E     |    10|
|12    |FDRE       |  1234|
|13    |FDSE       |    70|
|14    |IBUF       |     5|
|15    |OBUF       |    21|
|16    |OBUFT      |    15|
+------+-----------+------+
---------------------------------------------------------------------------------
Finished Writing Synthesis Report : Time (s): cpu = 00:00:36 ; elapsed = 00:00:38 . Memory (MB): peak = 2670.043 ; gain = 64.020 ; free physical = 1678 ; free virtual = 6669
---------------------------------------------------------------------------------
Synthesis finished with 0 errors, 30 critical warnings and 276 warnings.
Synthesis Optimization Runtime : Time (s): cpu = 00:00:34 ; elapsed = 00:00:35 . Memory (MB): peak = 2670.043 ; gain = 0.000 ; free physical = 1730 ; free virtual = 6720
Synthesis Optimization Complete : Time (s): cpu = 00:00:36 ; elapsed = 00:00:38 . Memory (MB): peak = 2670.043 ; gain = 64.020 ; free physical = 1730 ; free virtual = 6720
INFO: [Project 1-571] Translating synthesized netlist
Netlist sorting complete. Time (s): cpu = 00:00:00.01 ; elapsed = 00:00:00.01 . Memory (MB): peak = 2670.043 ; gain = 0.000 ; free physical = 1823 ; free virtual = 6814
INFO: [Netlist 29-17] Analyzing 9 Unisim elements for replacement
INFO: [Netlist 29-28] Unisim Transformation completed in 0 CPU seconds
INFO: [Project 1-570] Preparing netlist for logic optimization
Parsing XDC File [/home/builder/6205_Project/xdc/top_level.xdc]
Finished Parsing XDC File [/home/builder/6205_Project/xdc/top_level.xdc]
INFO: [Opt 31-138] Pushed 0 inverter(s) to 0 load pin(s).
Netlist sorting complete. Time (s): cpu = 00:00:00 ; elapsed = 00:00:00.01 . Memory (MB): peak = 2670.043 ; gain = 0.000 ; free physical = 1756 ; free virtual = 6747
INFO: [Project 1-111] Unisim Transformation Summary:
No Unisim elements were transformed.

Synth Design complete, checksum: c44ff609
INFO: [Common 17-83] Releasing license: Synthesis
55 Infos, 563 Warnings, 30 Critical Warnings and 0 Errors encountered.
synth_design completed successfully
synth_design: Time (s): cpu = 00:00:46 ; elapsed = 00:00:43 . Memory (MB): peak = 2670.043 ; gain = 64.031 ; free physical = 1983 ; free virtual = 6974
# report_utilization -file $outputDir/post_synth_util.rpt
# if { $verbose } {
# 	report_timing_summary -file $outputDir/post_synth_timing_summary.rpt
# 	report_timing -file $outputDir/post_synth_timing.rpt
# }
# opt_design
Command: opt_design
Attempting to get a license for feature 'Implementation' and/or device 'xc7a100t'
INFO: [Common 17-349] Got license for feature 'Implementation' and/or device 'xc7a100t'
Running DRC as a precondition to command opt_design

Starting DRC Task
INFO: [DRC 23-27] Running DRC with 8 threads
ERROR: [DRC MDRV-1] Multiple Driver Nets: Net my_compiler/downtime has multiple drivers: my_compiler/downtime_reg/Q, and my_compiler/downtime_reg__0/Q.
ERROR: [DRC MDRV-1] Multiple Driver Nets: Net my_compiler/waiting has multiple drivers: my_compiler/waiting_reg__0/Q, and my_compiler/waiting_reg/Q.
ERROR: [DRC MDRV-1] Multiple Driver Nets: Net test_dummy/Q[0] has multiple drivers: test_dummy/row_req_reg[0]/Q, and my_loader/A_addrb_reg[0]/Q.
ERROR: [DRC MDRV-1] Multiple Driver Nets: Net test_dummy/Q[1] has multiple drivers: my_loader/A_addrb_reg[1]/Q, and test_dummy/row_req_reg[1]/Q.
ERROR: [DRC MDRV-1] Multiple Driver Nets: Net test_dummy/Q[2] has multiple drivers: my_loader/A_addrb_reg[2]/Q, and test_dummy/row_req_reg[2]/Q.
ERROR: [DRC MDRV-1] Multiple Driver Nets: Net test_dummy/Q[3] has multiple drivers: my_loader/A_addrb_reg[3]/Q, and test_dummy/row_req_reg[3]/Q.
ERROR: [DRC MDRV-1] Multiple Driver Nets: Net test_dummy/Q[4] has multiple drivers: my_loader/A_addrb_reg[4]/Q, and test_dummy/row_req_reg[4]/Q.
ERROR: [DRC MDRV-1] Multiple Driver Nets: Net test_dummy/UNCONN_OUT[0] has multiple drivers: my_loader/B_addrb_reg[0]/Q, and test_dummy/col_req_reg[0]/Q.
ERROR: [DRC MDRV-1] Multiple Driver Nets: Net test_dummy/UNCONN_OUT[1] has multiple drivers: my_loader/B_addrb_reg[1]/Q, and test_dummy/col_req_reg[1]/Q.
ERROR: [DRC MDRV-1] Multiple Driver Nets: Net test_dummy/UNCONN_OUT[2] has multiple drivers: test_dummy/col_req_reg[2]/Q, and my_loader/B_addrb_reg[2]/Q.
ERROR: [DRC MDRV-1] Multiple Driver Nets: Net test_dummy/UNCONN_OUT[3] has multiple drivers: my_loader/B_addrb_reg[3]/Q, and test_dummy/col_req_reg[3]/Q.
ERROR: [DRC MDRV-1] Multiple Driver Nets: Net test_dummy/UNCONN_OUT[4] has multiple drivers: my_loader/B_addrb_reg[4]/Q, and test_dummy/col_req_reg[4]/Q.
INFO: [Project 1-461] DRC finished with 12 Errors
INFO: [Project 1-462] Please refer to the DRC report (report_drc) for more information.
ERROR: [Vivado_Tcl 4-78] Error(s) found during DRC. Opt_design not run.

Time (s): cpu = 00:00:01 ; elapsed = 00:00:00.75 . Memory (MB): peak = 2734.074 ; gain = 64.031 ; free physical = 1984 ; free virtual = 6975
INFO: [Common 17-83] Releasing license: Implementation
5 Infos, 0 Warnings, 0 Critical Warnings and 13 Errors encountered.
opt_design failed
ERROR: [Common 17-39] 'opt_design' failed due to earlier errors.

    while executing
"opt_design"
    (file "build.tcl" line 40)
INFO: [Common 17-206] Exiting Vivado at Wed Dec 14 11:27:31 2022...
