#-----------------------------------------------------------
# Vivado v2022.1 (64-bit)
# SW Build 3526262 on Mon Apr 18 15:47:01 MDT 2022
# IP Build 3524634 on Mon Apr 18 20:55:01 MDT 2022
# Start of session at: Wed Dec 14 11:16:59 2022
# Process ID: 639065
# Current directory: /home/builder/6205_Project
# Command line: vivado -mode batch -source build.tcl
# Log file: /home/builder/6205_Project/vivado.log
# Journal file: /home/builder/6205_Project/vivado.jou
# Running On: EECS-DIGITAL-28, OS: Linux, CPU Frequency: 3776.702 MHz, CPU Physical cores: 4, Host memory: 8225 MB
#-----------------------------------------------------------
source build.tcl
# set partNum xc7a100tcsg324-1
# set outputDir output_files
# set verbose 0
# if { $argc > 0 } {
# 	if { $argc == 1 && [string compare [ lindex $argv 0 ] "-d"] == 0 } {
# 		set verbose 1
# 	} else {
# 		puts "usage: $argv0 \[-d\]"
# 		exit 1
# 	}
# }
# file mkdir $outputDir
# set files [glob -nocomplain "$outputDir/*"]
# if {[llength $files] != 0} {
#     file delete -force {*}[glob -directory $outputDir *];
# }
# read_verilog -sv [ glob ./src/*.{sv,v,svh,vh} ]
# read_xdc ./xdc/top_level.xdc
# set_part $partNum
INFO: [Coretcl 2-1500] The part has been set to 'xc7a100tcsg324-1' for the current project only. Run set_part -help for more details. To evaluate different speed grades in the current design, use the set_speed_grade command, or use the open_checkpoint -part command to change the part used by an existing checkpoint design.
# synth_design -top top_level -part $partNum -verbose
Command: synth_design -top top_level -part xc7a100tcsg324-1 -verbose
Starting synth_design
Attempting to get a license for feature 'Synthesis' and/or device 'xc7a100t'
INFO: [Common 17-349] Got license for feature 'Synthesis' and/or device 'xc7a100t'
INFO: [Device 21-403] Loading part xc7a100tcsg324-1
INFO: [Synth 8-7079] Multithreading enabled for synth_design using a maximum of 4 processes.
INFO: [Synth 8-7078] Launching helper process for spawning children vivado processes
INFO: [Synth 8-7075] Helper process launched with PID 639091
ERROR: [Synth 8-36] 'data_buffer' is not declared [/home/builder/6205_Project/src/aggregate.sv:31]
ERROR: [Synth 8-36] 'data_buffer' is not declared [/home/builder/6205_Project/src/aggregate.sv:41]
ERROR: [Synth 8-36] 'data_buffer' is not declared [/home/builder/6205_Project/src/aggregate.sv:51]
ERROR: [Synth 8-36] 'data_buffer' is not declared [/home/builder/6205_Project/src/aggregate.sv:56]
ERROR: [Synth 8-36] 'data_buffer' is not declared [/home/builder/6205_Project/src/aggregate.sv:57]
ERROR: [Synth 8-36] 'data_buffer' is not declared [/home/builder/6205_Project/src/aggregate.sv:58]
ERROR: [Synth 8-36] 'data_buffer' is not declared [/home/builder/6205_Project/src/aggregate.sv:59]
ERROR: [Synth 8-36] 'data_buffer' is not declared [/home/builder/6205_Project/src/aggregate.sv:60]
ERROR: [Synth 8-36] 'data_buffer' is not declared [/home/builder/6205_Project/src/aggregate.sv:61]
ERROR: [Synth 8-36] 'data_buffer' is not declared [/home/builder/6205_Project/src/aggregate.sv:62]
ERROR: [Synth 8-36] 'data_buffer' is not declared [/home/builder/6205_Project/src/aggregate.sv:63]
ERROR: [Synth 8-36] 'data_buffer' is not declared [/home/builder/6205_Project/src/aggregate.sv:64]
ERROR: [Synth 8-36] 'data_buffer' is not declared [/home/builder/6205_Project/src/aggregate.sv:65]
ERROR: [Synth 8-36] 'data_buffer' is not declared [/home/builder/6205_Project/src/aggregate.sv:66]
ERROR: [Synth 8-36] 'data_buffer' is not declared [/home/builder/6205_Project/src/aggregate.sv:67]
ERROR: [Synth 8-36] 'data_buffer' is not declared [/home/builder/6205_Project/src/aggregate.sv:68]
ERROR: [Synth 8-36] 'data_buffer' is not declared [/home/builder/6205_Project/src/aggregate.sv:69]
ERROR: [Synth 8-36] 'data_buffer' is not declared [/home/builder/6205_Project/src/aggregate.sv:70]
INFO: [Synth 8-8750] module 'aggregate' ignored due to previous errors [/home/builder/6205_Project/src/aggregate.sv:87]
Failed to read verilog '/home/builder/6205_Project/src/aggregate.sv'
INFO: [Common 17-83] Releasing license: Synthesis
7 Infos, 0 Warnings, 0 Critical Warnings and 19 Errors encountered.
synth_design failed
ERROR: [Common 17-69] Command failed: Synthesis failed - please see the console or run log file for details
INFO: [Common 17-206] Exiting Vivado at Wed Dec 14 11:17:16 2022...
