#! /usr/local/bin/vvp
:ivl_version "11.0 (stable)" "(v11_0-132-gb2f2414f4)";
:ivl_delay_selection "TYPICAL";
:vpi_time_precision - 12;
:vpi_module "/usr/local/lib/ivl/system.vpi";
:vpi_module "/usr/local/lib/ivl/vhdl_sys.vpi";
:vpi_module "/usr/local/lib/ivl/vhdl_textio.vpi";
:vpi_module "/usr/local/lib/ivl/v2005_math.vpi";
:vpi_module "/usr/local/lib/ivl/va_math.vpi";
:vpi_module "/usr/local/lib/ivl/v2009.vpi";
S_0x5610c7d71560 .scope package, "$unit" "$unit" 2 1;
 .timescale 0 0;
S_0x5610c7d46de0 .scope module, "ether_tb" "ether_tb" 3 4;
 .timescale -9 -12;
v0x5610c7da6d70_0 .net "axiod_out", 1 0, v0x5610c7da6370_0;  1 drivers
v0x5610c7da6e50_0 .net "axiov_out", 0 0, v0x5610c7da6470_0;  1 drivers
v0x5610c7da6f20_0 .var "clk", 0 0;
v0x5610c7da7020_0 .var "crsdv", 0 0;
v0x5610c7da70f0_0 .var "rst", 0 0;
v0x5610c7da7190_0 .var "rxd", 1 0;
S_0x5610c7d46f70 .scope begin, "$ivl_for_loop0" "$ivl_for_loop0" 3 50, 3 50 0, S_0x5610c7d46de0;
 .timescale -9 -12;
v0x5610c7d86310_0 .var/2s "i", 31 0;
S_0x5610c7da5df0 .scope begin, "$ivl_for_loop1" "$ivl_for_loop1" 3 60, 3 60 0, S_0x5610c7d46de0;
 .timescale -9 -12;
v0x5610c7da5ff0_0 .var/2s "i", 31 0;
S_0x5610c7da60d0 .scope module, "uut" "ether" 3 14, 4 4 0, S_0x5610c7d46de0;
 .timescale -9 -12;
    .port_info 0 /INPUT 1 "clk";
    .port_info 1 /INPUT 1 "rst";
    .port_info 2 /INPUT 1 "crsdv";
    .port_info 3 /INPUT 2 "rxd";
    .port_info 4 /OUTPUT 1 "axiov";
    .port_info 5 /OUTPUT 2 "axiod";
v0x5610c7da6370_0 .var "axiod", 1 0;
v0x5610c7da6470_0 .var "axiov", 0 0;
v0x5610c7da6530_0 .net "clk", 0 0, v0x5610c7da6f20_0;  1 drivers
v0x5610c7da6600_0 .net "crsdv", 0 0, v0x5610c7da7020_0;  1 drivers
v0x5610c7da66c0_0 .var "preamble_SFD_counter", 4 0;
v0x5610c7da67f0_0 .var "preamble_SFD_search", 0 0;
v0x5610c7da68b0_0 .net "rst", 0 0, v0x5610c7da70f0_0;  1 drivers
v0x5610c7da6970_0 .net "rxd", 1 0, v0x5610c7da7190_0;  1 drivers
v0x5610c7da6a50_0 .var "start_invalid", 0 0;
v0x5610c7da6b10_0 .var "transmit", 0 0;
v0x5610c7da6bd0_0 .var "transmit_counter", 13 0;
E_0x5610c7d88620 .event posedge, v0x5610c7da6530_0;
    .scope S_0x5610c7da60d0;
T_0 ;
    %wait E_0x5610c7d88620;
    %load/vec4 v0x5610c7da68b0_0;
    %flag_set/vec4 8;
    %jmp/0xz  T_0.0, 8;
    %pushi/vec4 0, 0, 1;
    %assign/vec4 v0x5610c7da67f0_0, 0;
    %pushi/vec4 0, 0, 5;
    %assign/vec4 v0x5610c7da66c0_0, 0;
    %pushi/vec4 0, 0, 1;
    %assign/vec4 v0x5610c7da6a50_0, 0;
    %pushi/vec4 0, 0, 1;
    %assign/vec4 v0x5610c7da6b10_0, 0;
    %pushi/vec4 0, 0, 14;
    %assign/vec4 v0x5610c7da6bd0_0, 0;
    %jmp T_0.1;
T_0.0 ;
    %load/vec4 v0x5610c7da6600_0;
    %flag_set/vec4 8;
    %jmp/0xz  T_0.2, 8;
    %load/vec4 v0x5610c7da6a50_0;
    %inv;
    %flag_set/vec4 8;
    %jmp/0xz  T_0.4, 8;
    %load/vec4 v0x5610c7da67f0_0;
    %inv;
    %load/vec4 v0x5610c7da6b10_0;
    %inv;
    %and;
    %load/vec4 v0x5610c7da6970_0;
    %pushi/vec4 1, 0, 2;
    %cmp/e;
    %flag_get/vec4 4;
    %and;
    %flag_set/vec4 8;
    %jmp/0xz  T_0.6, 8;
    %pushi/vec4 1, 0, 1;
    %assign/vec4 v0x5610c7da67f0_0, 0;
    %pushi/vec4 1, 0, 5;
    %assign/vec4 v0x5610c7da66c0_0, 0;
    %pushi/vec4 0, 0, 1;
    %assign/vec4 v0x5610c7da6470_0, 0;
    %jmp T_0.7;
T_0.6 ;
    %load/vec4 v0x5610c7da67f0_0;
    %flag_set/vec4 8;
    %jmp/0xz  T_0.8, 8;
    %load/vec4 v0x5610c7da66c0_0;
    %pad/u 32;
    %cmpi/e 31, 0, 32;
    %jmp/0xz  T_0.10, 4;
    %load/vec4 v0x5610c7da6970_0;
    %cmpi/e 3, 0, 2;
    %jmp/0xz  T_0.12, 4;
    %pushi/vec4 1, 0, 1;
    %assign/vec4 v0x5610c7da6b10_0, 0;
    %jmp T_0.13;
T_0.12 ;
    %pushi/vec4 1, 0, 1;
    %assign/vec4 v0x5610c7da6a50_0, 0;
T_0.13 ;
    %pushi/vec4 0, 0, 1;
    %assign/vec4 v0x5610c7da67f0_0, 0;
    %pushi/vec4 0, 0, 5;
    %assign/vec4 v0x5610c7da66c0_0, 0;
    %jmp T_0.11;
T_0.10 ;
    %load/vec4 v0x5610c7da6970_0;
    %cmpi/e 1, 0, 2;
    %jmp/0xz  T_0.14, 4;
    %load/vec4 v0x5610c7da66c0_0;
    %addi 1, 0, 5;
    %assign/vec4 v0x5610c7da66c0_0, 0;
    %jmp T_0.15;
T_0.14 ;
    %pushi/vec4 1, 0, 1;
    %assign/vec4 v0x5610c7da6a50_0, 0;
    %pushi/vec4 0, 0, 1;
    %assign/vec4 v0x5610c7da67f0_0, 0;
    %pushi/vec4 0, 0, 5;
    %assign/vec4 v0x5610c7da66c0_0, 0;
T_0.15 ;
T_0.11 ;
    %pushi/vec4 0, 0, 1;
    %assign/vec4 v0x5610c7da6470_0, 0;
T_0.8 ;
T_0.7 ;
    %load/vec4 v0x5610c7da6b10_0;
    %flag_set/vec4 8;
    %jmp/0xz  T_0.16, 8;
    %load/vec4 v0x5610c7da6600_0;
    %flag_set/vec4 8;
    %jmp/0xz  T_0.18, 8;
    %pushi/vec4 1, 0, 1;
    %assign/vec4 v0x5610c7da6470_0, 0;
    %load/vec4 v0x5610c7da6970_0;
    %assign/vec4 v0x5610c7da6370_0, 0;
    %jmp T_0.19;
T_0.18 ;
    %pushi/vec4 0, 0, 1;
    %assign/vec4 v0x5610c7da6b10_0, 0;
    %pushi/vec4 0, 0, 1;
    %assign/vec4 v0x5610c7da6470_0, 0;
T_0.19 ;
T_0.16 ;
    %jmp T_0.5;
T_0.4 ;
    %pushi/vec4 0, 0, 1;
    %assign/vec4 v0x5610c7da6470_0, 0;
T_0.5 ;
    %jmp T_0.3;
T_0.2 ;
    %pushi/vec4 0, 0, 1;
    %assign/vec4 v0x5610c7da67f0_0, 0;
    %pushi/vec4 0, 0, 5;
    %assign/vec4 v0x5610c7da66c0_0, 0;
    %pushi/vec4 0, 0, 1;
    %assign/vec4 v0x5610c7da6a50_0, 0;
    %pushi/vec4 0, 0, 1;
    %assign/vec4 v0x5610c7da6b10_0, 0;
    %pushi/vec4 0, 0, 14;
    %assign/vec4 v0x5610c7da6bd0_0, 0;
    %pushi/vec4 0, 0, 1;
    %assign/vec4 v0x5610c7da6470_0, 0;
T_0.3 ;
T_0.1 ;
    %jmp T_0;
    .thread T_0;
    .scope S_0x5610c7d46de0;
T_1 ;
    %delay 10000, 0;
    %load/vec4 v0x5610c7da6f20_0;
    %nor/r;
    %store/vec4 v0x5610c7da6f20_0, 0, 1;
    %jmp T_1;
    .thread T_1;
    .scope S_0x5610c7d46de0;
T_2 ;
    %vpi_call/w 3 29 "$dumpfile", "ether.vcd" {0 0 0};
    %vpi_call/w 3 30 "$dumpvars", 32'sb00000000000000000000000000000000, S_0x5610c7d46de0 {0 0 0};
    %vpi_call/w 3 31 "$display", "Starting Sim" {0 0 0};
    %pushi/vec4 0, 0, 1;
    %store/vec4 v0x5610c7da6f20_0, 0, 1;
    %pushi/vec4 0, 0, 1;
    %store/vec4 v0x5610c7da70f0_0, 0, 1;
    %delay 30000, 0;
    %pushi/vec4 1, 0, 1;
    %store/vec4 v0x5610c7da70f0_0, 0, 1;
    %delay 20000, 0;
    %pushi/vec4 0, 0, 1;
    %store/vec4 v0x5610c7da70f0_0, 0, 1;
    %pushi/vec4 1, 0, 1;
    %store/vec4 v0x5610c7da7020_0, 0, 1;
    %pushi/vec4 3, 0, 2;
    %store/vec4 v0x5610c7da7190_0, 0, 2;
    %delay 20000, 0;
    %pushi/vec4 1, 0, 1;
    %store/vec4 v0x5610c7da7020_0, 0, 1;
    %pushi/vec4 0, 0, 2;
    %store/vec4 v0x5610c7da7190_0, 0, 2;
    %delay 20000, 0;
    %pushi/vec4 1, 0, 1;
    %store/vec4 v0x5610c7da7020_0, 0, 1;
    %pushi/vec4 1, 0, 2;
    %store/vec4 v0x5610c7da7190_0, 0, 2;
    %delay 20000, 0;
    %fork t_1, S_0x5610c7d46f70;
    %jmp t_0;
    .scope S_0x5610c7d46f70;
t_1 ;
    %pushi/vec4 0, 0, 32;
    %store/vec4 v0x5610c7d86310_0, 0, 32;
T_2.0 ;
    %load/vec4 v0x5610c7d86310_0;
    %cmpi/s 31, 0, 32;
    %jmp/0xz T_2.1, 5;
    %pushi/vec4 1, 0, 1;
    %store/vec4 v0x5610c7da7020_0, 0, 1;
    %pushi/vec4 2, 0, 2;
    %store/vec4 v0x5610c7da7190_0, 0, 2;
    %delay 20000, 0;
    %load/vec4 v0x5610c7d86310_0;
    %addi 1, 0, 32;
    %cast2;
    %store/vec4 v0x5610c7d86310_0, 0, 32;
    %jmp T_2.0;
T_2.1 ;
    %end;
    .scope S_0x5610c7d46de0;
t_0 %join;
    %pushi/vec4 1, 0, 1;
    %store/vec4 v0x5610c7da7020_0, 0, 1;
    %pushi/vec4 3, 0, 2;
    %store/vec4 v0x5610c7da7190_0, 0, 2;
    %delay 20000, 0;
    %fork t_3, S_0x5610c7da5df0;
    %jmp t_2;
    .scope S_0x5610c7da5df0;
t_3 ;
    %pushi/vec4 0, 0, 32;
    %store/vec4 v0x5610c7da5ff0_0, 0, 32;
T_2.2 ;
    %load/vec4 v0x5610c7da5ff0_0;
    %cmpi/s 6040, 0, 32;
    %jmp/0xz T_2.3, 5;
    %load/vec4 v0x5610c7da5ff0_0;
    %pushi/vec4 3, 0, 32;
    %mod/s;
    %cmpi/e 0, 0, 32;
    %jmp/0xz  T_2.4, 4;
    %pushi/vec4 1, 0, 1;
    %store/vec4 v0x5610c7da7020_0, 0, 1;
    %pushi/vec4 3, 0, 2;
    %store/vec4 v0x5610c7da7190_0, 0, 2;
    %jmp T_2.5;
T_2.4 ;
    %pushi/vec4 1, 0, 1;
    %store/vec4 v0x5610c7da7020_0, 0, 1;
    %pushi/vec4 1, 0, 2;
    %store/vec4 v0x5610c7da7190_0, 0, 2;
T_2.5 ;
    %delay 20000, 0;
    %load/vec4 v0x5610c7da5ff0_0;
    %addi 1, 0, 32;
    %cast2;
    %store/vec4 v0x5610c7da5ff0_0, 0, 32;
    %jmp T_2.2;
T_2.3 ;
    %end;
    .scope S_0x5610c7d46de0;
t_2 %join;
    %pushi/vec4 0, 0, 1;
    %store/vec4 v0x5610c7da7020_0, 0, 1;
    %delay 20000, 0;
    %pushi/vec4 0, 0, 1;
    %store/vec4 v0x5610c7da7020_0, 0, 1;
    %vpi_call/w 3 74 "$display", "Finishing Sim" {0 0 0};
    %vpi_call/w 3 75 "$finish" {0 0 0};
    %end;
    .thread T_2;
# The file index is used to find the file name in the following table.
:file_names 5;
    "N/A";
    "<interactive>";
    "-";
    "sim/ether_tb.sv";
    "src/ether.sv";
