#! /usr/local/bin/vvp
:ivl_version "11.0 (stable)" "(v11_0-132-gb2f2414f4)";
:ivl_delay_selection "TYPICAL";
:vpi_time_precision - 12;
:vpi_module "/usr/local/lib/ivl/system.vpi";
:vpi_module "/usr/local/lib/ivl/vhdl_sys.vpi";
:vpi_module "/usr/local/lib/ivl/vhdl_textio.vpi";
:vpi_module "/usr/local/lib/ivl/v2005_math.vpi";
:vpi_module "/usr/local/lib/ivl/va_math.vpi";
:vpi_module "/usr/local/lib/ivl/v2009.vpi";
S_0x56374ed40f40 .scope package, "$unit" "$unit" 2 1;
 .timescale 0 0;
S_0x56374ed21bb0 .scope module, "ether_out_tb" "ether_out_tb" 3 4;
 .timescale -9 -12;
v0x56374ed65350_0 .var "axiid", 1 0;
v0x56374ed65460_0 .var "axiiv", 0 0;
v0x56374ed65530_0 .net "axiod", 1 0, v0x56374ed64300_0;  1 drivers
v0x56374ed65630_0 .net "axiov", 0 0, v0x56374ed643e0_0;  1 drivers
v0x56374ed65700_0 .var "clk", 0 0;
v0x56374ed657f0_0 .net "data_request", 0 0, v0x56374ed64610_0;  1 drivers
v0x56374ed65890_0 .var "preamble_signal", 0 0;
v0x56374ed65930_0 .var "rst", 0 0;
S_0x56374ed21d40 .scope begin, "$ivl_for_loop0" "$ivl_for_loop0" 3 55, 3 55 0, S_0x56374ed21bb0;
 .timescale -9 -12;
v0x56374ed62ee0_0 .var/2s "i", 31 0;
S_0x56374ece0ce0 .scope begin, "$ivl_for_loop1" "$ivl_for_loop1" 3 57, 3 57 0, S_0x56374ed21d40;
 .timescale -9 -12;
v0x56374ed62de0_0 .var/2s "j", 31 0;
S_0x56374ece0e70 .scope begin, "$ivl_for_loop2" "$ivl_for_loop2" 3 59, 3 59 0, S_0x56374ece0ce0;
 .timescale -9 -12;
v0x56374ed40160_0 .var/2s "k", 31 0;
S_0x56374ed62fe0 .scope begin, "$ivl_for_loop3" "$ivl_for_loop3" 3 71, 3 71 0, S_0x56374ed21bb0;
 .timescale -9 -12;
v0x56374ed631e0_0 .var/2s "i", 31 0;
S_0x56374ed632c0 .scope module, "uut" "ether_out" 3 15, 4 4 0, S_0x56374ed21bb0;
 .timescale -9 -12;
    .port_info 0 /INPUT 1 "clk";
    .port_info 1 /INPUT 1 "rst";
    .port_info 2 /INPUT 1 "axiiv";
    .port_info 3 /INPUT 2 "axiid";
    .port_info 4 /INPUT 1 "preamble_signal";
    .port_info 5 /OUTPUT 1 "axiov";
    .port_info 6 /OUTPUT 2 "axiod";
    .port_info 7 /OUTPUT 1 "data_request";
L_0x7f2eb4abe018 .functor BUFT 1, C4<01010101010101010101010101010101010101010101010101010101010101111111111111111111111111111111111111111111111111111111111111111111111111111111111111111111111111111001000000000000>, C4<0>, C4<0>, C4<0>;
v0x56374ed64080_0 .net "HEADER", 175 0, L_0x7f2eb4abe018;  1 drivers
v0x56374ed64180_0 .net "axiid", 1 0, v0x56374ed65350_0;  1 drivers
v0x56374ed64260_0 .net "axiiv", 0 0, v0x56374ed65460_0;  1 drivers
v0x56374ed64300_0 .var "axiod", 1 0;
v0x56374ed643e0_0 .var "axiov", 0 0;
v0x56374ed644a0_0 .net "clk", 0 0, v0x56374ed65700_0;  1 drivers
v0x56374ed64540_0 .var "crc_rst", 0 0;
v0x56374ed64610_0 .var "data_request", 0 0;
v0x56374ed646b0_0 .var "downtime", 0 0;
v0x56374ed64750_0 .var "fcs_counter", 3 0;
v0x56374ed64830_0 .var "fcs_hold", 31 0;
v0x56374ed64910_0 .var "fcs_in", 1 0;
v0x56374ed64a00_0 .var "fcs_in_valid", 0 0;
v0x56374ed64ad0_0 .net "fcs_out", 31 0, L_0x56374ed40000;  1 drivers
L_0x7f2eb4abe060 .functor BUFT 1, C4<1>, C4<0>, C4<0>, C4<0>;
v0x56374ed64ba0_0 .net "fcs_out_valid", 0 0, L_0x7f2eb4abe060;  1 drivers
v0x56374ed64c70_0 .var "gap_counter", 4 0;
v0x56374ed64d10_0 .var "header_counter", 6 0;
v0x56374ed64dd0_0 .net "preamble_signal", 0 0, v0x56374ed65890_0;  1 drivers
v0x56374ed64e90_0 .net "rst", 0 0, v0x56374ed65930_0;  1 drivers
v0x56374ed64f50_0 .var "transmit_data", 0 0;
v0x56374ed65010_0 .var "transmit_fcs", 0 0;
v0x56374ed650d0_0 .var "transmit_gap", 0 0;
v0x56374ed65190_0 .var "transmit_header", 0 0;
E_0x56374ed32530 .event edge, v0x56374ed65190_0, v0x56374ed64f50_0, v0x56374ed64e90_0;
S_0x56374ed63510 .scope module, "my_crc" "crc32" 4 36, 5 22 0, S_0x56374ed632c0;
 .timescale -9 -12;
    .port_info 0 /INPUT 1 "clk";
    .port_info 1 /INPUT 1 "rst";
    .port_info 2 /INPUT 1 "axiiv";
    .port_info 3 /INPUT 2 "axiid";
    .port_info 4 /OUTPUT 1 "axiov";
    .port_info 5 /OUTPUT 32 "axiod";
L_0x56374ed40000 .functor NOT 32, v0x56374ed63b50_0, C4<00000000000000000000000000000000>, C4<00000000000000000000000000000000>, C4<00000000000000000000000000000000>;
v0x56374ed63810_0 .net "axiid", 1 0, v0x56374ed64910_0;  1 drivers
v0x56374ed63910_0 .net "axiiv", 0 0, v0x56374ed64a00_0;  1 drivers
v0x56374ed639d0_0 .net "axiod", 31 0, L_0x56374ed40000;  alias, 1 drivers
v0x56374ed63a90_0 .net "axiov", 0 0, L_0x7f2eb4abe060;  alias, 1 drivers
v0x56374ed63b50_0 .var "caxiod", 31 0;
v0x56374ed63c80_0 .net "clk", 0 0, v0x56374ed65700_0;  alias, 1 drivers
v0x56374ed63d40_0 .var/i "i", 31 0;
v0x56374ed63e20_0 .net "rst", 0 0, v0x56374ed64540_0;  1 drivers
v0x56374ed63ee0_0 .var "saxiod", 31 0;
E_0x56374ed32690 .event posedge, v0x56374ed63c80_0;
E_0x56374ed33540 .event edge, v0x56374ed63b50_0, v0x56374ed63810_0;
    .scope S_0x56374ed63510;
T_0 ;
    %wait E_0x56374ed33540;
    %pushi/vec4 0, 0, 32;
    %store/vec4 v0x56374ed63d40_0, 0, 32;
T_0.0 ;
    %load/vec4 v0x56374ed63d40_0;
    %cmpi/s 32, 0, 32;
    %jmp/0xz T_0.1, 5;
    %load/vec4 v0x56374ed63d40_0;
    %dup/vec4;
    %pushi/vec4 0, 0, 32;
    %cmp/u;
    %jmp/1 T_0.2, 6;
    %dup/vec4;
    %pushi/vec4 1, 0, 32;
    %cmp/u;
    %jmp/1 T_0.3, 6;
    %dup/vec4;
    %pushi/vec4 4, 0, 32;
    %cmp/u;
    %jmp/1 T_0.4, 6;
    %dup/vec4;
    %pushi/vec4 7, 0, 32;
    %cmp/u;
    %jmp/1 T_0.5, 6;
    %dup/vec4;
    %pushi/vec4 10, 0, 32;
    %cmp/u;
    %jmp/1 T_0.6, 6;
    %dup/vec4;
    %pushi/vec4 16, 0, 32;
    %cmp/u;
    %jmp/1 T_0.7, 6;
    %dup/vec4;
    %pushi/vec4 22, 0, 32;
    %cmp/u;
    %jmp/1 T_0.8, 6;
    %dup/vec4;
    %pushi/vec4 26, 0, 32;
    %cmp/u;
    %jmp/1 T_0.9, 6;
    %dup/vec4;
    %pushi/vec4 2, 0, 32;
    %cmp/u;
    %jmp/1 T_0.10, 6;
    %dup/vec4;
    %pushi/vec4 5, 0, 32;
    %cmp/u;
    %jmp/1 T_0.11, 6;
    %dup/vec4;
    %pushi/vec4 8, 0, 32;
    %cmp/u;
    %jmp/1 T_0.12, 6;
    %dup/vec4;
    %pushi/vec4 11, 0, 32;
    %cmp/u;
    %jmp/1 T_0.13, 6;
    %dup/vec4;
    %pushi/vec4 12, 0, 32;
    %cmp/u;
    %jmp/1 T_0.14, 6;
    %dup/vec4;
    %pushi/vec4 23, 0, 32;
    %cmp/u;
    %jmp/1 T_0.15, 6;
    %dup/vec4;
    %pushi/vec4 3, 0, 32;
    %cmp/u;
    %jmp/1 T_0.16, 6;
    %dup/vec4;
    %pushi/vec4 6, 0, 32;
    %cmp/u;
    %jmp/1 T_0.17, 6;
    %dup/vec4;
    %pushi/vec4 9, 0, 32;
    %cmp/u;
    %jmp/1 T_0.18, 6;
    %dup/vec4;
    %pushi/vec4 13, 0, 32;
    %cmp/u;
    %jmp/1 T_0.19, 6;
    %dup/vec4;
    %pushi/vec4 17, 0, 32;
    %cmp/u;
    %jmp/1 T_0.20, 6;
    %dup/vec4;
    %pushi/vec4 24, 0, 32;
    %cmp/u;
    %jmp/1 T_0.21, 6;
    %dup/vec4;
    %pushi/vec4 27, 0, 32;
    %cmp/u;
    %jmp/1 T_0.22, 6;
    %load/vec4 v0x56374ed63b50_0;
    %load/vec4 v0x56374ed63d40_0;
    %subi 2, 0, 32;
    %part/s 1;
    %ix/getv/s 4, v0x56374ed63d40_0;
    %store/vec4 v0x56374ed63ee0_0, 4, 1;
    %jmp T_0.24;
T_0.2 ;
    %load/vec4 v0x56374ed63b50_0;
    %parti/s 1, 30, 6;
    %load/vec4 v0x56374ed63810_0;
    %parti/s 1, 1, 2;
    %xor;
    %ix/getv/s 4, v0x56374ed63d40_0;
    %store/vec4 v0x56374ed63ee0_0, 4, 1;
    %jmp T_0.24;
T_0.3 ;
    %load/vec4 v0x56374ed63b50_0;
    %parti/s 1, 31, 6;
    %load/vec4 v0x56374ed63810_0;
    %parti/s 1, 0, 2;
    %xor;
    %load/vec4 v0x56374ed63b50_0;
    %parti/s 1, 30, 6;
    %load/vec4 v0x56374ed63810_0;
    %parti/s 1, 1, 2;
    %xor;
    %xor;
    %ix/getv/s 4, v0x56374ed63d40_0;
    %store/vec4 v0x56374ed63ee0_0, 4, 1;
    %jmp T_0.24;
T_0.4 ;
    %load/vec4 v0x56374ed63b50_0;
    %load/vec4 v0x56374ed63d40_0;
    %subi 2, 0, 32;
    %part/s 1;
    %load/vec4 v0x56374ed63b50_0;
    %parti/s 1, 30, 6;
    %load/vec4 v0x56374ed63810_0;
    %parti/s 1, 1, 2;
    %xor;
    %xor;
    %ix/getv/s 4, v0x56374ed63d40_0;
    %store/vec4 v0x56374ed63ee0_0, 4, 1;
    %jmp T_0.24;
T_0.5 ;
    %load/vec4 v0x56374ed63b50_0;
    %load/vec4 v0x56374ed63d40_0;
    %subi 2, 0, 32;
    %part/s 1;
    %load/vec4 v0x56374ed63b50_0;
    %parti/s 1, 30, 6;
    %load/vec4 v0x56374ed63810_0;
    %parti/s 1, 1, 2;
    %xor;
    %xor;
    %ix/getv/s 4, v0x56374ed63d40_0;
    %store/vec4 v0x56374ed63ee0_0, 4, 1;
    %jmp T_0.24;
T_0.6 ;
    %load/vec4 v0x56374ed63b50_0;
    %load/vec4 v0x56374ed63d40_0;
    %subi 2, 0, 32;
    %part/s 1;
    %load/vec4 v0x56374ed63b50_0;
    %parti/s 1, 30, 6;
    %load/vec4 v0x56374ed63810_0;
    %parti/s 1, 1, 2;
    %xor;
    %xor;
    %ix/getv/s 4, v0x56374ed63d40_0;
    %store/vec4 v0x56374ed63ee0_0, 4, 1;
    %jmp T_0.24;
T_0.7 ;
    %load/vec4 v0x56374ed63b50_0;
    %load/vec4 v0x56374ed63d40_0;
    %subi 2, 0, 32;
    %part/s 1;
    %load/vec4 v0x56374ed63b50_0;
    %parti/s 1, 30, 6;
    %load/vec4 v0x56374ed63810_0;
    %parti/s 1, 1, 2;
    %xor;
    %xor;
    %ix/getv/s 4, v0x56374ed63d40_0;
    %store/vec4 v0x56374ed63ee0_0, 4, 1;
    %jmp T_0.24;
T_0.8 ;
    %load/vec4 v0x56374ed63b50_0;
    %load/vec4 v0x56374ed63d40_0;
    %subi 2, 0, 32;
    %part/s 1;
    %load/vec4 v0x56374ed63b50_0;
    %parti/s 1, 30, 6;
    %load/vec4 v0x56374ed63810_0;
    %parti/s 1, 1, 2;
    %xor;
    %xor;
    %ix/getv/s 4, v0x56374ed63d40_0;
    %store/vec4 v0x56374ed63ee0_0, 4, 1;
    %jmp T_0.24;
T_0.9 ;
    %load/vec4 v0x56374ed63b50_0;
    %load/vec4 v0x56374ed63d40_0;
    %subi 2, 0, 32;
    %part/s 1;
    %load/vec4 v0x56374ed63b50_0;
    %parti/s 1, 30, 6;
    %load/vec4 v0x56374ed63810_0;
    %parti/s 1, 1, 2;
    %xor;
    %xor;
    %ix/getv/s 4, v0x56374ed63d40_0;
    %store/vec4 v0x56374ed63ee0_0, 4, 1;
    %jmp T_0.24;
T_0.10 ;
    %load/vec4 v0x56374ed63b50_0;
    %load/vec4 v0x56374ed63d40_0;
    %subi 2, 0, 32;
    %part/s 1;
    %load/vec4 v0x56374ed63b50_0;
    %parti/s 1, 31, 6;
    %load/vec4 v0x56374ed63810_0;
    %parti/s 1, 0, 2;
    %xor;
    %load/vec4 v0x56374ed63b50_0;
    %parti/s 1, 30, 6;
    %load/vec4 v0x56374ed63810_0;
    %parti/s 1, 1, 2;
    %xor;
    %xor;
    %xor;
    %ix/getv/s 4, v0x56374ed63d40_0;
    %store/vec4 v0x56374ed63ee0_0, 4, 1;
    %jmp T_0.24;
T_0.11 ;
    %load/vec4 v0x56374ed63b50_0;
    %load/vec4 v0x56374ed63d40_0;
    %subi 2, 0, 32;
    %part/s 1;
    %load/vec4 v0x56374ed63b50_0;
    %parti/s 1, 31, 6;
    %load/vec4 v0x56374ed63810_0;
    %parti/s 1, 0, 2;
    %xor;
    %load/vec4 v0x56374ed63b50_0;
    %parti/s 1, 30, 6;
    %load/vec4 v0x56374ed63810_0;
    %parti/s 1, 1, 2;
    %xor;
    %xor;
    %xor;
    %ix/getv/s 4, v0x56374ed63d40_0;
    %store/vec4 v0x56374ed63ee0_0, 4, 1;
    %jmp T_0.24;
T_0.12 ;
    %load/vec4 v0x56374ed63b50_0;
    %load/vec4 v0x56374ed63d40_0;
    %subi 2, 0, 32;
    %part/s 1;
    %load/vec4 v0x56374ed63b50_0;
    %parti/s 1, 31, 6;
    %load/vec4 v0x56374ed63810_0;
    %parti/s 1, 0, 2;
    %xor;
    %load/vec4 v0x56374ed63b50_0;
    %parti/s 1, 30, 6;
    %load/vec4 v0x56374ed63810_0;
    %parti/s 1, 1, 2;
    %xor;
    %xor;
    %xor;
    %ix/getv/s 4, v0x56374ed63d40_0;
    %store/vec4 v0x56374ed63ee0_0, 4, 1;
    %jmp T_0.24;
T_0.13 ;
    %load/vec4 v0x56374ed63b50_0;
    %load/vec4 v0x56374ed63d40_0;
    %subi 2, 0, 32;
    %part/s 1;
    %load/vec4 v0x56374ed63b50_0;
    %parti/s 1, 31, 6;
    %load/vec4 v0x56374ed63810_0;
    %parti/s 1, 0, 2;
    %xor;
    %load/vec4 v0x56374ed63b50_0;
    %parti/s 1, 30, 6;
    %load/vec4 v0x56374ed63810_0;
    %parti/s 1, 1, 2;
    %xor;
    %xor;
    %xor;
    %ix/getv/s 4, v0x56374ed63d40_0;
    %store/vec4 v0x56374ed63ee0_0, 4, 1;
    %jmp T_0.24;
T_0.14 ;
    %load/vec4 v0x56374ed63b50_0;
    %load/vec4 v0x56374ed63d40_0;
    %subi 2, 0, 32;
    %part/s 1;
    %load/vec4 v0x56374ed63b50_0;
    %parti/s 1, 31, 6;
    %load/vec4 v0x56374ed63810_0;
    %parti/s 1, 0, 2;
    %xor;
    %load/vec4 v0x56374ed63b50_0;
    %parti/s 1, 30, 6;
    %load/vec4 v0x56374ed63810_0;
    %parti/s 1, 1, 2;
    %xor;
    %xor;
    %xor;
    %ix/getv/s 4, v0x56374ed63d40_0;
    %store/vec4 v0x56374ed63ee0_0, 4, 1;
    %jmp T_0.24;
T_0.15 ;
    %load/vec4 v0x56374ed63b50_0;
    %load/vec4 v0x56374ed63d40_0;
    %subi 2, 0, 32;
    %part/s 1;
    %load/vec4 v0x56374ed63b50_0;
    %parti/s 1, 31, 6;
    %load/vec4 v0x56374ed63810_0;
    %parti/s 1, 0, 2;
    %xor;
    %load/vec4 v0x56374ed63b50_0;
    %parti/s 1, 30, 6;
    %load/vec4 v0x56374ed63810_0;
    %parti/s 1, 1, 2;
    %xor;
    %xor;
    %xor;
    %ix/getv/s 4, v0x56374ed63d40_0;
    %store/vec4 v0x56374ed63ee0_0, 4, 1;
    %jmp T_0.24;
T_0.16 ;
    %load/vec4 v0x56374ed63b50_0;
    %load/vec4 v0x56374ed63d40_0;
    %subi 2, 0, 32;
    %part/s 1;
    %load/vec4 v0x56374ed63b50_0;
    %parti/s 1, 31, 6;
    %load/vec4 v0x56374ed63810_0;
    %parti/s 1, 0, 2;
    %xor;
    %xor;
    %ix/getv/s 4, v0x56374ed63d40_0;
    %store/vec4 v0x56374ed63ee0_0, 4, 1;
    %jmp T_0.24;
T_0.17 ;
    %load/vec4 v0x56374ed63b50_0;
    %load/vec4 v0x56374ed63d40_0;
    %subi 2, 0, 32;
    %part/s 1;
    %load/vec4 v0x56374ed63b50_0;
    %parti/s 1, 31, 6;
    %load/vec4 v0x56374ed63810_0;
    %parti/s 1, 0, 2;
    %xor;
    %xor;
    %ix/getv/s 4, v0x56374ed63d40_0;
    %store/vec4 v0x56374ed63ee0_0, 4, 1;
    %jmp T_0.24;
T_0.18 ;
    %load/vec4 v0x56374ed63b50_0;
    %load/vec4 v0x56374ed63d40_0;
    %subi 2, 0, 32;
    %part/s 1;
    %load/vec4 v0x56374ed63b50_0;
    %parti/s 1, 31, 6;
    %load/vec4 v0x56374ed63810_0;
    %parti/s 1, 0, 2;
    %xor;
    %xor;
    %ix/getv/s 4, v0x56374ed63d40_0;
    %store/vec4 v0x56374ed63ee0_0, 4, 1;
    %jmp T_0.24;
T_0.19 ;
    %load/vec4 v0x56374ed63b50_0;
    %load/vec4 v0x56374ed63d40_0;
    %subi 2, 0, 32;
    %part/s 1;
    %load/vec4 v0x56374ed63b50_0;
    %parti/s 1, 31, 6;
    %load/vec4 v0x56374ed63810_0;
    %parti/s 1, 0, 2;
    %xor;
    %xor;
    %ix/getv/s 4, v0x56374ed63d40_0;
    %store/vec4 v0x56374ed63ee0_0, 4, 1;
    %jmp T_0.24;
T_0.20 ;
    %load/vec4 v0x56374ed63b50_0;
    %load/vec4 v0x56374ed63d40_0;
    %subi 2, 0, 32;
    %part/s 1;
    %load/vec4 v0x56374ed63b50_0;
    %parti/s 1, 31, 6;
    %load/vec4 v0x56374ed63810_0;
    %parti/s 1, 0, 2;
    %xor;
    %xor;
    %ix/getv/s 4, v0x56374ed63d40_0;
    %store/vec4 v0x56374ed63ee0_0, 4, 1;
    %jmp T_0.24;
T_0.21 ;
    %load/vec4 v0x56374ed63b50_0;
    %load/vec4 v0x56374ed63d40_0;
    %subi 2, 0, 32;
    %part/s 1;
    %load/vec4 v0x56374ed63b50_0;
    %parti/s 1, 31, 6;
    %load/vec4 v0x56374ed63810_0;
    %parti/s 1, 0, 2;
    %xor;
    %xor;
    %ix/getv/s 4, v0x56374ed63d40_0;
    %store/vec4 v0x56374ed63ee0_0, 4, 1;
    %jmp T_0.24;
T_0.22 ;
    %load/vec4 v0x56374ed63b50_0;
    %load/vec4 v0x56374ed63d40_0;
    %subi 2, 0, 32;
    %part/s 1;
    %load/vec4 v0x56374ed63b50_0;
    %parti/s 1, 31, 6;
    %load/vec4 v0x56374ed63810_0;
    %parti/s 1, 0, 2;
    %xor;
    %xor;
    %ix/getv/s 4, v0x56374ed63d40_0;
    %store/vec4 v0x56374ed63ee0_0, 4, 1;
    %jmp T_0.24;
T_0.24 ;
    %pop/vec4 1;
    %load/vec4 v0x56374ed63d40_0;
    %addi 1, 0, 32;
    %store/vec4 v0x56374ed63d40_0, 0, 32;
    %jmp T_0.0;
T_0.1 ;
    %jmp T_0;
    .thread T_0, $push;
    .scope S_0x56374ed63510;
T_1 ;
    %wait E_0x56374ed32690;
    %load/vec4 v0x56374ed63e20_0;
    %flag_set/vec4 8;
    %jmp/0xz  T_1.0, 8;
    %pushi/vec4 4294967295, 0, 32;
    %assign/vec4 v0x56374ed63b50_0, 0;
    %jmp T_1.1;
T_1.0 ;
    %load/vec4 v0x56374ed63910_0;
    %flag_set/vec4 8;
    %jmp/0 T_1.2, 8;
    %load/vec4 v0x56374ed63ee0_0;
    %jmp/1 T_1.3, 8;
T_1.2 ; End of true expr.
    %load/vec4 v0x56374ed63b50_0;
    %jmp/0 T_1.3, 8;
 ; End of false expr.
    %blend;
T_1.3;
    %assign/vec4 v0x56374ed63b50_0, 0;
T_1.1 ;
    %jmp T_1;
    .thread T_1;
    .scope S_0x56374ed632c0;
T_2 ;
Ewait_0 .event/or E_0x56374ed32530, E_0x0;
    %wait Ewait_0;
    %load/vec4 v0x56374ed65190_0;
    %load/vec4 v0x56374ed64f50_0;
    %or;
    %flag_set/vec4 8;
    %jmp/0xz  T_2.0, 8;
    %load/vec4 v0x56374ed64e90_0;
    %store/vec4 v0x56374ed64540_0, 0, 1;
    %jmp T_2.1;
T_2.0 ;
    %pushi/vec4 1, 0, 1;
    %store/vec4 v0x56374ed64540_0, 0, 1;
T_2.1 ;
    %jmp T_2;
    .thread T_2, $push;
    .scope S_0x56374ed632c0;
T_3 ;
    %wait E_0x56374ed32690;
    %load/vec4 v0x56374ed64e90_0;
    %flag_set/vec4 8;
    %jmp/0xz  T_3.0, 8;
    %pushi/vec4 0, 0, 5;
    %assign/vec4 v0x56374ed64c70_0, 0;
    %pushi/vec4 0, 0, 7;
    %assign/vec4 v0x56374ed64d10_0, 0;
    %pushi/vec4 0, 0, 4;
    %assign/vec4 v0x56374ed64750_0, 0;
    %pushi/vec4 0, 0, 1;
    %assign/vec4 v0x56374ed65190_0, 0;
    %pushi/vec4 0, 0, 1;
    %assign/vec4 v0x56374ed64f50_0, 0;
    %pushi/vec4 0, 0, 1;
    %assign/vec4 v0x56374ed65010_0, 0;
    %pushi/vec4 0, 0, 1;
    %assign/vec4 v0x56374ed650d0_0, 0;
    %pushi/vec4 1, 0, 1;
    %assign/vec4 v0x56374ed646b0_0, 0;
    %pushi/vec4 0, 0, 1;
    %assign/vec4 v0x56374ed64a00_0, 0;
    %pushi/vec4 0, 0, 2;
    %assign/vec4 v0x56374ed64910_0, 0;
    %jmp T_3.1;
T_3.0 ;
    %load/vec4 v0x56374ed646b0_0;
    %flag_set/vec4 8;
    %jmp/0xz  T_3.2, 8;
    %load/vec4 v0x56374ed64dd0_0;
    %flag_set/vec4 8;
    %jmp/0xz  T_3.4, 8;
    %pushi/vec4 1, 0, 1;
    %assign/vec4 v0x56374ed65190_0, 0;
    %pushi/vec4 0, 0, 1;
    %assign/vec4 v0x56374ed646b0_0, 0;
T_3.4 ;
    %pushi/vec4 0, 0, 1;
    %assign/vec4 v0x56374ed64a00_0, 0;
    %pushi/vec4 0, 0, 2;
    %assign/vec4 v0x56374ed64910_0, 0;
    %jmp T_3.3;
T_3.2 ;
    %load/vec4 v0x56374ed65190_0;
    %flag_set/vec4 8;
    %jmp/0xz  T_3.6, 8;
    %load/vec4 v0x56374ed64d10_0;
    %cmpi/e 83, 0, 7;
    %flag_mov 8, 4;
    %jmp/0 T_3.8, 8;
    %pushi/vec4 1, 0, 1;
    %jmp/1 T_3.9, 8;
T_3.8 ; End of true expr.
    %pushi/vec4 0, 0, 1;
    %jmp/0 T_3.9, 8;
 ; End of false expr.
    %blend;
T_3.9;
    %assign/vec4 v0x56374ed64610_0, 0;
    %load/vec4 v0x56374ed64d10_0;
    %cmpi/e 87, 0, 7;
    %jmp/0xz  T_3.10, 4;
    %pushi/vec4 0, 0, 1;
    %assign/vec4 v0x56374ed65190_0, 0;
    %pushi/vec4 1, 0, 1;
    %assign/vec4 v0x56374ed64f50_0, 0;
    %pushi/vec4 0, 0, 7;
    %assign/vec4 v0x56374ed64d10_0, 0;
    %jmp T_3.11;
T_3.10 ;
    %load/vec4 v0x56374ed64d10_0;
    %addi 1, 0, 7;
    %assign/vec4 v0x56374ed64d10_0, 0;
T_3.11 ;
    %load/vec4 v0x56374ed64080_0;
    %pushi/vec4 175, 0, 32;
    %load/vec4 v0x56374ed64d10_0;
    %pad/u 32;
    %muli 2, 0, 32;
    %sub;
    %pad/u 34;
    %subi 1, 0, 34;
    %part/s 2;
    %assign/vec4 v0x56374ed64300_0, 0;
    %pushi/vec4 1, 0, 1;
    %assign/vec4 v0x56374ed643e0_0, 0;
    %pushi/vec4 1, 0, 1;
    %assign/vec4 v0x56374ed64a00_0, 0;
    %load/vec4 v0x56374ed64080_0;
    %pushi/vec4 175, 0, 32;
    %load/vec4 v0x56374ed64d10_0;
    %pad/u 32;
    %muli 2, 0, 32;
    %sub;
    %pad/u 34;
    %subi 1, 0, 34;
    %part/s 2;
    %assign/vec4 v0x56374ed64910_0, 0;
    %jmp T_3.7;
T_3.6 ;
    %load/vec4 v0x56374ed64f50_0;
    %flag_set/vec4 8;
    %jmp/0xz  T_3.12, 8;
    %load/vec4 v0x56374ed64260_0;
    %inv;
    %flag_set/vec4 8;
    %jmp/0xz  T_3.14, 8;
    %pushi/vec4 0, 0, 1;
    %assign/vec4 v0x56374ed64f50_0, 0;
    %pushi/vec4 1, 0, 1;
    %assign/vec4 v0x56374ed65010_0, 0;
    %load/vec4 v0x56374ed64ad0_0;
    %parti/s 2, 30, 6;
    %assign/vec4 v0x56374ed64300_0, 0;
    %pushi/vec4 1, 0, 1;
    %assign/vec4 v0x56374ed643e0_0, 0;
    %load/vec4 v0x56374ed64ad0_0;
    %assign/vec4 v0x56374ed64830_0, 0;
    %pushi/vec4 1, 0, 4;
    %assign/vec4 v0x56374ed64750_0, 0;
    %pushi/vec4 0, 0, 1;
    %assign/vec4 v0x56374ed64a00_0, 0;
    %pushi/vec4 0, 0, 2;
    %assign/vec4 v0x56374ed64910_0, 0;
    %jmp T_3.15;
T_3.14 ;
    %load/vec4 v0x56374ed64180_0;
    %assign/vec4 v0x56374ed64300_0, 0;
    %load/vec4 v0x56374ed64260_0;
    %assign/vec4 v0x56374ed643e0_0, 0;
    %load/vec4 v0x56374ed64260_0;
    %assign/vec4 v0x56374ed64a00_0, 0;
    %load/vec4 v0x56374ed64180_0;
    %assign/vec4 v0x56374ed64910_0, 0;
T_3.15 ;
    %jmp T_3.13;
T_3.12 ;
    %load/vec4 v0x56374ed65010_0;
    %flag_set/vec4 8;
    %jmp/0xz  T_3.16, 8;
    %load/vec4 v0x56374ed64750_0;
    %cmpi/e 15, 0, 4;
    %jmp/0xz  T_3.18, 4;
    %pushi/vec4 0, 0, 1;
    %assign/vec4 v0x56374ed65010_0, 0;
    %pushi/vec4 1, 0, 1;
    %assign/vec4 v0x56374ed650d0_0, 0;
T_3.18 ;
    %load/vec4 v0x56374ed64830_0;
    %pushi/vec4 31, 0, 32;
    %load/vec4 v0x56374ed64750_0;
    %pad/u 32;
    %muli 2, 0, 32;
    %sub;
    %pad/u 34;
    %subi 1, 0, 34;
    %part/s 2;
    %assign/vec4 v0x56374ed64300_0, 0;
    %load/vec4 v0x56374ed64750_0;
    %addi 1, 0, 4;
    %assign/vec4 v0x56374ed64750_0, 0;
    %pushi/vec4 0, 0, 1;
    %assign/vec4 v0x56374ed64a00_0, 0;
    %pushi/vec4 0, 0, 2;
    %assign/vec4 v0x56374ed64910_0, 0;
    %jmp T_3.17;
T_3.16 ;
    %load/vec4 v0x56374ed650d0_0;
    %flag_set/vec4 8;
    %jmp/0xz  T_3.20, 8;
    %load/vec4 v0x56374ed64c70_0;
    %cmpi/e 31, 0, 5;
    %jmp/0xz  T_3.22, 4;
    %pushi/vec4 0, 0, 1;
    %assign/vec4 v0x56374ed650d0_0, 0;
    %pushi/vec4 0, 0, 1;
    %assign/vec4 v0x56374ed646b0_0, 0;
T_3.22 ;
    %load/vec4 v0x56374ed64c70_0;
    %addi 1, 0, 5;
    %assign/vec4 v0x56374ed64c70_0, 0;
    %pushi/vec4 0, 0, 1;
    %assign/vec4 v0x56374ed64a00_0, 0;
    %pushi/vec4 0, 0, 2;
    %assign/vec4 v0x56374ed64910_0, 0;
    %pushi/vec4 0, 0, 2;
    %assign/vec4 v0x56374ed64300_0, 0;
    %pushi/vec4 0, 0, 1;
    %assign/vec4 v0x56374ed643e0_0, 0;
T_3.20 ;
T_3.17 ;
T_3.13 ;
T_3.7 ;
T_3.3 ;
T_3.1 ;
    %jmp T_3;
    .thread T_3;
    .scope S_0x56374ed21bb0;
T_4 ;
    %delay 10000, 0;
    %load/vec4 v0x56374ed65700_0;
    %nor/r;
    %store/vec4 v0x56374ed65700_0, 0, 1;
    %jmp T_4;
    .thread T_4;
    .scope S_0x56374ed21bb0;
T_5 ;
    %vpi_call/w 3 33 "$dumpfile", "ether_out.vcd" {0 0 0};
    %vpi_call/w 3 34 "$dumpvars", 32'sb00000000000000000000000000000000, S_0x56374ed21bb0 {0 0 0};
    %vpi_call/w 3 35 "$display", "Starting Sim" {0 0 0};
    %pushi/vec4 0, 0, 1;
    %store/vec4 v0x56374ed65700_0, 0, 1;
    %pushi/vec4 0, 0, 1;
    %store/vec4 v0x56374ed65930_0, 0, 1;
    %delay 30000, 0;
    %pushi/vec4 1, 0, 1;
    %store/vec4 v0x56374ed65930_0, 0, 1;
    %delay 20000, 0;
    %pushi/vec4 0, 0, 1;
    %store/vec4 v0x56374ed65930_0, 0, 1;
    %delay 20000, 0;
    %delay 20000, 0;
    %delay 20000, 0;
    %pushi/vec4 1, 0, 1;
    %store/vec4 v0x56374ed65890_0, 0, 1;
    %delay 20000, 0;
    %pushi/vec4 0, 0, 1;
    %store/vec4 v0x56374ed65890_0, 0, 1;
    %delay 20000, 0;
    %delay 20000, 0;
    %delay 20000, 0;
    %delay 20000, 0;
    %fork t_1, S_0x56374ed21d40;
    %jmp t_0;
    .scope S_0x56374ed21d40;
t_1 ;
    %pushi/vec4 0, 0, 32;
    %store/vec4 v0x56374ed62ee0_0, 0, 32;
T_5.0 ;
    %load/vec4 v0x56374ed62ee0_0;
    %cmpi/s 32, 0, 32;
    %jmp/0xz T_5.1, 5;
    %fork t_3, S_0x56374ece0ce0;
    %jmp t_2;
    .scope S_0x56374ece0ce0;
t_3 ;
    %pushi/vec4 0, 0, 32;
    %store/vec4 v0x56374ed62de0_0, 0, 32;
T_5.2 ;
    %load/vec4 v0x56374ed62de0_0;
    %cmpi/s 32, 0, 32;
    %jmp/0xz T_5.3, 5;
    %fork t_5, S_0x56374ece0e70;
    %jmp t_4;
    .scope S_0x56374ece0e70;
t_5 ;
    %pushi/vec4 0, 0, 32;
    %store/vec4 v0x56374ed40160_0, 0, 32;
T_5.4 ;
    %load/vec4 v0x56374ed40160_0;
    %cmpi/s 4, 0, 32;
    %jmp/0xz T_5.5, 5;
    %load/vec4 v0x56374ed62ee0_0;
    %load/vec4 v0x56374ed62de0_0;
    %cmp/e;
    %jmp/0xz  T_5.6, 4;
    %pushi/vec4 1, 0, 1;
    %store/vec4 v0x56374ed65460_0, 0, 1;
    %pushi/vec4 0, 0, 2;
    %store/vec4 v0x56374ed65350_0, 0, 2;
    %jmp T_5.7;
T_5.6 ;
    %pushi/vec4 3, 0, 2;
    %store/vec4 v0x56374ed65350_0, 0, 2;
    %pushi/vec4 1, 0, 1;
    %store/vec4 v0x56374ed65460_0, 0, 1;
T_5.7 ;
    %delay 20000, 0;
    %load/vec4 v0x56374ed40160_0;
    %addi 1, 0, 32;
    %cast2;
    %store/vec4 v0x56374ed40160_0, 0, 32;
    %jmp T_5.4;
T_5.5 ;
    %end;
    .scope S_0x56374ece0ce0;
t_4 %join;
    %load/vec4 v0x56374ed62de0_0;
    %addi 1, 0, 32;
    %cast2;
    %store/vec4 v0x56374ed62de0_0, 0, 32;
    %jmp T_5.2;
T_5.3 ;
    %end;
    .scope S_0x56374ed21d40;
t_2 %join;
    %load/vec4 v0x56374ed62ee0_0;
    %addi 1, 0, 32;
    %cast2;
    %store/vec4 v0x56374ed62ee0_0, 0, 32;
    %jmp T_5.0;
T_5.1 ;
    %end;
    .scope S_0x56374ed21bb0;
t_0 %join;
    %fork t_7, S_0x56374ed62fe0;
    %jmp t_6;
    .scope S_0x56374ed62fe0;
t_7 ;
    %pushi/vec4 0, 0, 32;
    %store/vec4 v0x56374ed631e0_0, 0, 32;
T_5.8 ;
    %load/vec4 v0x56374ed631e0_0;
    %cmpi/s 10000, 0, 32;
    %jmp/0xz T_5.9, 5;
    %pushi/vec4 0, 0, 1;
    %assign/vec4 v0x56374ed65460_0, 0;
    %delay 20000, 0;
    %load/vec4 v0x56374ed631e0_0;
    %addi 1, 0, 32;
    %cast2;
    %store/vec4 v0x56374ed631e0_0, 0, 32;
    %jmp T_5.8;
T_5.9 ;
    %end;
    .scope S_0x56374ed21bb0;
t_6 %join;
    %vpi_call/w 3 76 "$display", "Finishing Sim" {0 0 0};
    %vpi_call/w 3 77 "$finish" {0 0 0};
    %end;
    .thread T_5;
# The file index is used to find the file name in the following table.
:file_names 6;
    "N/A";
    "<interactive>";
    "-";
    "sim/ether_out_tb.sv";
    "src/ether_out.sv";
    "src/crc32.sv";
