#! /usr/local/bin/vvp
:ivl_version "11.0 (stable)" "(v11_0-132-gb2f2414f4)";
:ivl_delay_selection "TYPICAL";
:vpi_time_precision - 12;
:vpi_module "/usr/local/lib/ivl/system.vpi";
:vpi_module "/usr/local/lib/ivl/vhdl_sys.vpi";
:vpi_module "/usr/local/lib/ivl/vhdl_textio.vpi";
:vpi_module "/usr/local/lib/ivl/v2005_math.vpi";
:vpi_module "/usr/local/lib/ivl/va_math.vpi";
:vpi_module "/usr/local/lib/ivl/v2009.vpi";
S_0x55a4f27d3ed0 .scope package, "$unit" "$unit" 2 1;
 .timescale 0 0;
S_0x55a4f27c9540 .scope module, "fcs_tb" "fcs_tb" 3 7;
 .timescale -9 -12;
v0x55a4f27f8b50_0 .var "axiid", 1 0;
v0x55a4f27f8c30_0 .var "axiiv", 0 0;
v0x55a4f27f8d40_0 .var "clk", 0 0;
v0x55a4f27f8e30_0 .net "done", 0 0, v0x55a4f27f8530_0;  1 drivers
v0x55a4f27f8ed0_0 .net "kill", 0 0, v0x55a4f27f85d0_0;  1 drivers
v0x55a4f27f8fc0_0 .var "rst", 0 0;
S_0x55a4f27c96d0 .scope begin, "$ivl_for_loop0" "$ivl_for_loop0" 3 46, 3 46 0, S_0x55a4f27c9540;
 .timescale -9 -12;
v0x55a4f27d3480_0 .var/2s "i", 31 0;
S_0x55a4f27f6890 .scope begin, "$ivl_for_loop1" "$ivl_for_loop1" 3 55, 3 55 0, S_0x55a4f27c9540;
 .timescale -9 -12;
v0x55a4f27f6a90_0 .var/2s "i", 31 0;
S_0x55a4f27f6b70 .scope begin, "$ivl_for_loop2" "$ivl_for_loop2" 3 67, 3 67 0, S_0x55a4f27c9540;
 .timescale -9 -12;
v0x55a4f27f6d50_0 .var/2s "i", 31 0;
S_0x55a4f27f6e30 .scope begin, "$ivl_for_loop3" "$ivl_for_loop3" 3 76, 3 76 0, S_0x55a4f27c9540;
 .timescale -9 -12;
v0x55a4f27f7010_0 .var/2s "i", 31 0;
S_0x55a4f27f7110 .scope module, "uut" "cksum" 3 17, 4 5 0, S_0x55a4f27c9540;
 .timescale -9 -12;
    .port_info 0 /INPUT 1 "clk";
    .port_info 1 /INPUT 1 "rst";
    .port_info 2 /INPUT 1 "axiiv";
    .port_info 3 /INPUT 2 "axiid";
    .port_info 4 /OUTPUT 1 "done";
    .port_info 5 /OUTPUT 1 "kill";
L_0x7f5cf0fff018 .functor BUFT 1, C4<0>, C4<0>, C4<0>, C4<0>;
v0x55a4f27f7fa0_0 .net "CKSUM", 0 0, L_0x7f5cf0fff018;  1 drivers
v0x55a4f27f8080_0 .net "axiid", 1 0, v0x55a4f27f8b50_0;  1 drivers
v0x55a4f27f8140_0 .net "axiiv", 0 0, v0x55a4f27f8c30_0;  1 drivers
v0x55a4f27f81e0_0 .net "axiod_out", 31 0, L_0x55a4f27d3320;  1 drivers
L_0x7f5cf0fff060 .functor BUFT 1, C4<1>, C4<0>, C4<0>, C4<0>;
v0x55a4f27f8280_0 .net "axiov_out", 0 0, L_0x7f5cf0fff060;  1 drivers
v0x55a4f27f8320_0 .net "clk", 0 0, v0x55a4f27f8d40_0;  1 drivers
v0x55a4f27f83c0_0 .var "complete", 0 0;
v0x55a4f27f8460_0 .var "crc_rst", 0 0;
v0x55a4f27f8530_0 .var "done", 0 0;
v0x55a4f27f85d0_0 .var "kill", 0 0;
v0x55a4f27f8670_0 .var "packet", 0 0;
v0x55a4f27f8710_0 .var "prev_axiiv", 0 0;
v0x55a4f27f87b0_0 .net "rst", 0 0, v0x55a4f27f8fc0_0;  1 drivers
v0x55a4f27f8850_0 .var "same", 0 0;
v0x55a4f27f8910_0 .var "set", 0 0;
v0x55a4f27f89d0_0 .var "waiting", 0 0;
E_0x55a4f27c4440/0 .event edge, v0x55a4f27f83c0_0, v0x55a4f27f8850_0, v0x55a4f27f87b0_0, v0x55a4f27f7830_0;
E_0x55a4f27c4440/1 .event edge, v0x55a4f27f8910_0;
E_0x55a4f27c4440 .event/or E_0x55a4f27c4440/0, E_0x55a4f27c4440/1;
S_0x55a4f27f7430 .scope module, "my_crc" "crc32" 4 29, 5 22 0, S_0x55a4f27f7110;
 .timescale -9 -12;
    .port_info 0 /INPUT 1 "clk";
    .port_info 1 /INPUT 1 "rst";
    .port_info 2 /INPUT 1 "axiiv";
    .port_info 3 /INPUT 2 "axiid";
    .port_info 4 /OUTPUT 1 "axiov";
    .port_info 5 /OUTPUT 32 "axiod";
L_0x55a4f27d3320 .functor NOT 32, v0x55a4f27f7a70_0, C4<00000000000000000000000000000000>, C4<00000000000000000000000000000000>, C4<00000000000000000000000000000000>;
v0x55a4f27f7730_0 .net "axiid", 1 0, v0x55a4f27f8b50_0;  alias, 1 drivers
v0x55a4f27f7830_0 .net "axiiv", 0 0, v0x55a4f27f8c30_0;  alias, 1 drivers
v0x55a4f27f78f0_0 .net "axiod", 31 0, L_0x55a4f27d3320;  alias, 1 drivers
v0x55a4f27f79b0_0 .net "axiov", 0 0, L_0x7f5cf0fff060;  alias, 1 drivers
v0x55a4f27f7a70_0 .var "caxiod", 31 0;
v0x55a4f27f7ba0_0 .net "clk", 0 0, v0x55a4f27f8d40_0;  alias, 1 drivers
v0x55a4f27f7c60_0 .var/i "i", 31 0;
v0x55a4f27f7d40_0 .net "rst", 0 0, v0x55a4f27f8460_0;  1 drivers
v0x55a4f27f7e00_0 .var "saxiod", 31 0;
E_0x55a4f27c3080 .event posedge, v0x55a4f27f7ba0_0;
E_0x55a4f27a42a0 .event edge, v0x55a4f27f7a70_0, v0x55a4f27f7730_0;
    .scope S_0x55a4f27f7430;
T_0 ;
    %wait E_0x55a4f27a42a0;
    %pushi/vec4 0, 0, 32;
    %store/vec4 v0x55a4f27f7c60_0, 0, 32;
T_0.0 ;
    %load/vec4 v0x55a4f27f7c60_0;
    %cmpi/s 32, 0, 32;
    %jmp/0xz T_0.1, 5;
    %load/vec4 v0x55a4f27f7c60_0;
    %dup/vec4;
    %pushi/vec4 0, 0, 32;
    %cmp/u;
    %jmp/1 T_0.2, 6;
    %dup/vec4;
    %pushi/vec4 1, 0, 32;
    %cmp/u;
    %jmp/1 T_0.3, 6;
    %dup/vec4;
    %pushi/vec4 4, 0, 32;
    %cmp/u;
    %jmp/1 T_0.4, 6;
    %dup/vec4;
    %pushi/vec4 7, 0, 32;
    %cmp/u;
    %jmp/1 T_0.5, 6;
    %dup/vec4;
    %pushi/vec4 10, 0, 32;
    %cmp/u;
    %jmp/1 T_0.6, 6;
    %dup/vec4;
    %pushi/vec4 16, 0, 32;
    %cmp/u;
    %jmp/1 T_0.7, 6;
    %dup/vec4;
    %pushi/vec4 22, 0, 32;
    %cmp/u;
    %jmp/1 T_0.8, 6;
    %dup/vec4;
    %pushi/vec4 26, 0, 32;
    %cmp/u;
    %jmp/1 T_0.9, 6;
    %dup/vec4;
    %pushi/vec4 2, 0, 32;
    %cmp/u;
    %jmp/1 T_0.10, 6;
    %dup/vec4;
    %pushi/vec4 5, 0, 32;
    %cmp/u;
    %jmp/1 T_0.11, 6;
    %dup/vec4;
    %pushi/vec4 8, 0, 32;
    %cmp/u;
    %jmp/1 T_0.12, 6;
    %dup/vec4;
    %pushi/vec4 11, 0, 32;
    %cmp/u;
    %jmp/1 T_0.13, 6;
    %dup/vec4;
    %pushi/vec4 12, 0, 32;
    %cmp/u;
    %jmp/1 T_0.14, 6;
    %dup/vec4;
    %pushi/vec4 23, 0, 32;
    %cmp/u;
    %jmp/1 T_0.15, 6;
    %dup/vec4;
    %pushi/vec4 3, 0, 32;
    %cmp/u;
    %jmp/1 T_0.16, 6;
    %dup/vec4;
    %pushi/vec4 6, 0, 32;
    %cmp/u;
    %jmp/1 T_0.17, 6;
    %dup/vec4;
    %pushi/vec4 9, 0, 32;
    %cmp/u;
    %jmp/1 T_0.18, 6;
    %dup/vec4;
    %pushi/vec4 13, 0, 32;
    %cmp/u;
    %jmp/1 T_0.19, 6;
    %dup/vec4;
    %pushi/vec4 17, 0, 32;
    %cmp/u;
    %jmp/1 T_0.20, 6;
    %dup/vec4;
    %pushi/vec4 24, 0, 32;
    %cmp/u;
    %jmp/1 T_0.21, 6;
    %dup/vec4;
    %pushi/vec4 27, 0, 32;
    %cmp/u;
    %jmp/1 T_0.22, 6;
    %load/vec4 v0x55a4f27f7a70_0;
    %load/vec4 v0x55a4f27f7c60_0;
    %subi 2, 0, 32;
    %part/s 1;
    %ix/getv/s 4, v0x55a4f27f7c60_0;
    %store/vec4 v0x55a4f27f7e00_0, 4, 1;
    %jmp T_0.24;
T_0.2 ;
    %load/vec4 v0x55a4f27f7a70_0;
    %parti/s 1, 30, 6;
    %load/vec4 v0x55a4f27f7730_0;
    %parti/s 1, 1, 2;
    %xor;
    %ix/getv/s 4, v0x55a4f27f7c60_0;
    %store/vec4 v0x55a4f27f7e00_0, 4, 1;
    %jmp T_0.24;
T_0.3 ;
    %load/vec4 v0x55a4f27f7a70_0;
    %parti/s 1, 31, 6;
    %load/vec4 v0x55a4f27f7730_0;
    %parti/s 1, 0, 2;
    %xor;
    %load/vec4 v0x55a4f27f7a70_0;
    %parti/s 1, 30, 6;
    %load/vec4 v0x55a4f27f7730_0;
    %parti/s 1, 1, 2;
    %xor;
    %xor;
    %ix/getv/s 4, v0x55a4f27f7c60_0;
    %store/vec4 v0x55a4f27f7e00_0, 4, 1;
    %jmp T_0.24;
T_0.4 ;
    %load/vec4 v0x55a4f27f7a70_0;
    %load/vec4 v0x55a4f27f7c60_0;
    %subi 2, 0, 32;
    %part/s 1;
    %load/vec4 v0x55a4f27f7a70_0;
    %parti/s 1, 30, 6;
    %load/vec4 v0x55a4f27f7730_0;
    %parti/s 1, 1, 2;
    %xor;
    %xor;
    %ix/getv/s 4, v0x55a4f27f7c60_0;
    %store/vec4 v0x55a4f27f7e00_0, 4, 1;
    %jmp T_0.24;
T_0.5 ;
    %load/vec4 v0x55a4f27f7a70_0;
    %load/vec4 v0x55a4f27f7c60_0;
    %subi 2, 0, 32;
    %part/s 1;
    %load/vec4 v0x55a4f27f7a70_0;
    %parti/s 1, 30, 6;
    %load/vec4 v0x55a4f27f7730_0;
    %parti/s 1, 1, 2;
    %xor;
    %xor;
    %ix/getv/s 4, v0x55a4f27f7c60_0;
    %store/vec4 v0x55a4f27f7e00_0, 4, 1;
    %jmp T_0.24;
T_0.6 ;
    %load/vec4 v0x55a4f27f7a70_0;
    %load/vec4 v0x55a4f27f7c60_0;
    %subi 2, 0, 32;
    %part/s 1;
    %load/vec4 v0x55a4f27f7a70_0;
    %parti/s 1, 30, 6;
    %load/vec4 v0x55a4f27f7730_0;
    %parti/s 1, 1, 2;
    %xor;
    %xor;
    %ix/getv/s 4, v0x55a4f27f7c60_0;
    %store/vec4 v0x55a4f27f7e00_0, 4, 1;
    %jmp T_0.24;
T_0.7 ;
    %load/vec4 v0x55a4f27f7a70_0;
    %load/vec4 v0x55a4f27f7c60_0;
    %subi 2, 0, 32;
    %part/s 1;
    %load/vec4 v0x55a4f27f7a70_0;
    %parti/s 1, 30, 6;
    %load/vec4 v0x55a4f27f7730_0;
    %parti/s 1, 1, 2;
    %xor;
    %xor;
    %ix/getv/s 4, v0x55a4f27f7c60_0;
    %store/vec4 v0x55a4f27f7e00_0, 4, 1;
    %jmp T_0.24;
T_0.8 ;
    %load/vec4 v0x55a4f27f7a70_0;
    %load/vec4 v0x55a4f27f7c60_0;
    %subi 2, 0, 32;
    %part/s 1;
    %load/vec4 v0x55a4f27f7a70_0;
    %parti/s 1, 30, 6;
    %load/vec4 v0x55a4f27f7730_0;
    %parti/s 1, 1, 2;
    %xor;
    %xor;
    %ix/getv/s 4, v0x55a4f27f7c60_0;
    %store/vec4 v0x55a4f27f7e00_0, 4, 1;
    %jmp T_0.24;
T_0.9 ;
    %load/vec4 v0x55a4f27f7a70_0;
    %load/vec4 v0x55a4f27f7c60_0;
    %subi 2, 0, 32;
    %part/s 1;
    %load/vec4 v0x55a4f27f7a70_0;
    %parti/s 1, 30, 6;
    %load/vec4 v0x55a4f27f7730_0;
    %parti/s 1, 1, 2;
    %xor;
    %xor;
    %ix/getv/s 4, v0x55a4f27f7c60_0;
    %store/vec4 v0x55a4f27f7e00_0, 4, 1;
    %jmp T_0.24;
T_0.10 ;
    %load/vec4 v0x55a4f27f7a70_0;
    %load/vec4 v0x55a4f27f7c60_0;
    %subi 2, 0, 32;
    %part/s 1;
    %load/vec4 v0x55a4f27f7a70_0;
    %parti/s 1, 31, 6;
    %load/vec4 v0x55a4f27f7730_0;
    %parti/s 1, 0, 2;
    %xor;
    %load/vec4 v0x55a4f27f7a70_0;
    %parti/s 1, 30, 6;
    %load/vec4 v0x55a4f27f7730_0;
    %parti/s 1, 1, 2;
    %xor;
    %xor;
    %xor;
    %ix/getv/s 4, v0x55a4f27f7c60_0;
    %store/vec4 v0x55a4f27f7e00_0, 4, 1;
    %jmp T_0.24;
T_0.11 ;
    %load/vec4 v0x55a4f27f7a70_0;
    %load/vec4 v0x55a4f27f7c60_0;
    %subi 2, 0, 32;
    %part/s 1;
    %load/vec4 v0x55a4f27f7a70_0;
    %parti/s 1, 31, 6;
    %load/vec4 v0x55a4f27f7730_0;
    %parti/s 1, 0, 2;
    %xor;
    %load/vec4 v0x55a4f27f7a70_0;
    %parti/s 1, 30, 6;
    %load/vec4 v0x55a4f27f7730_0;
    %parti/s 1, 1, 2;
    %xor;
    %xor;
    %xor;
    %ix/getv/s 4, v0x55a4f27f7c60_0;
    %store/vec4 v0x55a4f27f7e00_0, 4, 1;
    %jmp T_0.24;
T_0.12 ;
    %load/vec4 v0x55a4f27f7a70_0;
    %load/vec4 v0x55a4f27f7c60_0;
    %subi 2, 0, 32;
    %part/s 1;
    %load/vec4 v0x55a4f27f7a70_0;
    %parti/s 1, 31, 6;
    %load/vec4 v0x55a4f27f7730_0;
    %parti/s 1, 0, 2;
    %xor;
    %load/vec4 v0x55a4f27f7a70_0;
    %parti/s 1, 30, 6;
    %load/vec4 v0x55a4f27f7730_0;
    %parti/s 1, 1, 2;
    %xor;
    %xor;
    %xor;
    %ix/getv/s 4, v0x55a4f27f7c60_0;
    %store/vec4 v0x55a4f27f7e00_0, 4, 1;
    %jmp T_0.24;
T_0.13 ;
    %load/vec4 v0x55a4f27f7a70_0;
    %load/vec4 v0x55a4f27f7c60_0;
    %subi 2, 0, 32;
    %part/s 1;
    %load/vec4 v0x55a4f27f7a70_0;
    %parti/s 1, 31, 6;
    %load/vec4 v0x55a4f27f7730_0;
    %parti/s 1, 0, 2;
    %xor;
    %load/vec4 v0x55a4f27f7a70_0;
    %parti/s 1, 30, 6;
    %load/vec4 v0x55a4f27f7730_0;
    %parti/s 1, 1, 2;
    %xor;
    %xor;
    %xor;
    %ix/getv/s 4, v0x55a4f27f7c60_0;
    %store/vec4 v0x55a4f27f7e00_0, 4, 1;
    %jmp T_0.24;
T_0.14 ;
    %load/vec4 v0x55a4f27f7a70_0;
    %load/vec4 v0x55a4f27f7c60_0;
    %subi 2, 0, 32;
    %part/s 1;
    %load/vec4 v0x55a4f27f7a70_0;
    %parti/s 1, 31, 6;
    %load/vec4 v0x55a4f27f7730_0;
    %parti/s 1, 0, 2;
    %xor;
    %load/vec4 v0x55a4f27f7a70_0;
    %parti/s 1, 30, 6;
    %load/vec4 v0x55a4f27f7730_0;
    %parti/s 1, 1, 2;
    %xor;
    %xor;
    %xor;
    %ix/getv/s 4, v0x55a4f27f7c60_0;
    %store/vec4 v0x55a4f27f7e00_0, 4, 1;
    %jmp T_0.24;
T_0.15 ;
    %load/vec4 v0x55a4f27f7a70_0;
    %load/vec4 v0x55a4f27f7c60_0;
    %subi 2, 0, 32;
    %part/s 1;
    %load/vec4 v0x55a4f27f7a70_0;
    %parti/s 1, 31, 6;
    %load/vec4 v0x55a4f27f7730_0;
    %parti/s 1, 0, 2;
    %xor;
    %load/vec4 v0x55a4f27f7a70_0;
    %parti/s 1, 30, 6;
    %load/vec4 v0x55a4f27f7730_0;
    %parti/s 1, 1, 2;
    %xor;
    %xor;
    %xor;
    %ix/getv/s 4, v0x55a4f27f7c60_0;
    %store/vec4 v0x55a4f27f7e00_0, 4, 1;
    %jmp T_0.24;
T_0.16 ;
    %load/vec4 v0x55a4f27f7a70_0;
    %load/vec4 v0x55a4f27f7c60_0;
    %subi 2, 0, 32;
    %part/s 1;
    %load/vec4 v0x55a4f27f7a70_0;
    %parti/s 1, 31, 6;
    %load/vec4 v0x55a4f27f7730_0;
    %parti/s 1, 0, 2;
    %xor;
    %xor;
    %ix/getv/s 4, v0x55a4f27f7c60_0;
    %store/vec4 v0x55a4f27f7e00_0, 4, 1;
    %jmp T_0.24;
T_0.17 ;
    %load/vec4 v0x55a4f27f7a70_0;
    %load/vec4 v0x55a4f27f7c60_0;
    %subi 2, 0, 32;
    %part/s 1;
    %load/vec4 v0x55a4f27f7a70_0;
    %parti/s 1, 31, 6;
    %load/vec4 v0x55a4f27f7730_0;
    %parti/s 1, 0, 2;
    %xor;
    %xor;
    %ix/getv/s 4, v0x55a4f27f7c60_0;
    %store/vec4 v0x55a4f27f7e00_0, 4, 1;
    %jmp T_0.24;
T_0.18 ;
    %load/vec4 v0x55a4f27f7a70_0;
    %load/vec4 v0x55a4f27f7c60_0;
    %subi 2, 0, 32;
    %part/s 1;
    %load/vec4 v0x55a4f27f7a70_0;
    %parti/s 1, 31, 6;
    %load/vec4 v0x55a4f27f7730_0;
    %parti/s 1, 0, 2;
    %xor;
    %xor;
    %ix/getv/s 4, v0x55a4f27f7c60_0;
    %store/vec4 v0x55a4f27f7e00_0, 4, 1;
    %jmp T_0.24;
T_0.19 ;
    %load/vec4 v0x55a4f27f7a70_0;
    %load/vec4 v0x55a4f27f7c60_0;
    %subi 2, 0, 32;
    %part/s 1;
    %load/vec4 v0x55a4f27f7a70_0;
    %parti/s 1, 31, 6;
    %load/vec4 v0x55a4f27f7730_0;
    %parti/s 1, 0, 2;
    %xor;
    %xor;
    %ix/getv/s 4, v0x55a4f27f7c60_0;
    %store/vec4 v0x55a4f27f7e00_0, 4, 1;
    %jmp T_0.24;
T_0.20 ;
    %load/vec4 v0x55a4f27f7a70_0;
    %load/vec4 v0x55a4f27f7c60_0;
    %subi 2, 0, 32;
    %part/s 1;
    %load/vec4 v0x55a4f27f7a70_0;
    %parti/s 1, 31, 6;
    %load/vec4 v0x55a4f27f7730_0;
    %parti/s 1, 0, 2;
    %xor;
    %xor;
    %ix/getv/s 4, v0x55a4f27f7c60_0;
    %store/vec4 v0x55a4f27f7e00_0, 4, 1;
    %jmp T_0.24;
T_0.21 ;
    %load/vec4 v0x55a4f27f7a70_0;
    %load/vec4 v0x55a4f27f7c60_0;
    %subi 2, 0, 32;
    %part/s 1;
    %load/vec4 v0x55a4f27f7a70_0;
    %parti/s 1, 31, 6;
    %load/vec4 v0x55a4f27f7730_0;
    %parti/s 1, 0, 2;
    %xor;
    %xor;
    %ix/getv/s 4, v0x55a4f27f7c60_0;
    %store/vec4 v0x55a4f27f7e00_0, 4, 1;
    %jmp T_0.24;
T_0.22 ;
    %load/vec4 v0x55a4f27f7a70_0;
    %load/vec4 v0x55a4f27f7c60_0;
    %subi 2, 0, 32;
    %part/s 1;
    %load/vec4 v0x55a4f27f7a70_0;
    %parti/s 1, 31, 6;
    %load/vec4 v0x55a4f27f7730_0;
    %parti/s 1, 0, 2;
    %xor;
    %xor;
    %ix/getv/s 4, v0x55a4f27f7c60_0;
    %store/vec4 v0x55a4f27f7e00_0, 4, 1;
    %jmp T_0.24;
T_0.24 ;
    %pop/vec4 1;
    %load/vec4 v0x55a4f27f7c60_0;
    %addi 1, 0, 32;
    %store/vec4 v0x55a4f27f7c60_0, 0, 32;
    %jmp T_0.0;
T_0.1 ;
    %jmp T_0;
    .thread T_0, $push;
    .scope S_0x55a4f27f7430;
T_1 ;
    %wait E_0x55a4f27c3080;
    %load/vec4 v0x55a4f27f7d40_0;
    %flag_set/vec4 8;
    %jmp/0xz  T_1.0, 8;
    %pushi/vec4 4294967295, 0, 32;
    %assign/vec4 v0x55a4f27f7a70_0, 0;
    %jmp T_1.1;
T_1.0 ;
    %load/vec4 v0x55a4f27f7830_0;
    %flag_set/vec4 8;
    %jmp/0 T_1.2, 8;
    %load/vec4 v0x55a4f27f7e00_0;
    %jmp/1 T_1.3, 8;
T_1.2 ; End of true expr.
    %load/vec4 v0x55a4f27f7a70_0;
    %jmp/0 T_1.3, 8;
 ; End of false expr.
    %blend;
T_1.3;
    %assign/vec4 v0x55a4f27f7a70_0, 0;
T_1.1 ;
    %jmp T_1;
    .thread T_1;
    .scope S_0x55a4f27f7110;
T_2 ;
Ewait_0 .event/or E_0x55a4f27c4440, E_0x0;
    %wait Ewait_0;
    %load/vec4 v0x55a4f27f83c0_0;
    %store/vec4 v0x55a4f27f8530_0, 0, 1;
    %load/vec4 v0x55a4f27f8850_0;
    %store/vec4 v0x55a4f27f85d0_0, 0, 1;
    %load/vec4 v0x55a4f27f87b0_0;
    %load/vec4 v0x55a4f27f8140_0;
    %inv;
    %load/vec4 v0x55a4f27f8910_0;
    %and;
    %or;
    %store/vec4 v0x55a4f27f8460_0, 0, 1;
    %jmp T_2;
    .thread T_2, $push;
    .scope S_0x55a4f27f7110;
T_3 ;
    %wait E_0x55a4f27c3080;
    %load/vec4 v0x55a4f27f87b0_0;
    %flag_set/vec4 8;
    %jmp/0xz  T_3.0, 8;
    %pushi/vec4 0, 0, 1;
    %assign/vec4 v0x55a4f27f89d0_0, 0;
    %pushi/vec4 0, 0, 1;
    %assign/vec4 v0x55a4f27f83c0_0, 0;
    %pushi/vec4 0, 0, 1;
    %assign/vec4 v0x55a4f27f8850_0, 0;
    %load/vec4 v0x55a4f27f8140_0;
    %assign/vec4 v0x55a4f27f8710_0, 0;
    %pushi/vec4 0, 0, 1;
    %assign/vec4 v0x55a4f27f8670_0, 0;
    %pushi/vec4 0, 0, 1;
    %assign/vec4 v0x55a4f27f8910_0, 0;
    %jmp T_3.1;
T_3.0 ;
    %load/vec4 v0x55a4f27f8140_0;
    %assign/vec4 v0x55a4f27f8710_0, 0;
    %load/vec4 v0x55a4f27f8710_0;
    %inv;
    %load/vec4 v0x55a4f27f8140_0;
    %and;
    %flag_set/vec4 8;
    %jmp/0xz  T_3.2, 8;
    %pushi/vec4 0, 0, 1;
    %assign/vec4 v0x55a4f27f83c0_0, 0;
    %pushi/vec4 0, 0, 1;
    %assign/vec4 v0x55a4f27f8850_0, 0;
    %pushi/vec4 1, 0, 1;
    %assign/vec4 v0x55a4f27f8670_0, 0;
    %jmp T_3.3;
T_3.2 ;
    %load/vec4 v0x55a4f27f8140_0;
    %inv;
    %load/vec4 v0x55a4f27f8670_0;
    %and;
    %flag_set/vec4 8;
    %jmp/0xz  T_3.4, 8;
    %load/vec4 v0x55a4f27f8280_0;
    %flag_set/vec4 8;
    %jmp/0xz  T_3.6, 8;
    %pushi/vec4 1, 0, 1;
    %assign/vec4 v0x55a4f27f83c0_0, 0;
    %load/vec4 v0x55a4f27f7fa0_0;
    %pad/u 32;
    %load/vec4 v0x55a4f27f81e0_0;
    %cmp/e;
    %flag_get/vec4 4;
    %inv;
    %assign/vec4 v0x55a4f27f8850_0, 0;
    %pushi/vec4 0, 0, 1;
    %assign/vec4 v0x55a4f27f8670_0, 0;
    %pushi/vec4 1, 0, 1;
    %assign/vec4 v0x55a4f27f8910_0, 0;
T_3.6 ;
    %jmp T_3.5;
T_3.4 ;
    %load/vec4 v0x55a4f27f8140_0;
    %inv;
    %load/vec4 v0x55a4f27f8910_0;
    %and;
    %flag_set/vec4 8;
    %jmp/0xz  T_3.8, 8;
    %pushi/vec4 1, 0, 1;
    %assign/vec4 v0x55a4f27f8850_0, 0;
    %pushi/vec4 0, 0, 1;
    %assign/vec4 v0x55a4f27f8910_0, 0;
T_3.8 ;
T_3.5 ;
T_3.3 ;
T_3.1 ;
    %jmp T_3;
    .thread T_3;
    .scope S_0x55a4f27c9540;
T_4 ;
    %delay 10000, 0;
    %load/vec4 v0x55a4f27f8d40_0;
    %nor/r;
    %store/vec4 v0x55a4f27f8d40_0, 0, 1;
    %jmp T_4;
    .thread T_4;
    .scope S_0x55a4f27c9540;
T_5 ;
    %vpi_call/w 3 32 "$dumpfile", "fcs.vcd" {0 0 0};
    %vpi_call/w 3 33 "$dumpvars", 32'sb00000000000000000000000000000000, S_0x55a4f27c9540 {0 0 0};
    %vpi_call/w 3 34 "$display", "Starting Sim" {0 0 0};
    %pushi/vec4 0, 0, 1;
    %store/vec4 v0x55a4f27f8d40_0, 0, 1;
    %pushi/vec4 0, 0, 1;
    %store/vec4 v0x55a4f27f8fc0_0, 0, 1;
    %pushi/vec4 0, 0, 1;
    %store/vec4 v0x55a4f27f8c30_0, 0, 1;
    %pushi/vec4 0, 0, 2;
    %store/vec4 v0x55a4f27f8b50_0, 0, 2;
    %delay 30000, 0;
    %pushi/vec4 1, 0, 1;
    %store/vec4 v0x55a4f27f8fc0_0, 0, 1;
    %delay 20000, 0;
    %pushi/vec4 0, 0, 1;
    %store/vec4 v0x55a4f27f8fc0_0, 0, 1;
    %delay 20000, 0;
    %fork t_1, S_0x55a4f27c96d0;
    %jmp t_0;
    .scope S_0x55a4f27c96d0;
t_1 ;
    %pushi/vec4 0, 0, 32;
    %store/vec4 v0x55a4f27d3480_0, 0, 32;
T_5.0 ;
    %load/vec4 v0x55a4f27d3480_0;
    %cmpi/s 31, 0, 32;
    %jmp/0xz T_5.1, 5;
    %pushi/vec4 1, 0, 1;
    %store/vec4 v0x55a4f27f8c30_0, 0, 1;
    %pushi/vec4 2, 0, 2;
    %store/vec4 v0x55a4f27f8b50_0, 0, 2;
    %delay 20000, 0;
    %load/vec4 v0x55a4f27d3480_0;
    %addi 1, 0, 32;
    %cast2;
    %store/vec4 v0x55a4f27d3480_0, 0, 32;
    %jmp T_5.0;
T_5.1 ;
    %end;
    .scope S_0x55a4f27c9540;
t_0 %join;
    %pushi/vec4 1, 0, 1;
    %store/vec4 v0x55a4f27f8c30_0, 0, 1;
    %pushi/vec4 3, 0, 2;
    %store/vec4 v0x55a4f27f8b50_0, 0, 2;
    %delay 20000, 0;
    %fork t_3, S_0x55a4f27f6890;
    %jmp t_2;
    .scope S_0x55a4f27f6890;
t_3 ;
    %pushi/vec4 0, 0, 32;
    %store/vec4 v0x55a4f27f6a90_0, 0, 32;
T_5.2 ;
    %load/vec4 v0x55a4f27f6a90_0;
    %cmpi/s 3, 0, 32;
    %jmp/0xz T_5.3, 5;
    %pushi/vec4 0, 0, 1;
    %assign/vec4 v0x55a4f27f8c30_0, 0;
    %delay 20000, 0;
    %load/vec4 v0x55a4f27f6a90_0;
    %addi 1, 0, 32;
    %cast2;
    %store/vec4 v0x55a4f27f6a90_0, 0, 32;
    %jmp T_5.2;
T_5.3 ;
    %end;
    .scope S_0x55a4f27c9540;
t_2 %join;
    %pushi/vec4 0, 0, 1;
    %assign/vec4 v0x55a4f27f8c30_0, 0;
    %delay 20000, 0;
    %delay 20000, 0;
    %delay 20000, 0;
    %delay 20000, 0;
    %fork t_5, S_0x55a4f27f6b70;
    %jmp t_4;
    .scope S_0x55a4f27f6b70;
t_5 ;
    %pushi/vec4 0, 0, 32;
    %store/vec4 v0x55a4f27f6d50_0, 0, 32;
T_5.4 ;
    %load/vec4 v0x55a4f27f6d50_0;
    %cmpi/s 31, 0, 32;
    %jmp/0xz T_5.5, 5;
    %pushi/vec4 1, 0, 1;
    %store/vec4 v0x55a4f27f8c30_0, 0, 1;
    %pushi/vec4 2, 0, 2;
    %store/vec4 v0x55a4f27f8b50_0, 0, 2;
    %delay 20000, 0;
    %load/vec4 v0x55a4f27f6d50_0;
    %addi 1, 0, 32;
    %cast2;
    %store/vec4 v0x55a4f27f6d50_0, 0, 32;
    %jmp T_5.4;
T_5.5 ;
    %end;
    .scope S_0x55a4f27c9540;
t_4 %join;
    %pushi/vec4 1, 0, 1;
    %store/vec4 v0x55a4f27f8c30_0, 0, 1;
    %pushi/vec4 3, 0, 2;
    %store/vec4 v0x55a4f27f8b50_0, 0, 2;
    %delay 20000, 0;
    %fork t_7, S_0x55a4f27f6e30;
    %jmp t_6;
    .scope S_0x55a4f27f6e30;
t_7 ;
    %pushi/vec4 0, 0, 32;
    %store/vec4 v0x55a4f27f7010_0, 0, 32;
T_5.6 ;
    %load/vec4 v0x55a4f27f7010_0;
    %cmpi/s 3, 0, 32;
    %jmp/0xz T_5.7, 5;
    %pushi/vec4 0, 0, 1;
    %assign/vec4 v0x55a4f27f8c30_0, 0;
    %delay 20000, 0;
    %load/vec4 v0x55a4f27f7010_0;
    %addi 1, 0, 32;
    %cast2;
    %store/vec4 v0x55a4f27f7010_0, 0, 32;
    %jmp T_5.6;
T_5.7 ;
    %end;
    .scope S_0x55a4f27c9540;
t_6 %join;
    %pushi/vec4 0, 0, 1;
    %assign/vec4 v0x55a4f27f8c30_0, 0;
    %delay 20000, 0;
    %delay 20000, 0;
    %vpi_call/w 3 85 "$display", "Finishing Sim" {0 0 0};
    %vpi_call/w 3 86 "$finish" {0 0 0};
    %end;
    .thread T_5;
# The file index is used to find the file name in the following table.
:file_names 6;
    "N/A";
    "<interactive>";
    "-";
    "sim/fcs_tb.sv";
    "src/fcs.sv";
    "src/crc32.sv";
