#! /usr/local/bin/vvp
:ivl_version "11.0 (stable)" "(v11_0-132-gb2f2414f4)";
:ivl_delay_selection "TYPICAL";
:vpi_time_precision - 12;
:vpi_module "/usr/local/lib/ivl/system.vpi";
:vpi_module "/usr/local/lib/ivl/vhdl_sys.vpi";
:vpi_module "/usr/local/lib/ivl/vhdl_textio.vpi";
:vpi_module "/usr/local/lib/ivl/v2005_math.vpi";
:vpi_module "/usr/local/lib/ivl/va_math.vpi";
:vpi_module "/usr/local/lib/ivl/v2009.vpi";
S_0x562a34ebfeb0 .scope package, "$unit" "$unit" 2 1;
 .timescale 0 0;
S_0x562a34e5bd80 .scope module, "firewall_tb" "firewall_tb" 3 4;
 .timescale -9 -12;
v0x562a34ee47b0_0 .var "axiid", 1 0;
v0x562a34ee4890_0 .var "axiiv", 0 0;
v0x562a34ee4960_0 .net "axiod_out", 1 0, v0x562a34ee3f80_0;  1 drivers
v0x562a34ee4a60_0 .net "axiov_out", 0 0, v0x562a34ee4060_0;  1 drivers
v0x562a34ee4b30_0 .var "clk", 0 0;
v0x562a34ee4bd0_0 .var "rst", 0 0;
S_0x562a34e5bf10 .scope begin, "$ivl_for_loop0" "$ivl_for_loop0" 3 40, 3 40 0, S_0x562a34e5bd80;
 .timescale -9 -12;
v0x562a34e5c0a0_0 .var/2s "i", 31 0;
S_0x562a34ee3130 .scope begin, "$ivl_for_loop1" "$ivl_for_loop1" 3 46, 3 46 0, S_0x562a34e5bd80;
 .timescale -9 -12;
v0x562a34ee3330_0 .var/2s "i", 31 0;
S_0x562a34ee3410 .scope begin, "$ivl_for_loop2" "$ivl_for_loop2" 3 52, 3 52 0, S_0x562a34e5bd80;
 .timescale -9 -12;
v0x562a34ee35f0_0 .var/2s "i", 31 0;
S_0x562a34ee36d0 .scope begin, "$ivl_for_loop3" "$ivl_for_loop3" 3 58, 3 58 0, S_0x562a34e5bd80;
 .timescale -9 -12;
v0x562a34ee38b0_0 .var/2s "i", 31 0;
S_0x562a34ee39b0 .scope module, "uut" "firewall" 3 14, 4 5 0, S_0x562a34e5bd80;
 .timescale -9 -12;
    .port_info 0 /INPUT 1 "clk";
    .port_info 1 /INPUT 1 "rst";
    .port_info 2 /INPUT 1 "axiiv";
    .port_info 3 /INPUT 2 "axiid";
    .port_info 4 /OUTPUT 1 "axiov";
    .port_info 5 /OUTPUT 2 "axiod";
v0x562a34ee3d00_0 .var "addr_counter", 5 0;
v0x562a34ee3e00_0 .net "axiid", 1 0, v0x562a34ee47b0_0;  1 drivers
v0x562a34ee3ee0_0 .net "axiiv", 0 0, v0x562a34ee4890_0;  1 drivers
v0x562a34ee3f80_0 .var "axiod", 1 0;
v0x562a34ee4060_0 .var "axiov", 0 0;
L_0x7f3577e6b018 .functor BUFT 1, C4<111111111111111111111111111111111111111111111111>, C4<0>, C4<0>, C4<0>;
v0x562a34ee4170_0 .net "broadcast_MAC", 47 0, L_0x7f3577e6b018;  1 drivers
v0x562a34ee4250_0 .net "clk", 0 0, v0x562a34ee4b30_0;  1 drivers
v0x562a34ee4310_0 .var "invalid_b", 0 0;
v0x562a34ee43d0_0 .var "invalid_p", 0 0;
L_0x7f3577e6b060 .functor BUFT 1, C4<011010010110100101011010000001100101010010010001>, C4<0>, C4<0>, C4<0>;
v0x562a34ee4490_0 .net "personal_MAC", 47 0, L_0x7f3577e6b060;  1 drivers
v0x562a34ee4570_0 .var "prev_axiiv", 0 0;
v0x562a34ee4630_0 .net "rst", 0 0, v0x562a34ee4bd0_0;  1 drivers
E_0x562a34e9d850 .event posedge, v0x562a34ee4250_0;
E_0x562a34e9c820/0 .event edge, v0x562a34ee3ee0_0, v0x562a34ee4570_0, v0x562a34ee3d00_0, v0x562a34ee4310_0;
E_0x562a34e9c820/1 .event edge, v0x562a34ee43d0_0, v0x562a34ee3e00_0;
E_0x562a34e9c820 .event/or E_0x562a34e9c820/0, E_0x562a34e9c820/1;
    .scope S_0x562a34ee39b0;
T_0 ;
Ewait_0 .event/or E_0x562a34e9c820, E_0x0;
    %wait Ewait_0;
    %load/vec4 v0x562a34ee3ee0_0;
    %flag_set/vec4 8;
    %jmp/0xz  T_0.0, 8;
    %load/vec4 v0x562a34ee4570_0;
    %inv;
    %flag_set/vec4 8;
    %jmp/0xz  T_0.2, 8;
    %pushi/vec4 0, 0, 1;
    %store/vec4 v0x562a34ee4060_0, 0, 1;
    %jmp T_0.3;
T_0.2 ;
    %load/vec4 v0x562a34ee3d00_0;
    %pad/u 32;
    %cmpi/u 56, 0, 32;
    %jmp/0xz  T_0.4, 5;
    %pushi/vec4 0, 0, 1;
    %store/vec4 v0x562a34ee4060_0, 0, 1;
    %jmp T_0.5;
T_0.4 ;
    %load/vec4 v0x562a34ee4310_0;
    %load/vec4 v0x562a34ee43d0_0;
    %and;
    %flag_set/vec4 8;
    %jmp/0xz  T_0.6, 8;
    %pushi/vec4 0, 0, 1;
    %store/vec4 v0x562a34ee4060_0, 0, 1;
    %jmp T_0.7;
T_0.6 ;
    %load/vec4 v0x562a34ee3e00_0;
    %store/vec4 v0x562a34ee3f80_0, 0, 2;
    %load/vec4 v0x562a34ee3ee0_0;
    %store/vec4 v0x562a34ee4060_0, 0, 1;
T_0.7 ;
T_0.5 ;
T_0.3 ;
    %jmp T_0.1;
T_0.0 ;
    %load/vec4 v0x562a34ee3ee0_0;
    %inv;
    %flag_set/vec4 8;
    %jmp/0xz  T_0.8, 8;
    %pushi/vec4 0, 0, 1;
    %store/vec4 v0x562a34ee4060_0, 0, 1;
T_0.8 ;
T_0.1 ;
    %jmp T_0;
    .thread T_0, $push;
    .scope S_0x562a34ee39b0;
T_1 ;
    %wait E_0x562a34e9d850;
    %load/vec4 v0x562a34ee4630_0;
    %flag_set/vec4 8;
    %jmp/0xz  T_1.0, 8;
    %load/vec4 v0x562a34ee3ee0_0;
    %assign/vec4 v0x562a34ee4570_0, 0;
    %pushi/vec4 0, 0, 6;
    %assign/vec4 v0x562a34ee3d00_0, 0;
    %pushi/vec4 0, 0, 1;
    %assign/vec4 v0x562a34ee4310_0, 0;
    %pushi/vec4 0, 0, 1;
    %assign/vec4 v0x562a34ee43d0_0, 0;
    %jmp T_1.1;
T_1.0 ;
    %load/vec4 v0x562a34ee3ee0_0;
    %assign/vec4 v0x562a34ee4570_0, 0;
    %load/vec4 v0x562a34ee4570_0;
    %inv;
    %load/vec4 v0x562a34ee3ee0_0;
    %and;
    %flag_set/vec4 8;
    %jmp/0xz  T_1.2, 8;
    %load/vec4 v0x562a34ee3e00_0;
    %load/vec4 v0x562a34ee4170_0;
    %parti/s 2, 46, 7;
    %cmp/e;
    %flag_mov 8, 4;
    %jmp/0 T_1.4, 8;
    %pushi/vec4 0, 0, 1;
    %jmp/1 T_1.5, 8;
T_1.4 ; End of true expr.
    %pushi/vec4 1, 0, 1;
    %jmp/0 T_1.5, 8;
 ; End of false expr.
    %blend;
T_1.5;
    %assign/vec4 v0x562a34ee4310_0, 0;
    %load/vec4 v0x562a34ee3e00_0;
    %load/vec4 v0x562a34ee4490_0;
    %parti/s 2, 46, 7;
    %cmp/e;
    %flag_mov 8, 4;
    %jmp/0 T_1.6, 8;
    %pushi/vec4 0, 0, 1;
    %jmp/1 T_1.7, 8;
T_1.6 ; End of true expr.
    %pushi/vec4 1, 0, 1;
    %jmp/0 T_1.7, 8;
 ; End of false expr.
    %blend;
T_1.7;
    %assign/vec4 v0x562a34ee43d0_0, 0;
    %pushi/vec4 1, 0, 6;
    %assign/vec4 v0x562a34ee3d00_0, 0;
    %jmp T_1.3;
T_1.2 ;
    %load/vec4 v0x562a34ee3ee0_0;
    %flag_set/vec4 8;
    %jmp/0xz  T_1.8, 8;
    %load/vec4 v0x562a34ee3d00_0;
    %pad/u 32;
    %cmpi/u 24, 0, 32;
    %jmp/0xz  T_1.10, 5;
    %load/vec4 v0x562a34ee3d00_0;
    %dup/vec4;
    %pushi/vec4 1, 0, 6;
    %cmp/u;
    %jmp/1 T_1.12, 6;
    %dup/vec4;
    %pushi/vec4 2, 0, 6;
    %cmp/u;
    %jmp/1 T_1.13, 6;
    %dup/vec4;
    %pushi/vec4 3, 0, 6;
    %cmp/u;
    %jmp/1 T_1.14, 6;
    %dup/vec4;
    %pushi/vec4 4, 0, 6;
    %cmp/u;
    %jmp/1 T_1.15, 6;
    %dup/vec4;
    %pushi/vec4 5, 0, 6;
    %cmp/u;
    %jmp/1 T_1.16, 6;
    %dup/vec4;
    %pushi/vec4 6, 0, 6;
    %cmp/u;
    %jmp/1 T_1.17, 6;
    %dup/vec4;
    %pushi/vec4 7, 0, 6;
    %cmp/u;
    %jmp/1 T_1.18, 6;
    %dup/vec4;
    %pushi/vec4 8, 0, 6;
    %cmp/u;
    %jmp/1 T_1.19, 6;
    %dup/vec4;
    %pushi/vec4 9, 0, 6;
    %cmp/u;
    %jmp/1 T_1.20, 6;
    %dup/vec4;
    %pushi/vec4 10, 0, 6;
    %cmp/u;
    %jmp/1 T_1.21, 6;
    %dup/vec4;
    %pushi/vec4 11, 0, 6;
    %cmp/u;
    %jmp/1 T_1.22, 6;
    %dup/vec4;
    %pushi/vec4 12, 0, 6;
    %cmp/u;
    %jmp/1 T_1.23, 6;
    %dup/vec4;
    %pushi/vec4 13, 0, 6;
    %cmp/u;
    %jmp/1 T_1.24, 6;
    %dup/vec4;
    %pushi/vec4 14, 0, 6;
    %cmp/u;
    %jmp/1 T_1.25, 6;
    %dup/vec4;
    %pushi/vec4 15, 0, 6;
    %cmp/u;
    %jmp/1 T_1.26, 6;
    %dup/vec4;
    %pushi/vec4 16, 0, 6;
    %cmp/u;
    %jmp/1 T_1.27, 6;
    %dup/vec4;
    %pushi/vec4 17, 0, 6;
    %cmp/u;
    %jmp/1 T_1.28, 6;
    %dup/vec4;
    %pushi/vec4 18, 0, 6;
    %cmp/u;
    %jmp/1 T_1.29, 6;
    %dup/vec4;
    %pushi/vec4 19, 0, 6;
    %cmp/u;
    %jmp/1 T_1.30, 6;
    %dup/vec4;
    %pushi/vec4 20, 0, 6;
    %cmp/u;
    %jmp/1 T_1.31, 6;
    %dup/vec4;
    %pushi/vec4 21, 0, 6;
    %cmp/u;
    %jmp/1 T_1.32, 6;
    %dup/vec4;
    %pushi/vec4 22, 0, 6;
    %cmp/u;
    %jmp/1 T_1.33, 6;
    %dup/vec4;
    %pushi/vec4 23, 0, 6;
    %cmp/u;
    %jmp/1 T_1.34, 6;
    %jmp T_1.35;
T_1.12 ;
    %load/vec4 v0x562a34ee4310_0;
    %flag_set/vec4 8;
    %jmp/0 T_1.36, 8;
    %pushi/vec4 1, 0, 1;
    %jmp/1 T_1.37, 8;
T_1.36 ; End of true expr.
    %load/vec4 v0x562a34ee3e00_0;
    %load/vec4 v0x562a34ee4170_0;
    %parti/s 2, 44, 7;
    %cmp/e;
    %flag_mov 9, 4;
    %jmp/0 T_1.38, 9;
    %pushi/vec4 0, 0, 1;
    %jmp/1 T_1.39, 9;
T_1.38 ; End of true expr.
    %pushi/vec4 1, 0, 1;
    %jmp/0 T_1.39, 9;
 ; End of false expr.
    %blend;
T_1.39;
    %jmp/0 T_1.37, 8;
 ; End of false expr.
    %blend;
T_1.37;
    %assign/vec4 v0x562a34ee4310_0, 0;
    %load/vec4 v0x562a34ee43d0_0;
    %flag_set/vec4 8;
    %jmp/0 T_1.40, 8;
    %pushi/vec4 1, 0, 1;
    %jmp/1 T_1.41, 8;
T_1.40 ; End of true expr.
    %load/vec4 v0x562a34ee3e00_0;
    %load/vec4 v0x562a34ee4490_0;
    %parti/s 2, 44, 7;
    %cmp/e;
    %flag_mov 9, 4;
    %jmp/0 T_1.42, 9;
    %pushi/vec4 0, 0, 1;
    %jmp/1 T_1.43, 9;
T_1.42 ; End of true expr.
    %pushi/vec4 1, 0, 1;
    %jmp/0 T_1.43, 9;
 ; End of false expr.
    %blend;
T_1.43;
    %jmp/0 T_1.41, 8;
 ; End of false expr.
    %blend;
T_1.41;
    %assign/vec4 v0x562a34ee43d0_0, 0;
    %jmp T_1.35;
T_1.13 ;
    %load/vec4 v0x562a34ee4310_0;
    %flag_set/vec4 8;
    %jmp/0 T_1.44, 8;
    %pushi/vec4 1, 0, 1;
    %jmp/1 T_1.45, 8;
T_1.44 ; End of true expr.
    %load/vec4 v0x562a34ee3e00_0;
    %load/vec4 v0x562a34ee4170_0;
    %parti/s 2, 42, 7;
    %cmp/e;
    %flag_mov 9, 4;
    %jmp/0 T_1.46, 9;
    %pushi/vec4 0, 0, 1;
    %jmp/1 T_1.47, 9;
T_1.46 ; End of true expr.
    %pushi/vec4 1, 0, 1;
    %jmp/0 T_1.47, 9;
 ; End of false expr.
    %blend;
T_1.47;
    %jmp/0 T_1.45, 8;
 ; End of false expr.
    %blend;
T_1.45;
    %assign/vec4 v0x562a34ee4310_0, 0;
    %load/vec4 v0x562a34ee43d0_0;
    %flag_set/vec4 8;
    %jmp/0 T_1.48, 8;
    %pushi/vec4 1, 0, 1;
    %jmp/1 T_1.49, 8;
T_1.48 ; End of true expr.
    %load/vec4 v0x562a34ee3e00_0;
    %load/vec4 v0x562a34ee4490_0;
    %parti/s 2, 42, 7;
    %cmp/e;
    %flag_mov 9, 4;
    %jmp/0 T_1.50, 9;
    %pushi/vec4 0, 0, 1;
    %jmp/1 T_1.51, 9;
T_1.50 ; End of true expr.
    %pushi/vec4 1, 0, 1;
    %jmp/0 T_1.51, 9;
 ; End of false expr.
    %blend;
T_1.51;
    %jmp/0 T_1.49, 8;
 ; End of false expr.
    %blend;
T_1.49;
    %assign/vec4 v0x562a34ee43d0_0, 0;
    %jmp T_1.35;
T_1.14 ;
    %load/vec4 v0x562a34ee4310_0;
    %flag_set/vec4 8;
    %jmp/0 T_1.52, 8;
    %pushi/vec4 1, 0, 1;
    %jmp/1 T_1.53, 8;
T_1.52 ; End of true expr.
    %load/vec4 v0x562a34ee3e00_0;
    %load/vec4 v0x562a34ee4170_0;
    %parti/s 2, 40, 7;
    %cmp/e;
    %flag_mov 9, 4;
    %jmp/0 T_1.54, 9;
    %pushi/vec4 0, 0, 1;
    %jmp/1 T_1.55, 9;
T_1.54 ; End of true expr.
    %pushi/vec4 1, 0, 1;
    %jmp/0 T_1.55, 9;
 ; End of false expr.
    %blend;
T_1.55;
    %jmp/0 T_1.53, 8;
 ; End of false expr.
    %blend;
T_1.53;
    %assign/vec4 v0x562a34ee4310_0, 0;
    %load/vec4 v0x562a34ee43d0_0;
    %flag_set/vec4 8;
    %jmp/0 T_1.56, 8;
    %pushi/vec4 1, 0, 1;
    %jmp/1 T_1.57, 8;
T_1.56 ; End of true expr.
    %load/vec4 v0x562a34ee3e00_0;
    %load/vec4 v0x562a34ee4490_0;
    %parti/s 2, 40, 7;
    %cmp/e;
    %flag_mov 9, 4;
    %jmp/0 T_1.58, 9;
    %pushi/vec4 0, 0, 1;
    %jmp/1 T_1.59, 9;
T_1.58 ; End of true expr.
    %pushi/vec4 1, 0, 1;
    %jmp/0 T_1.59, 9;
 ; End of false expr.
    %blend;
T_1.59;
    %jmp/0 T_1.57, 8;
 ; End of false expr.
    %blend;
T_1.57;
    %assign/vec4 v0x562a34ee43d0_0, 0;
    %jmp T_1.35;
T_1.15 ;
    %load/vec4 v0x562a34ee4310_0;
    %flag_set/vec4 8;
    %jmp/0 T_1.60, 8;
    %pushi/vec4 1, 0, 1;
    %jmp/1 T_1.61, 8;
T_1.60 ; End of true expr.
    %load/vec4 v0x562a34ee3e00_0;
    %load/vec4 v0x562a34ee4170_0;
    %parti/s 2, 38, 7;
    %cmp/e;
    %flag_mov 9, 4;
    %jmp/0 T_1.62, 9;
    %pushi/vec4 0, 0, 1;
    %jmp/1 T_1.63, 9;
T_1.62 ; End of true expr.
    %pushi/vec4 1, 0, 1;
    %jmp/0 T_1.63, 9;
 ; End of false expr.
    %blend;
T_1.63;
    %jmp/0 T_1.61, 8;
 ; End of false expr.
    %blend;
T_1.61;
    %assign/vec4 v0x562a34ee4310_0, 0;
    %load/vec4 v0x562a34ee43d0_0;
    %flag_set/vec4 8;
    %jmp/0 T_1.64, 8;
    %pushi/vec4 1, 0, 1;
    %jmp/1 T_1.65, 8;
T_1.64 ; End of true expr.
    %load/vec4 v0x562a34ee3e00_0;
    %load/vec4 v0x562a34ee4490_0;
    %parti/s 2, 38, 7;
    %cmp/e;
    %flag_mov 9, 4;
    %jmp/0 T_1.66, 9;
    %pushi/vec4 0, 0, 1;
    %jmp/1 T_1.67, 9;
T_1.66 ; End of true expr.
    %pushi/vec4 1, 0, 1;
    %jmp/0 T_1.67, 9;
 ; End of false expr.
    %blend;
T_1.67;
    %jmp/0 T_1.65, 8;
 ; End of false expr.
    %blend;
T_1.65;
    %assign/vec4 v0x562a34ee43d0_0, 0;
    %jmp T_1.35;
T_1.16 ;
    %load/vec4 v0x562a34ee4310_0;
    %flag_set/vec4 8;
    %jmp/0 T_1.68, 8;
    %pushi/vec4 1, 0, 1;
    %jmp/1 T_1.69, 8;
T_1.68 ; End of true expr.
    %load/vec4 v0x562a34ee3e00_0;
    %load/vec4 v0x562a34ee4170_0;
    %parti/s 2, 36, 7;
    %cmp/e;
    %flag_mov 9, 4;
    %jmp/0 T_1.70, 9;
    %pushi/vec4 0, 0, 1;
    %jmp/1 T_1.71, 9;
T_1.70 ; End of true expr.
    %pushi/vec4 1, 0, 1;
    %jmp/0 T_1.71, 9;
 ; End of false expr.
    %blend;
T_1.71;
    %jmp/0 T_1.69, 8;
 ; End of false expr.
    %blend;
T_1.69;
    %assign/vec4 v0x562a34ee4310_0, 0;
    %load/vec4 v0x562a34ee43d0_0;
    %flag_set/vec4 8;
    %jmp/0 T_1.72, 8;
    %pushi/vec4 1, 0, 1;
    %jmp/1 T_1.73, 8;
T_1.72 ; End of true expr.
    %load/vec4 v0x562a34ee3e00_0;
    %load/vec4 v0x562a34ee4490_0;
    %parti/s 2, 36, 7;
    %cmp/e;
    %flag_mov 9, 4;
    %jmp/0 T_1.74, 9;
    %pushi/vec4 0, 0, 1;
    %jmp/1 T_1.75, 9;
T_1.74 ; End of true expr.
    %pushi/vec4 1, 0, 1;
    %jmp/0 T_1.75, 9;
 ; End of false expr.
    %blend;
T_1.75;
    %jmp/0 T_1.73, 8;
 ; End of false expr.
    %blend;
T_1.73;
    %assign/vec4 v0x562a34ee43d0_0, 0;
    %jmp T_1.35;
T_1.17 ;
    %load/vec4 v0x562a34ee4310_0;
    %flag_set/vec4 8;
    %jmp/0 T_1.76, 8;
    %pushi/vec4 1, 0, 1;
    %jmp/1 T_1.77, 8;
T_1.76 ; End of true expr.
    %load/vec4 v0x562a34ee3e00_0;
    %load/vec4 v0x562a34ee4170_0;
    %parti/s 2, 34, 7;
    %cmp/e;
    %flag_mov 9, 4;
    %jmp/0 T_1.78, 9;
    %pushi/vec4 0, 0, 1;
    %jmp/1 T_1.79, 9;
T_1.78 ; End of true expr.
    %pushi/vec4 1, 0, 1;
    %jmp/0 T_1.79, 9;
 ; End of false expr.
    %blend;
T_1.79;
    %jmp/0 T_1.77, 8;
 ; End of false expr.
    %blend;
T_1.77;
    %assign/vec4 v0x562a34ee4310_0, 0;
    %load/vec4 v0x562a34ee43d0_0;
    %flag_set/vec4 8;
    %jmp/0 T_1.80, 8;
    %pushi/vec4 1, 0, 1;
    %jmp/1 T_1.81, 8;
T_1.80 ; End of true expr.
    %load/vec4 v0x562a34ee3e00_0;
    %load/vec4 v0x562a34ee4490_0;
    %parti/s 2, 34, 7;
    %cmp/e;
    %flag_mov 9, 4;
    %jmp/0 T_1.82, 9;
    %pushi/vec4 0, 0, 1;
    %jmp/1 T_1.83, 9;
T_1.82 ; End of true expr.
    %pushi/vec4 1, 0, 1;
    %jmp/0 T_1.83, 9;
 ; End of false expr.
    %blend;
T_1.83;
    %jmp/0 T_1.81, 8;
 ; End of false expr.
    %blend;
T_1.81;
    %assign/vec4 v0x562a34ee43d0_0, 0;
    %jmp T_1.35;
T_1.18 ;
    %load/vec4 v0x562a34ee4310_0;
    %flag_set/vec4 8;
    %jmp/0 T_1.84, 8;
    %pushi/vec4 1, 0, 1;
    %jmp/1 T_1.85, 8;
T_1.84 ; End of true expr.
    %load/vec4 v0x562a34ee3e00_0;
    %load/vec4 v0x562a34ee4170_0;
    %parti/s 2, 32, 7;
    %cmp/e;
    %flag_mov 9, 4;
    %jmp/0 T_1.86, 9;
    %pushi/vec4 0, 0, 1;
    %jmp/1 T_1.87, 9;
T_1.86 ; End of true expr.
    %pushi/vec4 1, 0, 1;
    %jmp/0 T_1.87, 9;
 ; End of false expr.
    %blend;
T_1.87;
    %jmp/0 T_1.85, 8;
 ; End of false expr.
    %blend;
T_1.85;
    %assign/vec4 v0x562a34ee4310_0, 0;
    %load/vec4 v0x562a34ee43d0_0;
    %flag_set/vec4 8;
    %jmp/0 T_1.88, 8;
    %pushi/vec4 1, 0, 1;
    %jmp/1 T_1.89, 8;
T_1.88 ; End of true expr.
    %load/vec4 v0x562a34ee3e00_0;
    %load/vec4 v0x562a34ee4490_0;
    %parti/s 2, 32, 7;
    %cmp/e;
    %flag_mov 9, 4;
    %jmp/0 T_1.90, 9;
    %pushi/vec4 0, 0, 1;
    %jmp/1 T_1.91, 9;
T_1.90 ; End of true expr.
    %pushi/vec4 1, 0, 1;
    %jmp/0 T_1.91, 9;
 ; End of false expr.
    %blend;
T_1.91;
    %jmp/0 T_1.89, 8;
 ; End of false expr.
    %blend;
T_1.89;
    %assign/vec4 v0x562a34ee43d0_0, 0;
    %jmp T_1.35;
T_1.19 ;
    %load/vec4 v0x562a34ee4310_0;
    %flag_set/vec4 8;
    %jmp/0 T_1.92, 8;
    %pushi/vec4 1, 0, 1;
    %jmp/1 T_1.93, 8;
T_1.92 ; End of true expr.
    %load/vec4 v0x562a34ee3e00_0;
    %load/vec4 v0x562a34ee4170_0;
    %parti/s 2, 30, 6;
    %cmp/e;
    %flag_mov 9, 4;
    %jmp/0 T_1.94, 9;
    %pushi/vec4 0, 0, 1;
    %jmp/1 T_1.95, 9;
T_1.94 ; End of true expr.
    %pushi/vec4 1, 0, 1;
    %jmp/0 T_1.95, 9;
 ; End of false expr.
    %blend;
T_1.95;
    %jmp/0 T_1.93, 8;
 ; End of false expr.
    %blend;
T_1.93;
    %assign/vec4 v0x562a34ee4310_0, 0;
    %load/vec4 v0x562a34ee43d0_0;
    %flag_set/vec4 8;
    %jmp/0 T_1.96, 8;
    %pushi/vec4 1, 0, 1;
    %jmp/1 T_1.97, 8;
T_1.96 ; End of true expr.
    %load/vec4 v0x562a34ee3e00_0;
    %load/vec4 v0x562a34ee4490_0;
    %parti/s 2, 30, 6;
    %cmp/e;
    %flag_mov 9, 4;
    %jmp/0 T_1.98, 9;
    %pushi/vec4 0, 0, 1;
    %jmp/1 T_1.99, 9;
T_1.98 ; End of true expr.
    %pushi/vec4 1, 0, 1;
    %jmp/0 T_1.99, 9;
 ; End of false expr.
    %blend;
T_1.99;
    %jmp/0 T_1.97, 8;
 ; End of false expr.
    %blend;
T_1.97;
    %assign/vec4 v0x562a34ee43d0_0, 0;
    %jmp T_1.35;
T_1.20 ;
    %load/vec4 v0x562a34ee4310_0;
    %flag_set/vec4 8;
    %jmp/0 T_1.100, 8;
    %pushi/vec4 1, 0, 1;
    %jmp/1 T_1.101, 8;
T_1.100 ; End of true expr.
    %load/vec4 v0x562a34ee3e00_0;
    %load/vec4 v0x562a34ee4170_0;
    %parti/s 2, 28, 6;
    %cmp/e;
    %flag_mov 9, 4;
    %jmp/0 T_1.102, 9;
    %pushi/vec4 0, 0, 1;
    %jmp/1 T_1.103, 9;
T_1.102 ; End of true expr.
    %pushi/vec4 1, 0, 1;
    %jmp/0 T_1.103, 9;
 ; End of false expr.
    %blend;
T_1.103;
    %jmp/0 T_1.101, 8;
 ; End of false expr.
    %blend;
T_1.101;
    %assign/vec4 v0x562a34ee4310_0, 0;
    %load/vec4 v0x562a34ee43d0_0;
    %flag_set/vec4 8;
    %jmp/0 T_1.104, 8;
    %pushi/vec4 1, 0, 1;
    %jmp/1 T_1.105, 8;
T_1.104 ; End of true expr.
    %load/vec4 v0x562a34ee3e00_0;
    %load/vec4 v0x562a34ee4490_0;
    %parti/s 2, 28, 6;
    %cmp/e;
    %flag_mov 9, 4;
    %jmp/0 T_1.106, 9;
    %pushi/vec4 0, 0, 1;
    %jmp/1 T_1.107, 9;
T_1.106 ; End of true expr.
    %pushi/vec4 1, 0, 1;
    %jmp/0 T_1.107, 9;
 ; End of false expr.
    %blend;
T_1.107;
    %jmp/0 T_1.105, 8;
 ; End of false expr.
    %blend;
T_1.105;
    %assign/vec4 v0x562a34ee43d0_0, 0;
    %jmp T_1.35;
T_1.21 ;
    %load/vec4 v0x562a34ee4310_0;
    %flag_set/vec4 8;
    %jmp/0 T_1.108, 8;
    %pushi/vec4 1, 0, 1;
    %jmp/1 T_1.109, 8;
T_1.108 ; End of true expr.
    %load/vec4 v0x562a34ee3e00_0;
    %load/vec4 v0x562a34ee4170_0;
    %parti/s 2, 26, 6;
    %cmp/e;
    %flag_mov 9, 4;
    %jmp/0 T_1.110, 9;
    %pushi/vec4 0, 0, 1;
    %jmp/1 T_1.111, 9;
T_1.110 ; End of true expr.
    %pushi/vec4 1, 0, 1;
    %jmp/0 T_1.111, 9;
 ; End of false expr.
    %blend;
T_1.111;
    %jmp/0 T_1.109, 8;
 ; End of false expr.
    %blend;
T_1.109;
    %assign/vec4 v0x562a34ee4310_0, 0;
    %load/vec4 v0x562a34ee43d0_0;
    %flag_set/vec4 8;
    %jmp/0 T_1.112, 8;
    %pushi/vec4 1, 0, 1;
    %jmp/1 T_1.113, 8;
T_1.112 ; End of true expr.
    %load/vec4 v0x562a34ee3e00_0;
    %load/vec4 v0x562a34ee4490_0;
    %parti/s 2, 26, 6;
    %cmp/e;
    %flag_mov 9, 4;
    %jmp/0 T_1.114, 9;
    %pushi/vec4 0, 0, 1;
    %jmp/1 T_1.115, 9;
T_1.114 ; End of true expr.
    %pushi/vec4 1, 0, 1;
    %jmp/0 T_1.115, 9;
 ; End of false expr.
    %blend;
T_1.115;
    %jmp/0 T_1.113, 8;
 ; End of false expr.
    %blend;
T_1.113;
    %assign/vec4 v0x562a34ee43d0_0, 0;
    %jmp T_1.35;
T_1.22 ;
    %load/vec4 v0x562a34ee4310_0;
    %flag_set/vec4 8;
    %jmp/0 T_1.116, 8;
    %pushi/vec4 1, 0, 1;
    %jmp/1 T_1.117, 8;
T_1.116 ; End of true expr.
    %load/vec4 v0x562a34ee3e00_0;
    %load/vec4 v0x562a34ee4170_0;
    %parti/s 2, 24, 6;
    %cmp/e;
    %flag_mov 9, 4;
    %jmp/0 T_1.118, 9;
    %pushi/vec4 0, 0, 1;
    %jmp/1 T_1.119, 9;
T_1.118 ; End of true expr.
    %pushi/vec4 1, 0, 1;
    %jmp/0 T_1.119, 9;
 ; End of false expr.
    %blend;
T_1.119;
    %jmp/0 T_1.117, 8;
 ; End of false expr.
    %blend;
T_1.117;
    %assign/vec4 v0x562a34ee4310_0, 0;
    %load/vec4 v0x562a34ee43d0_0;
    %flag_set/vec4 8;
    %jmp/0 T_1.120, 8;
    %pushi/vec4 1, 0, 1;
    %jmp/1 T_1.121, 8;
T_1.120 ; End of true expr.
    %load/vec4 v0x562a34ee3e00_0;
    %load/vec4 v0x562a34ee4490_0;
    %parti/s 2, 24, 6;
    %cmp/e;
    %flag_mov 9, 4;
    %jmp/0 T_1.122, 9;
    %pushi/vec4 0, 0, 1;
    %jmp/1 T_1.123, 9;
T_1.122 ; End of true expr.
    %pushi/vec4 1, 0, 1;
    %jmp/0 T_1.123, 9;
 ; End of false expr.
    %blend;
T_1.123;
    %jmp/0 T_1.121, 8;
 ; End of false expr.
    %blend;
T_1.121;
    %assign/vec4 v0x562a34ee43d0_0, 0;
    %jmp T_1.35;
T_1.23 ;
    %load/vec4 v0x562a34ee4310_0;
    %flag_set/vec4 8;
    %jmp/0 T_1.124, 8;
    %pushi/vec4 1, 0, 1;
    %jmp/1 T_1.125, 8;
T_1.124 ; End of true expr.
    %load/vec4 v0x562a34ee3e00_0;
    %load/vec4 v0x562a34ee4170_0;
    %parti/s 2, 22, 6;
    %cmp/e;
    %flag_mov 9, 4;
    %jmp/0 T_1.126, 9;
    %pushi/vec4 0, 0, 1;
    %jmp/1 T_1.127, 9;
T_1.126 ; End of true expr.
    %pushi/vec4 1, 0, 1;
    %jmp/0 T_1.127, 9;
 ; End of false expr.
    %blend;
T_1.127;
    %jmp/0 T_1.125, 8;
 ; End of false expr.
    %blend;
T_1.125;
    %assign/vec4 v0x562a34ee4310_0, 0;
    %load/vec4 v0x562a34ee43d0_0;
    %flag_set/vec4 8;
    %jmp/0 T_1.128, 8;
    %pushi/vec4 1, 0, 1;
    %jmp/1 T_1.129, 8;
T_1.128 ; End of true expr.
    %load/vec4 v0x562a34ee3e00_0;
    %load/vec4 v0x562a34ee4490_0;
    %parti/s 2, 22, 6;
    %cmp/e;
    %flag_mov 9, 4;
    %jmp/0 T_1.130, 9;
    %pushi/vec4 0, 0, 1;
    %jmp/1 T_1.131, 9;
T_1.130 ; End of true expr.
    %pushi/vec4 1, 0, 1;
    %jmp/0 T_1.131, 9;
 ; End of false expr.
    %blend;
T_1.131;
    %jmp/0 T_1.129, 8;
 ; End of false expr.
    %blend;
T_1.129;
    %assign/vec4 v0x562a34ee43d0_0, 0;
    %jmp T_1.35;
T_1.24 ;
    %load/vec4 v0x562a34ee4310_0;
    %flag_set/vec4 8;
    %jmp/0 T_1.132, 8;
    %pushi/vec4 1, 0, 1;
    %jmp/1 T_1.133, 8;
T_1.132 ; End of true expr.
    %load/vec4 v0x562a34ee3e00_0;
    %load/vec4 v0x562a34ee4170_0;
    %parti/s 2, 20, 6;
    %cmp/e;
    %flag_mov 9, 4;
    %jmp/0 T_1.134, 9;
    %pushi/vec4 0, 0, 1;
    %jmp/1 T_1.135, 9;
T_1.134 ; End of true expr.
    %pushi/vec4 1, 0, 1;
    %jmp/0 T_1.135, 9;
 ; End of false expr.
    %blend;
T_1.135;
    %jmp/0 T_1.133, 8;
 ; End of false expr.
    %blend;
T_1.133;
    %assign/vec4 v0x562a34ee4310_0, 0;
    %load/vec4 v0x562a34ee43d0_0;
    %flag_set/vec4 8;
    %jmp/0 T_1.136, 8;
    %pushi/vec4 1, 0, 1;
    %jmp/1 T_1.137, 8;
T_1.136 ; End of true expr.
    %load/vec4 v0x562a34ee3e00_0;
    %load/vec4 v0x562a34ee4490_0;
    %parti/s 2, 20, 6;
    %cmp/e;
    %flag_mov 9, 4;
    %jmp/0 T_1.138, 9;
    %pushi/vec4 0, 0, 1;
    %jmp/1 T_1.139, 9;
T_1.138 ; End of true expr.
    %pushi/vec4 1, 0, 1;
    %jmp/0 T_1.139, 9;
 ; End of false expr.
    %blend;
T_1.139;
    %jmp/0 T_1.137, 8;
 ; End of false expr.
    %blend;
T_1.137;
    %assign/vec4 v0x562a34ee43d0_0, 0;
    %jmp T_1.35;
T_1.25 ;
    %load/vec4 v0x562a34ee4310_0;
    %flag_set/vec4 8;
    %jmp/0 T_1.140, 8;
    %pushi/vec4 1, 0, 1;
    %jmp/1 T_1.141, 8;
T_1.140 ; End of true expr.
    %load/vec4 v0x562a34ee3e00_0;
    %load/vec4 v0x562a34ee4170_0;
    %parti/s 2, 18, 6;
    %cmp/e;
    %flag_mov 9, 4;
    %jmp/0 T_1.142, 9;
    %pushi/vec4 0, 0, 1;
    %jmp/1 T_1.143, 9;
T_1.142 ; End of true expr.
    %pushi/vec4 1, 0, 1;
    %jmp/0 T_1.143, 9;
 ; End of false expr.
    %blend;
T_1.143;
    %jmp/0 T_1.141, 8;
 ; End of false expr.
    %blend;
T_1.141;
    %assign/vec4 v0x562a34ee4310_0, 0;
    %load/vec4 v0x562a34ee43d0_0;
    %flag_set/vec4 8;
    %jmp/0 T_1.144, 8;
    %pushi/vec4 1, 0, 1;
    %jmp/1 T_1.145, 8;
T_1.144 ; End of true expr.
    %load/vec4 v0x562a34ee3e00_0;
    %load/vec4 v0x562a34ee4490_0;
    %parti/s 2, 18, 6;
    %cmp/e;
    %flag_mov 9, 4;
    %jmp/0 T_1.146, 9;
    %pushi/vec4 0, 0, 1;
    %jmp/1 T_1.147, 9;
T_1.146 ; End of true expr.
    %pushi/vec4 1, 0, 1;
    %jmp/0 T_1.147, 9;
 ; End of false expr.
    %blend;
T_1.147;
    %jmp/0 T_1.145, 8;
 ; End of false expr.
    %blend;
T_1.145;
    %assign/vec4 v0x562a34ee43d0_0, 0;
    %jmp T_1.35;
T_1.26 ;
    %load/vec4 v0x562a34ee4310_0;
    %flag_set/vec4 8;
    %jmp/0 T_1.148, 8;
    %pushi/vec4 1, 0, 1;
    %jmp/1 T_1.149, 8;
T_1.148 ; End of true expr.
    %load/vec4 v0x562a34ee3e00_0;
    %load/vec4 v0x562a34ee4170_0;
    %parti/s 2, 16, 6;
    %cmp/e;
    %flag_mov 9, 4;
    %jmp/0 T_1.150, 9;
    %pushi/vec4 0, 0, 1;
    %jmp/1 T_1.151, 9;
T_1.150 ; End of true expr.
    %pushi/vec4 1, 0, 1;
    %jmp/0 T_1.151, 9;
 ; End of false expr.
    %blend;
T_1.151;
    %jmp/0 T_1.149, 8;
 ; End of false expr.
    %blend;
T_1.149;
    %assign/vec4 v0x562a34ee4310_0, 0;
    %load/vec4 v0x562a34ee43d0_0;
    %flag_set/vec4 8;
    %jmp/0 T_1.152, 8;
    %pushi/vec4 1, 0, 1;
    %jmp/1 T_1.153, 8;
T_1.152 ; End of true expr.
    %load/vec4 v0x562a34ee3e00_0;
    %load/vec4 v0x562a34ee4490_0;
    %parti/s 2, 16, 6;
    %cmp/e;
    %flag_mov 9, 4;
    %jmp/0 T_1.154, 9;
    %pushi/vec4 0, 0, 1;
    %jmp/1 T_1.155, 9;
T_1.154 ; End of true expr.
    %pushi/vec4 1, 0, 1;
    %jmp/0 T_1.155, 9;
 ; End of false expr.
    %blend;
T_1.155;
    %jmp/0 T_1.153, 8;
 ; End of false expr.
    %blend;
T_1.153;
    %assign/vec4 v0x562a34ee43d0_0, 0;
    %jmp T_1.35;
T_1.27 ;
    %load/vec4 v0x562a34ee4310_0;
    %flag_set/vec4 8;
    %jmp/0 T_1.156, 8;
    %pushi/vec4 1, 0, 1;
    %jmp/1 T_1.157, 8;
T_1.156 ; End of true expr.
    %load/vec4 v0x562a34ee3e00_0;
    %load/vec4 v0x562a34ee4170_0;
    %parti/s 2, 14, 5;
    %cmp/e;
    %flag_mov 9, 4;
    %jmp/0 T_1.158, 9;
    %pushi/vec4 0, 0, 1;
    %jmp/1 T_1.159, 9;
T_1.158 ; End of true expr.
    %pushi/vec4 1, 0, 1;
    %jmp/0 T_1.159, 9;
 ; End of false expr.
    %blend;
T_1.159;
    %jmp/0 T_1.157, 8;
 ; End of false expr.
    %blend;
T_1.157;
    %assign/vec4 v0x562a34ee4310_0, 0;
    %load/vec4 v0x562a34ee43d0_0;
    %flag_set/vec4 8;
    %jmp/0 T_1.160, 8;
    %pushi/vec4 1, 0, 1;
    %jmp/1 T_1.161, 8;
T_1.160 ; End of true expr.
    %load/vec4 v0x562a34ee3e00_0;
    %load/vec4 v0x562a34ee4490_0;
    %parti/s 2, 14, 5;
    %cmp/e;
    %flag_mov 9, 4;
    %jmp/0 T_1.162, 9;
    %pushi/vec4 0, 0, 1;
    %jmp/1 T_1.163, 9;
T_1.162 ; End of true expr.
    %pushi/vec4 1, 0, 1;
    %jmp/0 T_1.163, 9;
 ; End of false expr.
    %blend;
T_1.163;
    %jmp/0 T_1.161, 8;
 ; End of false expr.
    %blend;
T_1.161;
    %assign/vec4 v0x562a34ee43d0_0, 0;
    %jmp T_1.35;
T_1.28 ;
    %load/vec4 v0x562a34ee4310_0;
    %flag_set/vec4 8;
    %jmp/0 T_1.164, 8;
    %pushi/vec4 1, 0, 1;
    %jmp/1 T_1.165, 8;
T_1.164 ; End of true expr.
    %load/vec4 v0x562a34ee3e00_0;
    %load/vec4 v0x562a34ee4170_0;
    %parti/s 2, 12, 5;
    %cmp/e;
    %flag_mov 9, 4;
    %jmp/0 T_1.166, 9;
    %pushi/vec4 0, 0, 1;
    %jmp/1 T_1.167, 9;
T_1.166 ; End of true expr.
    %pushi/vec4 1, 0, 1;
    %jmp/0 T_1.167, 9;
 ; End of false expr.
    %blend;
T_1.167;
    %jmp/0 T_1.165, 8;
 ; End of false expr.
    %blend;
T_1.165;
    %assign/vec4 v0x562a34ee4310_0, 0;
    %load/vec4 v0x562a34ee43d0_0;
    %flag_set/vec4 8;
    %jmp/0 T_1.168, 8;
    %pushi/vec4 1, 0, 1;
    %jmp/1 T_1.169, 8;
T_1.168 ; End of true expr.
    %load/vec4 v0x562a34ee3e00_0;
    %load/vec4 v0x562a34ee4490_0;
    %parti/s 2, 12, 5;
    %cmp/e;
    %flag_mov 9, 4;
    %jmp/0 T_1.170, 9;
    %pushi/vec4 0, 0, 1;
    %jmp/1 T_1.171, 9;
T_1.170 ; End of true expr.
    %pushi/vec4 1, 0, 1;
    %jmp/0 T_1.171, 9;
 ; End of false expr.
    %blend;
T_1.171;
    %jmp/0 T_1.169, 8;
 ; End of false expr.
    %blend;
T_1.169;
    %assign/vec4 v0x562a34ee43d0_0, 0;
    %jmp T_1.35;
T_1.29 ;
    %load/vec4 v0x562a34ee4310_0;
    %flag_set/vec4 8;
    %jmp/0 T_1.172, 8;
    %pushi/vec4 1, 0, 1;
    %jmp/1 T_1.173, 8;
T_1.172 ; End of true expr.
    %load/vec4 v0x562a34ee3e00_0;
    %load/vec4 v0x562a34ee4170_0;
    %parti/s 2, 10, 5;
    %cmp/e;
    %flag_mov 9, 4;
    %jmp/0 T_1.174, 9;
    %pushi/vec4 0, 0, 1;
    %jmp/1 T_1.175, 9;
T_1.174 ; End of true expr.
    %pushi/vec4 1, 0, 1;
    %jmp/0 T_1.175, 9;
 ; End of false expr.
    %blend;
T_1.175;
    %jmp/0 T_1.173, 8;
 ; End of false expr.
    %blend;
T_1.173;
    %assign/vec4 v0x562a34ee4310_0, 0;
    %load/vec4 v0x562a34ee43d0_0;
    %flag_set/vec4 8;
    %jmp/0 T_1.176, 8;
    %pushi/vec4 1, 0, 1;
    %jmp/1 T_1.177, 8;
T_1.176 ; End of true expr.
    %load/vec4 v0x562a34ee3e00_0;
    %load/vec4 v0x562a34ee4490_0;
    %parti/s 2, 10, 5;
    %cmp/e;
    %flag_mov 9, 4;
    %jmp/0 T_1.178, 9;
    %pushi/vec4 0, 0, 1;
    %jmp/1 T_1.179, 9;
T_1.178 ; End of true expr.
    %pushi/vec4 1, 0, 1;
    %jmp/0 T_1.179, 9;
 ; End of false expr.
    %blend;
T_1.179;
    %jmp/0 T_1.177, 8;
 ; End of false expr.
    %blend;
T_1.177;
    %assign/vec4 v0x562a34ee43d0_0, 0;
    %jmp T_1.35;
T_1.30 ;
    %load/vec4 v0x562a34ee4310_0;
    %flag_set/vec4 8;
    %jmp/0 T_1.180, 8;
    %pushi/vec4 1, 0, 1;
    %jmp/1 T_1.181, 8;
T_1.180 ; End of true expr.
    %load/vec4 v0x562a34ee3e00_0;
    %load/vec4 v0x562a34ee4170_0;
    %parti/s 2, 8, 5;
    %cmp/e;
    %flag_mov 9, 4;
    %jmp/0 T_1.182, 9;
    %pushi/vec4 0, 0, 1;
    %jmp/1 T_1.183, 9;
T_1.182 ; End of true expr.
    %pushi/vec4 1, 0, 1;
    %jmp/0 T_1.183, 9;
 ; End of false expr.
    %blend;
T_1.183;
    %jmp/0 T_1.181, 8;
 ; End of false expr.
    %blend;
T_1.181;
    %assign/vec4 v0x562a34ee4310_0, 0;
    %load/vec4 v0x562a34ee43d0_0;
    %flag_set/vec4 8;
    %jmp/0 T_1.184, 8;
    %pushi/vec4 1, 0, 1;
    %jmp/1 T_1.185, 8;
T_1.184 ; End of true expr.
    %load/vec4 v0x562a34ee3e00_0;
    %load/vec4 v0x562a34ee4490_0;
    %parti/s 2, 8, 5;
    %cmp/e;
    %flag_mov 9, 4;
    %jmp/0 T_1.186, 9;
    %pushi/vec4 0, 0, 1;
    %jmp/1 T_1.187, 9;
T_1.186 ; End of true expr.
    %pushi/vec4 1, 0, 1;
    %jmp/0 T_1.187, 9;
 ; End of false expr.
    %blend;
T_1.187;
    %jmp/0 T_1.185, 8;
 ; End of false expr.
    %blend;
T_1.185;
    %assign/vec4 v0x562a34ee43d0_0, 0;
    %jmp T_1.35;
T_1.31 ;
    %load/vec4 v0x562a34ee4310_0;
    %flag_set/vec4 8;
    %jmp/0 T_1.188, 8;
    %pushi/vec4 1, 0, 1;
    %jmp/1 T_1.189, 8;
T_1.188 ; End of true expr.
    %load/vec4 v0x562a34ee3e00_0;
    %load/vec4 v0x562a34ee4170_0;
    %parti/s 2, 6, 4;
    %cmp/e;
    %flag_mov 9, 4;
    %jmp/0 T_1.190, 9;
    %pushi/vec4 0, 0, 1;
    %jmp/1 T_1.191, 9;
T_1.190 ; End of true expr.
    %pushi/vec4 1, 0, 1;
    %jmp/0 T_1.191, 9;
 ; End of false expr.
    %blend;
T_1.191;
    %jmp/0 T_1.189, 8;
 ; End of false expr.
    %blend;
T_1.189;
    %assign/vec4 v0x562a34ee4310_0, 0;
    %load/vec4 v0x562a34ee43d0_0;
    %flag_set/vec4 8;
    %jmp/0 T_1.192, 8;
    %pushi/vec4 1, 0, 1;
    %jmp/1 T_1.193, 8;
T_1.192 ; End of true expr.
    %load/vec4 v0x562a34ee3e00_0;
    %load/vec4 v0x562a34ee4490_0;
    %parti/s 2, 6, 4;
    %cmp/e;
    %flag_mov 9, 4;
    %jmp/0 T_1.194, 9;
    %pushi/vec4 0, 0, 1;
    %jmp/1 T_1.195, 9;
T_1.194 ; End of true expr.
    %pushi/vec4 1, 0, 1;
    %jmp/0 T_1.195, 9;
 ; End of false expr.
    %blend;
T_1.195;
    %jmp/0 T_1.193, 8;
 ; End of false expr.
    %blend;
T_1.193;
    %assign/vec4 v0x562a34ee43d0_0, 0;
    %jmp T_1.35;
T_1.32 ;
    %load/vec4 v0x562a34ee4310_0;
    %flag_set/vec4 8;
    %jmp/0 T_1.196, 8;
    %pushi/vec4 1, 0, 1;
    %jmp/1 T_1.197, 8;
T_1.196 ; End of true expr.
    %load/vec4 v0x562a34ee3e00_0;
    %load/vec4 v0x562a34ee4170_0;
    %parti/s 2, 4, 4;
    %cmp/e;
    %flag_mov 9, 4;
    %jmp/0 T_1.198, 9;
    %pushi/vec4 0, 0, 1;
    %jmp/1 T_1.199, 9;
T_1.198 ; End of true expr.
    %pushi/vec4 1, 0, 1;
    %jmp/0 T_1.199, 9;
 ; End of false expr.
    %blend;
T_1.199;
    %jmp/0 T_1.197, 8;
 ; End of false expr.
    %blend;
T_1.197;
    %assign/vec4 v0x562a34ee4310_0, 0;
    %load/vec4 v0x562a34ee43d0_0;
    %flag_set/vec4 8;
    %jmp/0 T_1.200, 8;
    %pushi/vec4 1, 0, 1;
    %jmp/1 T_1.201, 8;
T_1.200 ; End of true expr.
    %load/vec4 v0x562a34ee3e00_0;
    %load/vec4 v0x562a34ee4490_0;
    %parti/s 2, 4, 4;
    %cmp/e;
    %flag_mov 9, 4;
    %jmp/0 T_1.202, 9;
    %pushi/vec4 0, 0, 1;
    %jmp/1 T_1.203, 9;
T_1.202 ; End of true expr.
    %pushi/vec4 1, 0, 1;
    %jmp/0 T_1.203, 9;
 ; End of false expr.
    %blend;
T_1.203;
    %jmp/0 T_1.201, 8;
 ; End of false expr.
    %blend;
T_1.201;
    %assign/vec4 v0x562a34ee43d0_0, 0;
    %jmp T_1.35;
T_1.33 ;
    %load/vec4 v0x562a34ee4310_0;
    %flag_set/vec4 8;
    %jmp/0 T_1.204, 8;
    %pushi/vec4 1, 0, 1;
    %jmp/1 T_1.205, 8;
T_1.204 ; End of true expr.
    %load/vec4 v0x562a34ee3e00_0;
    %load/vec4 v0x562a34ee4170_0;
    %parti/s 2, 2, 3;
    %cmp/e;
    %flag_mov 9, 4;
    %jmp/0 T_1.206, 9;
    %pushi/vec4 0, 0, 1;
    %jmp/1 T_1.207, 9;
T_1.206 ; End of true expr.
    %pushi/vec4 1, 0, 1;
    %jmp/0 T_1.207, 9;
 ; End of false expr.
    %blend;
T_1.207;
    %jmp/0 T_1.205, 8;
 ; End of false expr.
    %blend;
T_1.205;
    %assign/vec4 v0x562a34ee4310_0, 0;
    %load/vec4 v0x562a34ee43d0_0;
    %flag_set/vec4 8;
    %jmp/0 T_1.208, 8;
    %pushi/vec4 1, 0, 1;
    %jmp/1 T_1.209, 8;
T_1.208 ; End of true expr.
    %load/vec4 v0x562a34ee3e00_0;
    %load/vec4 v0x562a34ee4490_0;
    %parti/s 2, 2, 3;
    %cmp/e;
    %flag_mov 9, 4;
    %jmp/0 T_1.210, 9;
    %pushi/vec4 0, 0, 1;
    %jmp/1 T_1.211, 9;
T_1.210 ; End of true expr.
    %pushi/vec4 1, 0, 1;
    %jmp/0 T_1.211, 9;
 ; End of false expr.
    %blend;
T_1.211;
    %jmp/0 T_1.209, 8;
 ; End of false expr.
    %blend;
T_1.209;
    %assign/vec4 v0x562a34ee43d0_0, 0;
    %jmp T_1.35;
T_1.34 ;
    %load/vec4 v0x562a34ee4310_0;
    %flag_set/vec4 8;
    %jmp/0 T_1.212, 8;
    %pushi/vec4 1, 0, 1;
    %jmp/1 T_1.213, 8;
T_1.212 ; End of true expr.
    %load/vec4 v0x562a34ee3e00_0;
    %load/vec4 v0x562a34ee4170_0;
    %parti/s 2, 0, 2;
    %cmp/e;
    %flag_mov 9, 4;
    %jmp/0 T_1.214, 9;
    %pushi/vec4 0, 0, 1;
    %jmp/1 T_1.215, 9;
T_1.214 ; End of true expr.
    %pushi/vec4 1, 0, 1;
    %jmp/0 T_1.215, 9;
 ; End of false expr.
    %blend;
T_1.215;
    %jmp/0 T_1.213, 8;
 ; End of false expr.
    %blend;
T_1.213;
    %assign/vec4 v0x562a34ee4310_0, 0;
    %load/vec4 v0x562a34ee43d0_0;
    %flag_set/vec4 8;
    %jmp/0 T_1.216, 8;
    %pushi/vec4 1, 0, 1;
    %jmp/1 T_1.217, 8;
T_1.216 ; End of true expr.
    %load/vec4 v0x562a34ee3e00_0;
    %load/vec4 v0x562a34ee4490_0;
    %parti/s 2, 0, 2;
    %cmp/e;
    %flag_mov 9, 4;
    %jmp/0 T_1.218, 9;
    %pushi/vec4 0, 0, 1;
    %jmp/1 T_1.219, 9;
T_1.218 ; End of true expr.
    %pushi/vec4 1, 0, 1;
    %jmp/0 T_1.219, 9;
 ; End of false expr.
    %blend;
T_1.219;
    %jmp/0 T_1.217, 8;
 ; End of false expr.
    %blend;
T_1.217;
    %assign/vec4 v0x562a34ee43d0_0, 0;
    %jmp T_1.35;
T_1.35 ;
    %pop/vec4 1;
    %load/vec4 v0x562a34ee3d00_0;
    %addi 1, 0, 6;
    %assign/vec4 v0x562a34ee3d00_0, 0;
    %jmp T_1.11;
T_1.10 ;
    %load/vec4 v0x562a34ee3d00_0;
    %pad/u 32;
    %cmpi/u 56, 0, 32;
    %jmp/0xz  T_1.220, 5;
    %load/vec4 v0x562a34ee3d00_0;
    %addi 1, 0, 6;
    %assign/vec4 v0x562a34ee3d00_0, 0;
T_1.220 ;
T_1.11 ;
T_1.8 ;
T_1.3 ;
T_1.1 ;
    %jmp T_1;
    .thread T_1;
    .scope S_0x562a34e5bd80;
T_2 ;
    %delay 10000, 0;
    %load/vec4 v0x562a34ee4b30_0;
    %nor/r;
    %store/vec4 v0x562a34ee4b30_0, 0, 1;
    %jmp T_2;
    .thread T_2;
    .scope S_0x562a34e5bd80;
T_3 ;
    %vpi_call/w 3 29 "$dumpfile", "firewall.vcd" {0 0 0};
    %vpi_call/w 3 30 "$dumpvars", 32'sb00000000000000000000000000000000, S_0x562a34e5bd80 {0 0 0};
    %vpi_call/w 3 31 "$display", "Starting Sim" {0 0 0};
    %pushi/vec4 0, 0, 1;
    %store/vec4 v0x562a34ee4b30_0, 0, 1;
    %pushi/vec4 0, 0, 1;
    %store/vec4 v0x562a34ee4bd0_0, 0, 1;
    %delay 30000, 0;
    %pushi/vec4 1, 0, 1;
    %store/vec4 v0x562a34ee4bd0_0, 0, 1;
    %delay 20000, 0;
    %pushi/vec4 0, 0, 1;
    %store/vec4 v0x562a34ee4bd0_0, 0, 1;
    %delay 20000, 0;
    %fork t_1, S_0x562a34e5bf10;
    %jmp t_0;
    .scope S_0x562a34e5bf10;
t_1 ;
    %pushi/vec4 0, 0, 32;
    %store/vec4 v0x562a34e5c0a0_0, 0, 32;
T_3.0 ;
    %load/vec4 v0x562a34e5c0a0_0;
    %cmpi/s 24, 0, 32;
    %jmp/0xz T_3.1, 5;
    %pushi/vec4 1, 0, 1;
    %assign/vec4 v0x562a34ee4890_0, 0;
    %pushi/vec4 3, 0, 2;
    %assign/vec4 v0x562a34ee47b0_0, 0;
    %delay 20000, 0;
    %load/vec4 v0x562a34e5c0a0_0;
    %addi 1, 0, 32;
    %cast2;
    %store/vec4 v0x562a34e5c0a0_0, 0, 32;
    %jmp T_3.0;
T_3.1 ;
    %end;
    .scope S_0x562a34e5bd80;
t_0 %join;
    %fork t_3, S_0x562a34ee3130;
    %jmp t_2;
    .scope S_0x562a34ee3130;
t_3 ;
    %pushi/vec4 0, 0, 32;
    %store/vec4 v0x562a34ee3330_0, 0, 32;
T_3.2 ;
    %load/vec4 v0x562a34ee3330_0;
    %cmpi/s 24, 0, 32;
    %jmp/0xz T_3.3, 5;
    %load/vec4 v0x562a34ee3330_0;
    %pushi/vec4 3, 0, 32;
    %mod/s;
    %pad/s 2;
    %assign/vec4 v0x562a34ee47b0_0, 0;
    %pushi/vec4 1, 0, 1;
    %assign/vec4 v0x562a34ee4890_0, 0;
    %delay 20000, 0;
    %load/vec4 v0x562a34ee3330_0;
    %addi 1, 0, 32;
    %cast2;
    %store/vec4 v0x562a34ee3330_0, 0, 32;
    %jmp T_3.2;
T_3.3 ;
    %end;
    .scope S_0x562a34e5bd80;
t_2 %join;
    %fork t_5, S_0x562a34ee3410;
    %jmp t_4;
    .scope S_0x562a34ee3410;
t_5 ;
    %pushi/vec4 0, 0, 32;
    %store/vec4 v0x562a34ee35f0_0, 0, 32;
T_3.4 ;
    %load/vec4 v0x562a34ee35f0_0;
    %cmpi/s 8, 0, 32;
    %jmp/0xz T_3.5, 5;
    %pushi/vec4 1, 0, 2;
    %assign/vec4 v0x562a34ee47b0_0, 0;
    %pushi/vec4 1, 0, 1;
    %assign/vec4 v0x562a34ee4890_0, 0;
    %delay 20000, 0;
    %load/vec4 v0x562a34ee35f0_0;
    %addi 1, 0, 32;
    %cast2;
    %store/vec4 v0x562a34ee35f0_0, 0, 32;
    %jmp T_3.4;
T_3.5 ;
    %end;
    .scope S_0x562a34e5bd80;
t_4 %join;
    %fork t_7, S_0x562a34ee36d0;
    %jmp t_6;
    .scope S_0x562a34ee36d0;
t_7 ;
    %pushi/vec4 0, 0, 32;
    %store/vec4 v0x562a34ee38b0_0, 0, 32;
T_3.6 ;
    %load/vec4 v0x562a34ee38b0_0;
    %cmpi/s 50, 0, 32;
    %jmp/0xz T_3.7, 5;
    %load/vec4 v0x562a34ee38b0_0;
    %pushi/vec4 3, 0, 32;
    %mod/s;
    %pad/s 2;
    %assign/vec4 v0x562a34ee47b0_0, 0;
    %pushi/vec4 1, 0, 1;
    %assign/vec4 v0x562a34ee4890_0, 0;
    %delay 20000, 0;
    %load/vec4 v0x562a34ee38b0_0;
    %addi 1, 0, 32;
    %cast2;
    %store/vec4 v0x562a34ee38b0_0, 0, 32;
    %jmp T_3.6;
T_3.7 ;
    %end;
    .scope S_0x562a34e5bd80;
t_6 %join;
    %pushi/vec4 0, 0, 1;
    %assign/vec4 v0x562a34ee4890_0, 0;
    %delay 20000, 0;
    %delay 20000, 0;
    %vpi_call/w 3 68 "$display", "Finishing Sim" {0 0 0};
    %vpi_call/w 3 69 "$finish" {0 0 0};
    %end;
    .thread T_3;
# The file index is used to find the file name in the following table.
:file_names 5;
    "N/A";
    "<interactive>";
    "-";
    "sim/firewall_tb.sv";
    "src/firewall.sv";
